Release 14.7 - xst P.20131013 (lin64)
Copyright (c) 1995-2013 Xilinx, Inc.  All rights reserved.
--> 
Parameter TMPDIR set to xst/projnav.tmp


Total REAL time to Xst completion: 0.00 secs
Total CPU time to Xst completion: 0.04 secs
 
--> 
Parameter xsthdpdir set to xst


Total REAL time to Xst completion: 0.00 secs
Total CPU time to Xst completion: 0.04 secs
 
--> 
Reading design: dem_00_99_ht_7doan.prj

TABLE OF CONTENTS
  1) Synthesis Options Summary
  2) HDL Compilation
  3) Design Hierarchy Analysis
  4) HDL Analysis
  5) HDL Synthesis
     5.1) HDL Synthesis Report
  6) Advanced HDL Synthesis
     6.1) Advanced HDL Synthesis Report
  7) Low Level Synthesis
  8) Partition Report
  9) Final Report
	9.1) Device utilization summary
	9.2) Partition Resource Summary
	9.3) TIMING REPORT


=========================================================================
*                      Synthesis Options Summary                        *
=========================================================================
---- Source Parameters
Input File Name                    : "dem_00_99_ht_7doan.prj"
Input Format                       : mixed
Ignore Synthesis Constraint File   : NO

---- Target Parameters
Output File Name                   : "dem_00_99_ht_7doan"
Output Format                      : NGC
Target Device                      : xc3s500e-5-pq208

---- Source Options
Top Module Name                    : dem_00_99_ht_7doan
Automatic FSM Extraction           : YES
FSM Encoding Algorithm             : Auto
Safe Implementation                : No
FSM Style                          : LUT
RAM Extraction                     : Yes
RAM Style                          : Auto
ROM Extraction                     : Yes
Mux Style                          : Auto
Decoder Extraction                 : YES
Priority Encoder Extraction        : Yes
Shift Register Extraction          : YES
Logical Shifter Extraction         : YES
XOR Collapsing                     : YES
ROM Style                          : Auto
Mux Extraction                     : Yes
Resource Sharing                   : YES
Asynchronous To Synchronous        : NO
Multiplier Style                   : Auto
Automatic Register Balancing       : No

---- Target Options
Add IO Buffers                     : YES
Global Maximum Fanout              : 500
Add Generic Clock Buffer(BUFG)     : 24
Register Duplication               : YES
Slice Packing                      : YES
Optimize Instantiated Primitives   : NO
Use Clock Enable                   : Yes
Use Synchronous Set                : Yes
Use Synchronous Reset              : Yes
Pack IO Registers into IOBs        : Auto
Equivalent register Removal        : YES

---- General Options
Optimization Goal                  : Speed
Optimization Effort                : 1
Keep Hierarchy                     : No
Netlist Hierarchy                  : As_Optimized
RTL Output                         : Yes
Global Optimization                : AllClockNets
Read Cores                         : YES
Write Timing Constraints           : NO
Cross Clock Analysis               : NO
Hierarchy Separator                : /
Bus Delimiter                      : <>
Case Specifier                     : Maintain
Slice Utilization Ratio            : 100
BRAM Utilization Ratio             : 100
Verilog 2001                       : YES
Auto BRAM Packing                  : NO
Slice Utilization Ratio Delta      : 5

=========================================================================


=========================================================================
*                          HDL Compilation                              *
=========================================================================
Compiling vhdl file "/home/ise/BT_ISE_XILINX/bai_502_dem_00_99_ht_7doan/chia_10ena.vhd" in Library work.
Architecture behavioral of Entity chia_10ena is up to date.
Compiling vhdl file "/home/ise/BT_ISE_XILINX/bai_502_dem_00_99_ht_7doan/dem_2so.vhd" in Library work.
Architecture behavioral of Entity dem_2so is up to date.
Compiling vhdl file "/home/ise/BT_ISE_XILINX/bai_502_dem_00_99_ht_7doan/dem_1bit.vhd" in Library work.
Architecture behavioral of Entity dem_1bit is up to date.
Compiling vhdl file "/home/ise/BT_ISE_XILINX/bai_502_dem_00_99_ht_7doan/dahop_2kenh.vhd" in Library work.
Architecture behavioral of Entity dahop_2kenh is up to date.
Compiling vhdl file "/home/ise/BT_ISE_XILINX/bai_502_dem_00_99_ht_7doan/giaima_12h.vhd" in Library work.
Architecture behavioral of Entity giaima_12h is up to date.
Compiling vhdl file "/home/ise/BT_ISE_XILINX/bai_502_dem_00_99_ht_7doan/giaima_7doan.vhd" in Library work.
Architecture behavioral of Entity giaima_7doan is up to date.
Compiling vhdl file "/home/ise/BT_ISE_XILINX/bai_502_dem_00_99_ht_7doan/dem_00_99_ht_7doan.vhd" in Library work.
Entity <dem_00_99_ht_7doan> compiled.
Entity <dem_00_99_ht_7doan> (Architecture <behavioral>) compiled.

=========================================================================
*                     Design Hierarchy Analysis                         *
=========================================================================
Analyzing hierarchy for entity <dem_00_99_ht_7doan> in library <work> (architecture <behavioral>).

Analyzing hierarchy for entity <chia_10ena> in library <work> (architecture <Behavioral>).

Analyzing hierarchy for entity <dem_2so> in library <work> (architecture <Behavioral>).

Analyzing hierarchy for entity <dem_1bit> in library <work> (architecture <Behavioral>).

Analyzing hierarchy for entity <dahop_2kenh> in library <work> (architecture <Behavioral>).

Analyzing hierarchy for entity <giaima_12h> in library <work> (architecture <Behavioral>).

Analyzing hierarchy for entity <giaima_7doan> in library <work> (architecture <Behavioral>).


=========================================================================
*                            HDL Analysis                               *
=========================================================================
Analyzing Entity <dem_00_99_ht_7doan> in library <work> (Architecture <behavioral>).
Entity <dem_00_99_ht_7doan> analyzed. Unit <dem_00_99_ht_7doan> generated.

Analyzing Entity <chia_10ena> in library <work> (Architecture <Behavioral>).
Entity <chia_10ena> analyzed. Unit <chia_10ena> generated.

Analyzing Entity <dem_2so> in library <work> (Architecture <Behavioral>).
Entity <dem_2so> analyzed. Unit <dem_2so> generated.

Analyzing Entity <dem_1bit> in library <work> (Architecture <Behavioral>).
Entity <dem_1bit> analyzed. Unit <dem_1bit> generated.

Analyzing Entity <dahop_2kenh> in library <work> (Architecture <Behavioral>).
Entity <dahop_2kenh> analyzed. Unit <dahop_2kenh> generated.

Analyzing Entity <giaima_12h> in library <work> (Architecture <Behavioral>).
Entity <giaima_12h> analyzed. Unit <giaima_12h> generated.

Analyzing Entity <giaima_7doan> in library <work> (Architecture <Behavioral>).
Entity <giaima_7doan> analyzed. Unit <giaima_7doan> generated.


=========================================================================
*                           HDL Synthesis                               *
=========================================================================

Performing bidirectional port resolution...

Synthesizing Unit <chia_10ena>.
    Related source file is "/home/ise/BT_ISE_XILINX/bai_502_dem_00_99_ht_7doan/chia_10ena.vhd".
    Found 16-bit adder for signal <d1khz_n$addsub0000> created at line 53.
    Found 16-bit register for signal <d1khz_r>.
    Found 24-bit up counter for signal <d5hz_r>.
    Summary:
	inferred   1 Counter(s).
	inferred  16 D-type flip-flop(s).
	inferred   1 Adder/Subtractor(s).
Unit <chia_10ena> synthesized.


Synthesizing Unit <dem_2so>.
    Related source file is "/home/ise/BT_ISE_XILINX/bai_502_dem_00_99_ht_7doan/dem_2so.vhd".
    Found 4-bit up counter for signal <chuc_r>.
    Found 4-bit up counter for signal <donvi_r>.
    Summary:
	inferred   2 Counter(s).
Unit <dem_2so> synthesized.


Synthesizing Unit <dem_1bit>.
    Related source file is "/home/ise/BT_ISE_XILINX/bai_502_dem_00_99_ht_7doan/dem_1bit.vhd".
    Found 1-bit register for signal <q_r>.
    Summary:
	inferred   1 D-type flip-flop(s).
Unit <dem_1bit> synthesized.


Synthesizing Unit <dahop_2kenh>.
    Related source file is "/home/ise/BT_ISE_XILINX/bai_502_dem_00_99_ht_7doan/dahop_2kenh.vhd".
Unit <dahop_2kenh> synthesized.


Synthesizing Unit <giaima_12h>.
    Related source file is "/home/ise/BT_ISE_XILINX/bai_502_dem_00_99_ht_7doan/giaima_12h.vhd".
Unit <giaima_12h> synthesized.


Synthesizing Unit <giaima_7doan>.
    Related source file is "/home/ise/BT_ISE_XILINX/bai_502_dem_00_99_ht_7doan/giaima_7doan.vhd".
    Found 16x7-bit ROM for signal <sseg>.
    Summary:
	inferred   1 ROM(s).
Unit <giaima_7doan> synthesized.


Synthesizing Unit <dem_00_99_ht_7doan>.
    Related source file is "/home/ise/BT_ISE_XILINX/bai_502_dem_00_99_ht_7doan/dem_00_99_ht_7doan.vhd".
Unit <dem_00_99_ht_7doan> synthesized.


=========================================================================
HDL Synthesis Report

Macro Statistics
# ROMs                                                 : 1
 16x7-bit ROM                                          : 1
# Adders/Subtractors                                   : 1
 16-bit adder                                          : 1
# Counters                                             : 3
 24-bit up counter                                     : 1
 4-bit up counter                                      : 2
# Registers                                            : 2
 1-bit register                                        : 1
 16-bit register                                       : 1

=========================================================================

=========================================================================
*                       Advanced HDL Synthesis                          *
=========================================================================


=========================================================================
Advanced HDL Synthesis Report

Macro Statistics
# ROMs                                                 : 1
 16x7-bit ROM                                          : 1
# Adders/Subtractors                                   : 1
 16-bit adder                                          : 1
# Counters                                             : 3
 24-bit up counter                                     : 1
 4-bit up counter                                      : 2
# Registers                                            : 17
 Flip-Flops                                            : 17

=========================================================================

=========================================================================
*                         Low Level Synthesis                           *
=========================================================================

Optimizing unit <dem_00_99_ht_7doan> ...

Optimizing unit <chia_10ena> ...

Mapping all equations...
Building and optimizing final netlist ...
Found area constraint ratio of 100 (+ 5) on block dem_00_99_ht_7doan, actual ratio is 0.

Final Macro Processing ...

=========================================================================
Final Register Report

Macro Statistics
# Registers                                            : 49
 Flip-Flops                                            : 49

=========================================================================

=========================================================================
*                           Partition Report                            *
=========================================================================

Partition Implementation Status
-------------------------------

  No Partitions were found in this design.

-------------------------------

=========================================================================
*                            Final Report                               *
=========================================================================
Final Results
RTL Top Level Output File Name     : dem_00_99_ht_7doan.ngr
Top Level Output File Name         : dem_00_99_ht_7doan
Output Format                      : NGC
Optimization Goal                  : Speed
Keep Hierarchy                     : No

Design Statistics
# IOs                              : 12

Cell Usage :
# BELS                             : 164
#      GND                         : 1
#      INV                         : 6
#      LUT1                        : 38
#      LUT2                        : 1
#      LUT3                        : 6
#      LUT3_L                      : 1
#      LUT4                        : 24
#      LUT4_D                      : 1
#      LUT4_L                      : 1
#      MUXCY                       : 44
#      VCC                         : 1
#      XORCY                       : 40
# FlipFlops/Latches                : 49
#      FD                          : 24
#      FDCE                        : 8
#      FDE_1                       : 1
#      FDR_1                       : 16
# Clock Buffers                    : 1
#      BUFGP                       : 1
# IO Buffers                       : 11
#      IBUF                        : 2
#      OBUF                        : 9
=========================================================================

Device utilization summary:
---------------------------

Selected Device : 3s500epq208-5 

 Number of Slices:                       39  out of   4656     0%  
 Number of Slice Flip Flops:             49  out of   9312     0%  
 Number of 4 input LUTs:                 78  out of   9312     0%  
 Number of IOs:                          12
 Number of bonded IOBs:                  12  out of    158     7%  
 Number of GCLKs:                         1  out of     24     4%  

---------------------------
Partition Resource Summary:
---------------------------

  No Partitions were found in this design.

---------------------------


=========================================================================
TIMING REPORT

NOTE: THESE TIMING NUMBERS ARE ONLY A SYNTHESIS ESTIMATE.
      FOR ACCURATE TIMING INFORMATION PLEASE REFER TO THE TRACE REPORT
      GENERATED AFTER PLACE-and-ROUTE.

Clock Information:
------------------
-----------------------------------+------------------------+-------+
Clock Signal                       | Clock buffer(FF name)  | Load  |
-----------------------------------+------------------------+-------+
ckht                               | BUFGP                  | 49    |
-----------------------------------+------------------------+-------+

Asynchronous Control Signals Information:
----------------------------------------
-----------------------------------+------------------------+-------+
Control Signal                     | Buffer(FF name)        | Load  |
-----------------------------------+------------------------+-------+
btn0                               | IBUF                   | 8     |
-----------------------------------+------------------------+-------+

Timing Summary:
---------------
Speed Grade: -5

   Minimum period: 4.710ns (Maximum Frequency: 212.298MHz)
   Minimum input arrival time before clock: 3.974ns
   Maximum output required time after clock: 6.738ns
   Maximum combinational path delay: No path found

Timing Detail:
--------------
All values displayed in nanoseconds (ns)

=========================================================================
Timing constraint: Default period analysis for Clock 'ckht'
  Clock period: 4.710ns (frequency: 212.298MHz)
  Total number of paths / destination ports: 941 / 74
-------------------------------------------------------------------------
Delay:               4.710ns (Levels of Logic = 8)
  Source:            IC1/d5hz_r_8 (FF)
  Destination:       IC2/donvi_r_0 (FF)
  Source Clock:      ckht falling
  Destination Clock: ckht falling

  Data Path: IC1/d5hz_r_8 to IC2/donvi_r_0
                                Gate     Net
    Cell:in->out      fanout   Delay   Delay  Logical Name (Net Name)
    ----------------------------------------  ------------
     FD:C->Q               2   0.514   0.532  IC1/d5hz_r_8 (IC1/d5hz_r_8)
     LUT4:I0->O            1   0.612   0.000  IC1/ena5hz_cmp_eq0000_wg_lut<0> (IC1/ena5hz_cmp_eq0000_wg_lut<0>)
     MUXCY:S->O            1   0.404   0.000  IC1/ena5hz_cmp_eq0000_wg_cy<0> (IC1/ena5hz_cmp_eq0000_wg_cy<0>)
     MUXCY:CI->O           1   0.052   0.000  IC1/ena5hz_cmp_eq0000_wg_cy<1> (IC1/ena5hz_cmp_eq0000_wg_cy<1>)
     MUXCY:CI->O           1   0.052   0.000  IC1/ena5hz_cmp_eq0000_wg_cy<2> (IC1/ena5hz_cmp_eq0000_wg_cy<2>)
     MUXCY:CI->O           1   0.052   0.000  IC1/ena5hz_cmp_eq0000_wg_cy<3> (IC1/ena5hz_cmp_eq0000_wg_cy<3>)
     MUXCY:CI->O           1   0.052   0.000  IC1/ena5hz_cmp_eq0000_wg_cy<4> (IC1/ena5hz_cmp_eq0000_wg_cy<4>)
     MUXCY:CI->O           2   0.399   0.449  IC1/ena5hz_cmp_eq0000_wg_cy<5> (IC1/ena5hz_cmp_eq0000_wg_cy<5>)
     LUT2:I1->O            4   0.612   0.499  IC2/ena1 (IC2/ena)
     FDCE:CE                   0.483          IC2/donvi_r_0
    ----------------------------------------
    Total                      4.710ns (3.231ns logic, 1.480ns route)
                                       (68.6% logic, 31.4% route)

=========================================================================
Timing constraint: Default OFFSET IN BEFORE for Clock 'ckht'
  Total number of paths / destination ports: 8 / 8
-------------------------------------------------------------------------
Offset:              3.974ns (Levels of Logic = 3)
  Source:            sw0 (PAD)
  Destination:       IC2/chuc_r_0 (FF)
  Destination Clock: ckht falling

  Data Path: sw0 to IC2/chuc_r_0
                                Gate     Net
    Cell:in->out      fanout   Delay   Delay  Logical Name (Net Name)
    ----------------------------------------  ------------
     IBUF:I->O             2   1.106   0.532  sw0_IBUF (sw0_IBUF)
     LUT3_L:I0->LO         1   0.612   0.130  IC2/chuc_r_not0002_SW0 (N17)
     LUT4:I2->O            4   0.612   0.499  IC2/chuc_r_not0002 (IC2/chuc_r_not0002)
     FDCE:CE                   0.483          IC2/chuc_r_0
    ----------------------------------------
    Total                      3.974ns (2.813ns logic, 1.161ns route)
                                       (70.8% logic, 29.2% route)

=========================================================================
Timing constraint: Default OFFSET OUT AFTER for Clock 'ckht'
  Total number of paths / destination ports: 86 / 9
-------------------------------------------------------------------------
Offset:              6.738ns (Levels of Logic = 3)
  Source:            IC3/q_r (FF)
  Destination:       sseg<6> (PAD)
  Source Clock:      ckht falling

  Data Path: IC3/q_r to sseg<6>
                                Gate     Net
    Cell:in->out      fanout   Delay   Delay  Logical Name (Net Name)
    ----------------------------------------  ------------
     FDE_1:C->Q            6   0.514   0.721  IC3/q_r (IC3/q_r)
     LUT3:I0->O            7   0.612   0.754  IC4/o<3>1 (so_gma<3>)
     LUT4:I0->O            1   0.612   0.357  IC6/Mrom_sseg21 (sseg_2_OBUF)
     OBUF:I->O                 3.169          sseg_2_OBUF (sseg<2>)
    ----------------------------------------
    Total                      6.738ns (4.907ns logic, 1.831ns route)
                                       (72.8% logic, 27.2% route)

=========================================================================


Total REAL time to Xst completion: 6.00 secs
Total CPU time to Xst completion: 5.15 secs
 
--> 


Total memory usage is 610728 kilobytes

Number of errors   :    0 (   0 filtered)
Number of warnings :    0 (   0 filtered)
Number of infos    :    0 (   0 filtered)

