--------------------------------------------------------------------------------
Release 14.7 Trace  (nt64)
Copyright (c) 1995-2013 Xilinx, Inc.  All rights reserved.

C:\Xilinx\14.7\ISE_DS\ISE\bin\nt64\unwrapped\trce.exe -intstyle ise -v 3 -s 5
-n 3 -fastpaths -xml DEM_2SO_HT_LCD_SO_TO_XVN.twx DEM_2SO_HT_LCD_SO_TO_XVN.ncd
-o DEM_2SO_HT_LCD_SO_TO_XVN.twr DEM_2SO_HT_LCD_SO_TO_XVN.pcf -ucf
KIT_XC3S500E_PQ208.ucf

Design file:              DEM_2SO_HT_LCD_SO_TO_XVN.ncd
Physical constraint file: DEM_2SO_HT_LCD_SO_TO_XVN.pcf
Device,package,speed:     xc3s500e,pq208,-5 (PRODUCTION 1.27 2013-10-13)
Report level:             verbose report

Environment Variable      Effect 
--------------------      ------ 
NONE                      No environment variables were set
--------------------------------------------------------------------------------

INFO:Timing:2698 - No timing constraints found, doing default enumeration.
INFO:Timing:3412 - To improve timing, see the Timing Closure User Guide (UG612).
INFO:Timing:2752 - To get complete path coverage, use the unconstrained paths 
   option. All paths that are not constrained will be reported in the 
   unconstrained paths section(s) of the report.
INFO:Timing:3339 - The clock-to-out numbers in this timing report are based on 
   a 50 Ohm transmission line loading model.  For the details of this model, 
   and for more information on accounting for different loading conditions, 
   please see the device datasheet.
INFO:Timing:3390 - This architecture does not support a default System Jitter 
   value, please add SYSTEM_JITTER constraint to the UCF to modify the Clock 
   Uncertainty calculation.
INFO:Timing:3389 - This architecture does not support 'Discrete Jitter' and 
   'Phase Error' calculations, these terms will be zero in the Clock 
   Uncertainty calculation.  Please make appropriate modification to 
   SYSTEM_JITTER to account for the unsupported Discrete Jitter and Phase 
   Error.



Data Sheet report:
-----------------
All values displayed in nanoseconds (ns)

Setup/Hold to clock CKHT
------------+------------+------------+------------------+--------+
            |Max Setup to|Max Hold to |                  | Clock  |
Source      | clk (edge) | clk (edge) |Internal Clock(s) | Phase  |
------------+------------+------------+------------------+--------+
BTN<0>      |    5.674(R)|   -0.670(R)|CKHT_BUFGP        |   0.000|
            |    5.973(F)|   -0.386(F)|CKHT_BUFGP        |   0.000|
BTN<1>      |    2.109(F)|    0.330(F)|CKHT_BUFGP        |   0.000|
BTN<2>      |    4.685(F)|   -0.598(F)|CKHT_BUFGP        |   0.000|
SW<0>       |    7.537(R)|   -1.559(R)|CKHT_BUFGP        |   0.000|
SW<1>       |    5.134(R)|   -1.083(R)|CKHT_BUFGP        |   0.000|
------------+------------+------------+------------------+--------+

Clock CKHT to Pad
------------+------------+------------------+--------+
            | clk (edge) |                  | Clock  |
Destination |   to PAD   |Internal Clock(s) | Phase  |
------------+------------+------------------+--------+
LCD_DB<0>   |    8.560(F)|CKHT_BUFGP        |   0.000|
LCD_DB<1>   |    8.852(F)|CKHT_BUFGP        |   0.000|
LCD_DB<2>   |    9.139(F)|CKHT_BUFGP        |   0.000|
LCD_DB<3>   |    8.320(F)|CKHT_BUFGP        |   0.000|
LCD_DB<4>   |    7.982(F)|CKHT_BUFGP        |   0.000|
LCD_DB<5>   |    8.353(F)|CKHT_BUFGP        |   0.000|
LCD_DB<6>   |    7.587(F)|CKHT_BUFGP        |   0.000|
LCD_DB<7>   |    7.353(F)|CKHT_BUFGP        |   0.000|
LCD_E       |    8.360(F)|CKHT_BUFGP        |   0.000|
LCD_RS      |    7.629(F)|CKHT_BUFGP        |   0.000|
------------+------------+------------------+--------+

Clock to Setup on destination clock CKHT
---------------+---------+---------+---------+---------+
               | Src:Rise| Src:Fall| Src:Rise| Src:Fall|
Source Clock   |Dest:Rise|Dest:Rise|Dest:Fall|Dest:Fall|
---------------+---------+---------+---------+---------+
CKHT           |    7.482|    9.082|    8.567|   10.487|
---------------+---------+---------+---------+---------+

Pad to Pad
---------------+---------------+---------+
Source Pad     |Destination Pad|  Delay  |
---------------+---------------+---------+
SWP            |LCD_P          |    6.851|
---------------+---------------+---------+


Analysis completed Fri Apr 14 09:43:14 2023 
--------------------------------------------------------------------------------

Trace Settings:
-------------------------
Trace Settings 

Peak Memory Usage: 4525 MB



