Release 14.7 - xst P.20131013 (nt64)
Copyright (c) 1995-2013 Xilinx, Inc.  All rights reserved.
--> Parameter TMPDIR set to xst/projnav.tmp


Total REAL time to Xst completion: 0.00 secs
Total CPU time to Xst completion: 0.14 secs
 
--> Parameter xsthdpdir set to xst


Total REAL time to Xst completion: 0.00 secs
Total CPU time to Xst completion: 0.14 secs
 
--> Reading design: DONG_HO_GPG_3KEY_NN.prj

TABLE OF CONTENTS
  1) Synthesis Options Summary
  2) HDL Compilation
  3) Design Hierarchy Analysis
  4) HDL Analysis
  5) HDL Synthesis
     5.1) HDL Synthesis Report
  6) Advanced HDL Synthesis
     6.1) Advanced HDL Synthesis Report
  7) Low Level Synthesis
  8) Partition Report
  9) Final Report
	9.1) Device utilization summary
	9.2) Partition Resource Summary
	9.3) TIMING REPORT


=========================================================================
*                      Synthesis Options Summary                        *
=========================================================================
---- Source Parameters
Input File Name                    : "DONG_HO_GPG_3KEY_NN.prj"
Input Format                       : mixed
Ignore Synthesis Constraint File   : NO

---- Target Parameters
Output File Name                   : "DONG_HO_GPG_3KEY_NN"
Output Format                      : NGC
Target Device                      : xc3s500e-5-pq208

---- Source Options
Top Module Name                    : DONG_HO_GPG_3KEY_NN
Automatic FSM Extraction           : YES
FSM Encoding Algorithm             : Auto
Safe Implementation                : No
FSM Style                          : LUT
RAM Extraction                     : Yes
RAM Style                          : Auto
ROM Extraction                     : Yes
Mux Style                          : Auto
Decoder Extraction                 : YES
Priority Encoder Extraction        : Yes
Shift Register Extraction          : YES
Logical Shifter Extraction         : YES
XOR Collapsing                     : YES
ROM Style                          : Auto
Mux Extraction                     : Yes
Resource Sharing                   : YES
Asynchronous To Synchronous        : NO
Multiplier Style                   : Auto
Automatic Register Balancing       : No

---- Target Options
Add IO Buffers                     : YES
Global Maximum Fanout              : 100000
Add Generic Clock Buffer(BUFG)     : 24
Register Duplication               : YES
Slice Packing                      : YES
Optimize Instantiated Primitives   : NO
Use Clock Enable                   : Yes
Use Synchronous Set                : Yes
Use Synchronous Reset              : Yes
Pack IO Registers into IOBs        : Auto
Equivalent register Removal        : YES

---- General Options
Optimization Goal                  : Speed
Optimization Effort                : 1
Keep Hierarchy                     : No
Netlist Hierarchy                  : As_Optimized
RTL Output                         : Yes
Global Optimization                : AllClockNets
Read Cores                         : YES
Write Timing Constraints           : NO
Cross Clock Analysis               : NO
Hierarchy Separator                : /
Bus Delimiter                      : <>
Case Specifier                     : Maintain
Slice Utilization Ratio            : 100
BRAM Utilization Ratio             : 100
Verilog 2001                       : YES
Auto BRAM Packing                  : NO
Slice Utilization Ratio Delta      : 5

=========================================================================


=========================================================================
*                          HDL Compilation                              *
=========================================================================
Compiling vhdl file "C:/.Xilinx/BAI_618_DONG_HO_GPG_3KEY_NN/DEBOUNCE_BTN.vhd" in Library work.
Architecture behavioral of Entity debounce_btn is up to date.
Compiling vhdl file "C:/.Xilinx/BAI_618_DONG_HO_GPG_3KEY_NN/LAM_HEP_XUNG.vhd" in Library work.
Architecture behavioral of Entity lam_hep_xung is up to date.
Compiling vhdl file "C:/.Xilinx/BAI_618_DONG_HO_GPG_3KEY_NN/DEM_2BIT.vhd" in Library work.
Architecture behavioral of Entity dem_2bit is up to date.
Compiling vhdl file "C:/.Xilinx/BAI_618_DONG_HO_GPG_3KEY_NN/HEXTOBCD_6BIT.vhd" in Library work.
Architecture behavioral of Entity hextobcd_6bit is up to date.
Compiling vhdl file "C:/.Xilinx/BAI_618_DONG_HO_GPG_3KEY_NN/XULY_MOD.vhd" in Library work.
Architecture behavioral of Entity xuly_mod is up to date.
Compiling vhdl file "C:/.Xilinx/BAI_618_DONG_HO_GPG_3KEY_NN/RESET_GT_MOD.vhd" in Library work.
Architecture behavioral of Entity reset_gt_mod is up to date.
Compiling vhdl file "C:/.Xilinx/BAI_618_DONG_HO_GPG_3KEY_NN/DEM_GPG_MUD.vhd" in Library work.
Architecture behavioral of Entity dem_gpg_mud is up to date.
Compiling vhdl file "C:/.Xilinx/BAI_618_DONG_HO_GPG_3KEY_NN/CHIA_10ENA.vhd" in Library work.
Architecture behavioral of Entity chia_10ena is up to date.
Compiling vhdl file "C:/.Xilinx/BAI_618_DONG_HO_GPG_3KEY_NN/DEM_GPG_3KEY_NN.vhd" in Library work.
Entity <dem_gpg_3key_nn> compiled.
Entity <dem_gpg_3key_nn> (Architecture <behavioral>) compiled.
Compiling vhdl file "C:/.Xilinx/BAI_618_DONG_HO_GPG_3KEY_NN/HEXTOBCD_GPG.vhd" in Library work.
Architecture behavioral of Entity hextobcd_gpg is up to date.
Compiling vhdl file "C:/.Xilinx/BAI_618_DONG_HO_GPG_3KEY_NN/LCD_GAN_DULIEU_GPG_NN.vhd" in Library work.
Entity <lcd_gan_dulieu_gpg_nn> compiled.
Entity <lcd_gan_dulieu_gpg_nn> (Architecture <behavioral>) compiled.
Compiling vhdl file "C:/.Xilinx/BAI_618_DONG_HO_GPG_3KEY_NN/LCD_KHOITAO_HIENTHI.vhd" in Library work.
Architecture behavioral of Entity lcd_khoitao_hienthi is up to date.
Compiling vhdl file "C:/.Xilinx/BAI_618_DONG_HO_GPG_3KEY_NN/DONG_HO_GPG_3KEY_NN.vhd" in Library work.
Entity <dong_ho_gpg_3key_nn> compiled.
Entity <dong_ho_gpg_3key_nn> (Architecture <behavioral>) compiled.

=========================================================================
*                     Design Hierarchy Analysis                         *
=========================================================================
Analyzing hierarchy for entity <DONG_HO_GPG_3KEY_NN> in library <work> (architecture <behavioral>).

Analyzing hierarchy for entity <CHIA_10ENA> in library <work> (architecture <Behavioral>).

Analyzing hierarchy for entity <DEM_GPG_3KEY_NN> in library <work> (architecture <Behavioral>).

Analyzing hierarchy for entity <HEXTOBCD_GPG> in library <work> (architecture <Behavioral>).

Analyzing hierarchy for entity <LCD_GAN_DULIEU_GPG_NN> in library <work> (architecture <Behavioral>).

Analyzing hierarchy for entity <LCD_KHOITAO_HIENTHI> in library <work> (architecture <Behavioral>).

Analyzing hierarchy for entity <DEBOUNCE_BTN> in library <work> (architecture <Behavioral>).

Analyzing hierarchy for entity <XULY_MOD> in library <work> (architecture <Behavioral>).

Analyzing hierarchy for entity <RESET_GT_MOD> in library <work> (architecture <Behavioral>).

Analyzing hierarchy for entity <DEM_GPG_MUD> in library <work> (architecture <Behavioral>).

Analyzing hierarchy for entity <HEXTOBCD_6BIT> in library <work> (architecture <Behavioral>).

Analyzing hierarchy for entity <DEBOUNCE_BTN> in library <work> (architecture <Behavioral>).

Analyzing hierarchy for entity <LAM_HEP_XUNG> in library <work> (architecture <Behavioral>).

Analyzing hierarchy for entity <DEM_2BIT> in library <work> (architecture <Behavioral>).


=========================================================================
*                            HDL Analysis                               *
=========================================================================
Analyzing Entity <DONG_HO_GPG_3KEY_NN> in library <work> (Architecture <behavioral>).
Entity <DONG_HO_GPG_3KEY_NN> analyzed. Unit <DONG_HO_GPG_3KEY_NN> generated.

Analyzing Entity <CHIA_10ENA> in library <work> (Architecture <Behavioral>).
Entity <CHIA_10ENA> analyzed. Unit <CHIA_10ENA> generated.

Analyzing Entity <DEM_GPG_3KEY_NN> in library <work> (Architecture <Behavioral>).
Entity <DEM_GPG_3KEY_NN> analyzed. Unit <DEM_GPG_3KEY_NN> generated.

Analyzing Entity <DEBOUNCE_BTN> in library <work> (Architecture <Behavioral>).
Entity <DEBOUNCE_BTN> analyzed. Unit <DEBOUNCE_BTN> generated.

Analyzing Entity <XULY_MOD> in library <work> (Architecture <Behavioral>).
Entity <XULY_MOD> analyzed. Unit <XULY_MOD> generated.

Analyzing Entity <LAM_HEP_XUNG> in library <work> (Architecture <Behavioral>).
Entity <LAM_HEP_XUNG> analyzed. Unit <LAM_HEP_XUNG> generated.

Analyzing Entity <DEM_2BIT> in library <work> (Architecture <Behavioral>).
Entity <DEM_2BIT> analyzed. Unit <DEM_2BIT> generated.

Analyzing Entity <RESET_GT_MOD> in library <work> (Architecture <Behavioral>).
Entity <RESET_GT_MOD> analyzed. Unit <RESET_GT_MOD> generated.

Analyzing Entity <DEM_GPG_MUD> in library <work> (Architecture <Behavioral>).
Entity <DEM_GPG_MUD> analyzed. Unit <DEM_GPG_MUD> generated.

Analyzing Entity <HEXTOBCD_GPG> in library <work> (Architecture <Behavioral>).
Entity <HEXTOBCD_GPG> analyzed. Unit <HEXTOBCD_GPG> generated.

Analyzing Entity <HEXTOBCD_6BIT> in library <work> (Architecture <Behavioral>).
Entity <HEXTOBCD_6BIT> analyzed. Unit <HEXTOBCD_6BIT> generated.

Analyzing Entity <LCD_GAN_DULIEU_GPG_NN> in library <work> (Architecture <Behavioral>).
Entity <LCD_GAN_DULIEU_GPG_NN> analyzed. Unit <LCD_GAN_DULIEU_GPG_NN> generated.

Analyzing Entity <LCD_KHOITAO_HIENTHI> in library <work> (Architecture <Behavioral>).
Entity <LCD_KHOITAO_HIENTHI> analyzed. Unit <LCD_KHOITAO_HIENTHI> generated.


=========================================================================
*                           HDL Synthesis                               *
=========================================================================

Performing bidirectional port resolution...

Synthesizing Unit <CHIA_10ENA>.
    Related source file is "C:/.Xilinx/BAI_618_DONG_HO_GPG_3KEY_NN/CHIA_10ENA.vhd".
    Found 19-bit adder for signal <D100HZ_N$addsub0000> created at line 102.
    Found 19-bit register for signal <D100HZ_R>.
    Found 26-bit adder for signal <D1HZ_N$addsub0000> created at line 88.
    Found 26-bit register for signal <D1HZ_R>.
    Found 22-bit adder for signal <D20HZ_N$addsub0000> created at line 96.
    Found 22-bit register for signal <D20HZ_R>.
    Found 25-bit adder for signal <D2HZ_N$addsub0000> created at line 90.
    Found 25-bit register for signal <D2HZ_R>.
    Found 20-bit adder for signal <D50HZ_N$addsub0000> created at line 100.
    Found 20-bit register for signal <D50HZ_R>.
    Found 24-bit adder for signal <D5HZ_N$addsub0000> created at line 92.
    Found 24-bit register for signal <D5HZ_R>.
    Summary:
	inferred 136 D-type flip-flop(s).
	inferred   6 Adder/Subtractor(s).
Unit <CHIA_10ENA> synthesized.


Synthesizing Unit <LCD_GAN_DULIEU_GPG_NN>.
    Related source file is "C:/.Xilinx/BAI_618_DONG_HO_GPG_3KEY_NN/LCD_GAN_DULIEU_GPG_NN.vhd".
    Found 3-bit register for signal <Q_R>.
    Summary:
	inferred   3 D-type flip-flop(s).
Unit <LCD_GAN_DULIEU_GPG_NN> synthesized.


Synthesizing Unit <LCD_KHOITAO_HIENTHI>.
    Related source file is "C:/.Xilinx/BAI_618_DONG_HO_GPG_3KEY_NN/LCD_KHOITAO_HIENTHI.vhd".
    Found finite state machine <FSM_0> for signal <LCD_STATE>.
    -----------------------------------------------------------------------
    | States             | 10                                             |
    | Transitions        | 25                                             |
    | Inputs             | 5                                              |
    | Outputs            | 10                                             |
    | Clock              | CKHT                      (falling_edge)       |
    | Reset              | RST                       (positive)           |
    | Reset type         | asynchronous                                   |
    | Reset State        | lcd_initial                                    |
    | Power Up State     | lcd_initial                                    |
    | Encoding           | automatic                                      |
    | Implementation     | LUT                                            |
    -----------------------------------------------------------------------
    Found 1-bit register for signal <LCD_E>.
    Found 1-bit register for signal <LCD_RS>.
    Found 8-bit register for signal <LCD_DB>.
    Found 8-bit 20-to-1 multiplexer for signal <$varindex0000> created at line 122.
    Found 8-bit 20-to-1 multiplexer for signal <$varindex0001> created at line 145.
    Found 8-bit 20-to-1 multiplexer for signal <$varindex0002> created at line 168.
    Found 8-bit 20-to-1 multiplexer for signal <$varindex0003> created at line 191.
    Found 5-bit register for signal <PTR>.
    Found 5-bit adder for signal <PTR$share0000> created at line 99.
    Found 20-bit register for signal <SLX>.
    Found 20-bit adder for signal <SLX$add0000> created at line 113.
    Summary:
	inferred   1 Finite State Machine(s).
	inferred  35 D-type flip-flop(s).
	inferred   2 Adder/Subtractor(s).
	inferred  32 Multiplexer(s).
Unit <LCD_KHOITAO_HIENTHI> synthesized.


Synthesizing Unit <DEBOUNCE_BTN>.
    Related source file is "C:/.Xilinx/BAI_618_DONG_HO_GPG_3KEY_NN/DEBOUNCE_BTN.vhd".
    Found finite state machine <FSM_1> for signal <DB_R>.
    -----------------------------------------------------------------------
    | States             | 4                                              |
    | Transitions        | 10                                             |
    | Inputs             | 2                                              |
    | Outputs            | 4                                              |
    | Clock              | CKHT                      (falling_edge)       |
    | Power Up State     | zero                                           |
    | Encoding           | automatic                                      |
    | Implementation     | LUT                                            |
    -----------------------------------------------------------------------
    Found 20-bit register for signal <DL_R>.
    Found 20-bit subtractor for signal <DL_R$addsub0000>.
    Summary:
	inferred   1 Finite State Machine(s).
	inferred  20 D-type flip-flop(s).
	inferred   1 Adder/Subtractor(s).
Unit <DEBOUNCE_BTN> synthesized.


Synthesizing Unit <RESET_GT_MOD>.
    Related source file is "C:/.Xilinx/BAI_618_DONG_HO_GPG_3KEY_NN/RESET_GT_MOD.vhd".
    Found 4-bit register for signal <DEM_R>.
    Found 4-bit adder for signal <DEM_R$addsub0000> created at line 60.
    Summary:
	inferred   4 D-type flip-flop(s).
	inferred   1 Adder/Subtractor(s).
Unit <RESET_GT_MOD> synthesized.


Synthesizing Unit <DEM_GPG_MUD>.
    Related source file is "C:/.Xilinx/BAI_618_DONG_HO_GPG_3KEY_NN/DEM_GPG_MUD.vhd".
    Found 6-bit adder for signal <GIAY_N$addsub0000> created at line 70.
    Found 6-bit register for signal <GIAY_R>.
    Found 6-bit subtractor for signal <GIAY_R$addsub0000> created at line 74.
    Found 5-bit adder for signal <GIO_N$addsub0000> created at line 106.
    Found 5-bit register for signal <GIO_R>.
    Found 5-bit subtractor for signal <GIO_R$addsub0000> created at line 110.
    Found 6-bit adder for signal <PHUT_N$addsub0000> created at line 88.
    Found 6-bit register for signal <PHUT_R>.
    Found 6-bit subtractor for signal <PHUT_R$addsub0000> created at line 92.
    Summary:
	inferred  17 D-type flip-flop(s).
	inferred   6 Adder/Subtractor(s).
Unit <DEM_GPG_MUD> synthesized.


Synthesizing Unit <LAM_HEP_XUNG>.
    Related source file is "C:/.Xilinx/BAI_618_DONG_HO_GPG_3KEY_NN/LAM_HEP_XUNG.vhd".
    Found 1-bit register for signal <QFF>.
    Summary:
	inferred   1 D-type flip-flop(s).
Unit <LAM_HEP_XUNG> synthesized.


Synthesizing Unit <DEM_2BIT>.
    Related source file is "C:/.Xilinx/BAI_618_DONG_HO_GPG_3KEY_NN/DEM_2BIT.vhd".
    Found 2-bit up counter for signal <Q_REG>.
    Summary:
	inferred   1 Counter(s).
Unit <DEM_2BIT> synthesized.


Synthesizing Unit <HEXTOBCD_6BIT>.
    Related source file is "C:/.Xilinx/BAI_618_DONG_HO_GPG_3KEY_NN/HEXTOBCD_6BIT.vhd".
    Found 4-bit comparator greatequal for signal <BCD_HEX_9$cmp_ge0000> created at line 44.
    Found 4-bit comparator greatequal for signal <BCD_HEX_9$cmp_ge0001> created at line 44.
    Found 4-bit comparator greatequal for signal <BCD_HEX_9$cmp_ge0002> created at line 44.
    Found 4-bit adder for signal <BCD_HEX_9_6$add0000> created at line 45.
    Found 4-bit adder for signal <BCD_HEX_9_6$add0001> created at line 45.
    Found 4-bit adder for signal <BCD_HEX_9_6$add0002> created at line 45.
    Summary:
	inferred   3 Adder/Subtractor(s).
	inferred   3 Comparator(s).
Unit <HEXTOBCD_6BIT> synthesized.


Synthesizing Unit <HEXTOBCD_GPG>.
    Related source file is "C:/.Xilinx/BAI_618_DONG_HO_GPG_3KEY_NN/HEXTOBCD_GPG.vhd".
Unit <HEXTOBCD_GPG> synthesized.


Synthesizing Unit <XULY_MOD>.
    Related source file is "C:/.Xilinx/BAI_618_DONG_HO_GPG_3KEY_NN/XULY_MOD.vhd".
Unit <XULY_MOD> synthesized.


Synthesizing Unit <DEM_GPG_3KEY_NN>.
    Related source file is "C:/.Xilinx/BAI_618_DONG_HO_GPG_3KEY_NN/DEM_GPG_3KEY_NN.vhd".
Unit <DEM_GPG_3KEY_NN> synthesized.


Synthesizing Unit <DONG_HO_GPG_3KEY_NN>.
    Related source file is "C:/.Xilinx/BAI_618_DONG_HO_GPG_3KEY_NN/DONG_HO_GPG_3KEY_NN.vhd".
    Found 1-bit 4-to-1 multiplexer for signal <ENA_DB>.
    Summary:
	inferred   1 Multiplexer(s).
Unit <DONG_HO_GPG_3KEY_NN> synthesized.

INFO:Xst:1767 - HDL ADVISOR - Resource sharing has identified that some arithmetic operations in this design can share the same physical resources for reduced device utilization. For improved clock frequency you may try to disable resource sharing.

=========================================================================
HDL Synthesis Report

Macro Statistics
# Adders/Subtractors                                   : 27
 19-bit adder                                          : 1
 20-bit adder                                          : 2
 20-bit subtractor                                     : 3
 22-bit adder                                          : 1
 24-bit adder                                          : 1
 25-bit adder                                          : 1
 26-bit adder                                          : 1
 4-bit adder                                           : 10
 5-bit adder                                           : 2
 5-bit subtractor                                      : 1
 6-bit adder                                           : 2
 6-bit subtractor                                      : 2
# Counters                                             : 1
 2-bit up counter                                      : 1
# Registers                                            : 20
 1-bit register                                        : 3
 19-bit register                                       : 1
 20-bit register                                       : 5
 22-bit register                                       : 1
 24-bit register                                       : 1
 25-bit register                                       : 1
 26-bit register                                       : 1
 3-bit register                                        : 1
 4-bit register                                        : 1
 5-bit register                                        : 2
 6-bit register                                        : 2
 8-bit register                                        : 1
# Comparators                                          : 9
 4-bit comparator greatequal                           : 9
# Multiplexers                                         : 5
 1-bit 4-to-1 multiplexer                              : 1
 8-bit 20-to-1 multiplexer                             : 4

=========================================================================

=========================================================================
*                       Advanced HDL Synthesis                          *
=========================================================================

Analyzing FSM <FSM_1> for best encoding.
Optimizing FSM <IC2/K3/U1/DB_R/FSM> on signal <DB_R[1:2]> with user encoding.
Optimizing FSM <IC2/K1/DB_R/FSM> on signal <DB_R[1:2]> with user encoding.
Optimizing FSM <IC2/K2/DB_R/FSM> on signal <DB_R[1:2]> with user encoding.
-------------------
 State | Encoding
-------------------
 zero  | 00
 wait0 | 01
 one   | 10
 wait1 | 11
-------------------
Analyzing FSM <FSM_0> for best encoding.
Optimizing FSM <IC5/LCD_STATE/FSM> on signal <LCD_STATE[1:4]> with gray encoding.
-------------------------
 State       | Encoding
-------------------------
 lcd_initial | 0000
 lcd_addr_l0 | 0001
 lcd_data_l0 | 0011
 lcd_addr_l1 | 0010
 lcd_data_l1 | 0110
 lcd_addr_l2 | 0111
 lcd_data_l2 | 0101
 lcd_addr_l3 | 0100
 lcd_data_l3 | 1100
 lcd_stop    | 1101
-------------------------

=========================================================================
Advanced HDL Synthesis Report

Macro Statistics
# FSMs                                                 : 2
# Adders/Subtractors                                   : 27
 19-bit adder                                          : 1
 20-bit adder                                          : 2
 20-bit subtractor                                     : 3
 22-bit adder                                          : 1
 24-bit adder                                          : 1
 25-bit adder                                          : 1
 26-bit adder                                          : 1
 4-bit adder                                           : 10
 5-bit adder                                           : 2
 5-bit subtractor                                      : 1
 6-bit adder                                           : 2
 6-bit subtractor                                      : 2
# Counters                                             : 1
 2-bit up counter                                      : 1
# Registers                                            : 256
 Flip-Flops                                            : 256
# Comparators                                          : 9
 4-bit comparator greatequal                           : 9
# Multiplexers                                         : 5
 1-bit 4-to-1 multiplexer                              : 1
 8-bit 20-to-1 multiplexer                             : 4

=========================================================================

=========================================================================
*                         Low Level Synthesis                           *
=========================================================================

Optimizing unit <DONG_HO_GPG_3KEY_NN> ...

Optimizing unit <CHIA_10ENA> ...

Optimizing unit <LCD_GAN_DULIEU_GPG_NN> ...

Optimizing unit <LCD_KHOITAO_HIENTHI> ...

Optimizing unit <DEBOUNCE_BTN> ...

Optimizing unit <RESET_GT_MOD> ...

Optimizing unit <DEM_GPG_MUD> ...

Optimizing unit <HEXTOBCD_6BIT> ...

Mapping all equations...
Building and optimizing final netlist ...
Found area constraint ratio of 100 (+ 5) on block DONG_HO_GPG_3KEY_NN, actual ratio is 9.

Final Macro Processing ...

=========================================================================
Final Register Report

Macro Statistics
# Registers                                            : 268
 Flip-Flops                                            : 268

=========================================================================

=========================================================================
*                           Partition Report                            *
=========================================================================

Partition Implementation Status
-------------------------------

  No Partitions were found in this design.

-------------------------------

=========================================================================
*                            Final Report                               *
=========================================================================
Final Results
RTL Top Level Output File Name     : DONG_HO_GPG_3KEY_NN.ngr
Top Level Output File Name         : DONG_HO_GPG_3KEY_NN
Output Format                      : NGC
Optimization Goal                  : Speed
Keep Hierarchy                     : No

Design Statistics
# IOs                              : 19

Cell Usage :
# BELS                             : 1381
#      GND                         : 1
#      INV                         : 108
#      LUT1                        : 196
#      LUT2                        : 66
#      LUT2_D                      : 2
#      LUT3                        : 89
#      LUT3_L                      : 2
#      LUT4                        : 270
#      LUT4_D                      : 11
#      LUT4_L                      : 15
#      MUXCY                       : 214
#      MUXF5                       : 119
#      MUXF6                       : 48
#      MUXF7                       : 23
#      VCC                         : 1
#      XORCY                       : 216
# FlipFlops/Latches                : 268
#      FD_1                        : 1
#      FDC_1                       : 29
#      FDCE                        : 19
#      FDCE_1                      : 4
#      FDE_1                       : 16
#      FDR_1                       : 136
#      FDS_1                       : 3
#      FDSE_1                      : 60
# Clock Buffers                    : 1
#      BUFGP                       : 1
# IO Buffers                       : 18
#      IBUF                        : 7
#      OBUF                        : 11
=========================================================================

Device utilization summary:
---------------------------

Selected Device : 3s500epq208-5 

 Number of Slices:                      435  out of   4656     9%  
 Number of Slice Flip Flops:            268  out of   9312     2%  
 Number of 4 input LUTs:                759  out of   9312     8%  
 Number of IOs:                          19
 Number of bonded IOBs:                  19  out of    158    12%  
 Number of GCLKs:                         1  out of     24     4%  

---------------------------
Partition Resource Summary:
---------------------------

  No Partitions were found in this design.

---------------------------


=========================================================================
TIMING REPORT

NOTE: THESE TIMING NUMBERS ARE ONLY A SYNTHESIS ESTIMATE.
      FOR ACCURATE TIMING INFORMATION PLEASE REFER TO THE TRACE REPORT
      GENERATED AFTER PLACE-and-ROUTE.

Clock Information:
------------------
-----------------------------------+------------------------+-------+
Clock Signal                       | Clock buffer(FF name)  | Load  |
-----------------------------------+------------------------+-------+
CKHT                               | BUFGP                  | 268   |
-----------------------------------+------------------------+-------+

Asynchronous Control Signals Information:
----------------------------------------
-----------------------------------+------------------------+-------+
Control Signal                     | Buffer(FF name)        | Load  |
-----------------------------------+------------------------+-------+
BTN<0>                             | IBUF                   | 50    |
IC2/RST_MOD(IC2/RST_MOD_f5:O)      | NONE(IC2/K3/U3/Q_REG_0)| 2     |
-----------------------------------+------------------------+-------+

Timing Summary:
---------------
Speed Grade: -5

   Minimum period: 15.485ns (Maximum Frequency: 64.577MHz)
   Minimum input arrival time before clock: 5.369ns
   Maximum output required time after clock: 4.134ns
   Maximum combinational path delay: 4.632ns

Timing Detail:
--------------
All values displayed in nanoseconds (ns)

=========================================================================
Timing constraint: Default period analysis for Clock 'CKHT'
  Clock period: 15.485ns (frequency: 64.577MHz)
  Total number of paths / destination ports: 15796 / 553
-------------------------------------------------------------------------
Delay:               7.743ns (Levels of Logic = 7)
  Source:            IC1/D20HZ_R_11 (FF)
  Destination:       IC2/K5/GIAY_R_5 (FF)
  Source Clock:      CKHT falling
  Destination Clock: CKHT rising

  Data Path: IC1/D20HZ_R_11 to IC2/K5/GIAY_R_5
                                Gate     Net
    Cell:in->out      fanout   Delay   Delay  Logical Name (Net Name)
    ----------------------------------------  ------------
     FDR_1:C->Q            2   0.514   0.532  IC1/D20HZ_R_11 (IC1/D20HZ_R_11)
     LUT4:I0->O            2   0.612   0.410  IC1/D20HZ_N_cmp_eq0000110 (IC1/D20HZ_N_cmp_eq0000110)
     LUT4:I2->O            1   0.612   0.360  IC1/ENA20HZ_cmp_eq000068_SW0 (N109)
     LUT4:I3->O            1   0.612   0.360  IC1/ENA20HZ_cmp_eq000068 (ENA20HZ)
     LUT4:I3->O            1   0.612   0.000  Mmux_ENA_DB_2_f5_F (N171)
     MUXF5:I0->O          15   0.278   0.867  Mmux_ENA_DB_2_f5 (ENA_DB)
     LUT4_D:I3->O          3   0.612   0.481  IC2/K5/GIAY_R_mux0000<3>11 (IC2/K5/N20)
     LUT4:I2->O            1   0.612   0.000  IC2/K5/GIAY_R_mux0000<3>72 (IC2/K5/GIAY_R_mux0000<3>)
     FDCE:D                    0.268          IC2/K5/GIAY_R_2
    ----------------------------------------
    Total                      7.743ns (4.732ns logic, 3.011ns route)
                                       (61.1% logic, 38.9% route)

=========================================================================
Timing constraint: Default OFFSET IN BEFORE for Clock 'CKHT'
  Total number of paths / destination ports: 202 / 111
-------------------------------------------------------------------------
Offset:              5.369ns (Levels of Logic = 5)
  Source:            SW<0> (PAD)
  Destination:       IC2/K5/GIAY_R_5 (FF)
  Destination Clock: CKHT rising

  Data Path: SW<0> to IC2/K5/GIAY_R_5
                                Gate     Net
    Cell:in->out      fanout   Delay   Delay  Logical Name (Net Name)
    ----------------------------------------  ------------
     IBUF:I->O             2   1.106   0.532  SW_0_IBUF (SW_0_IBUF)
     LUT4:I0->O            1   0.612   0.000  Mmux_ENA_DB_2_f5_F (N171)
     MUXF5:I0->O          15   0.278   0.867  Mmux_ENA_DB_2_f5 (ENA_DB)
     LUT4_D:I3->O          3   0.612   0.481  IC2/K5/GIAY_R_mux0000<3>11 (IC2/K5/N20)
     LUT4:I2->O            1   0.612   0.000  IC2/K5/GIAY_R_mux0000<3>72 (IC2/K5/GIAY_R_mux0000<3>)
     FDCE:D                    0.268          IC2/K5/GIAY_R_2
    ----------------------------------------
    Total                      5.369ns (3.488ns logic, 1.881ns route)
                                       (65.0% logic, 35.0% route)

=========================================================================
Timing constraint: Default OFFSET OUT AFTER for Clock 'CKHT'
  Total number of paths / destination ports: 10 / 10
-------------------------------------------------------------------------
Offset:              4.134ns (Levels of Logic = 1)
  Source:            IC5/LCD_DB_1 (FF)
  Destination:       LCD_DB<1> (PAD)
  Source Clock:      CKHT falling

  Data Path: IC5/LCD_DB_1 to LCD_DB<1>
                                Gate     Net
    Cell:in->out      fanout   Delay   Delay  Logical Name (Net Name)
    ----------------------------------------  ------------
     FDE_1:C->Q            3   0.514   0.451  IC5/LCD_DB_1 (IC5/LCD_DB_1)
     OBUF:I->O                 3.169          LCD_DB_1_OBUF (LCD_DB<1>)
    ----------------------------------------
    Total                      4.134ns (3.683ns logic, 0.451ns route)
                                       (89.1% logic, 10.9% route)

=========================================================================
Timing constraint: Default path analysis
  Total number of paths / destination ports: 1 / 1
-------------------------------------------------------------------------
Delay:               4.632ns (Levels of Logic = 2)
  Source:            SWP (PAD)
  Destination:       LCD_P (PAD)

  Data Path: SWP to LCD_P
                                Gate     Net
    Cell:in->out      fanout   Delay   Delay  Logical Name (Net Name)
    ----------------------------------------  ------------
     IBUF:I->O             1   1.106   0.357  SWP_IBUF (LCD_P_OBUF)
     OBUF:I->O                 3.169          LCD_P_OBUF (LCD_P)
    ----------------------------------------
    Total                      4.632ns (4.275ns logic, 0.357ns route)
                                       (92.3% logic, 7.7% route)

=========================================================================


Total REAL time to Xst completion: 12.00 secs
Total CPU time to Xst completion: 11.76 secs
 
--> 

Total memory usage is 4529540 kilobytes

Number of errors   :    0 (   0 filtered)
Number of warnings :    0 (   0 filtered)
Number of infos    :    1 (   0 filtered)

