--------------------------------------------------------------------------------
Release 14.7 Trace  (lin64)
Copyright (c) 1995-2013 Xilinx, Inc.  All rights reserved.

/opt/Xilinx/14.7/ISE_DS/ISE/bin/lin64/unwrapped/trce -intstyle ise -v 3 -s 5 -n
3 -fastpaths -xml dem_0_999_ht_7doan.twx dem_0_999_ht_7doan.ncd -o
dem_0_999_ht_7doan.twr dem_0_999_ht_7doan.pcf -ucf KIT_XC3S500E_PQ208 .ucf

Design file:              dem_0_999_ht_7doan.ncd
Physical constraint file: dem_0_999_ht_7doan.pcf
Device,package,speed:     xc3s500e,pq208,-5 (PRODUCTION 1.27 2013-10-13)
Report level:             verbose report

Environment Variable      Effect 
--------------------      ------ 
NONE                      No environment variables were set
--------------------------------------------------------------------------------

INFO:Timing:2698 - No timing constraints found, doing default enumeration.
INFO:Timing:3412 - To improve timing, see the Timing Closure User Guide (UG612).
INFO:Timing:2752 - To get complete path coverage, use the unconstrained paths 
   option. All paths that are not constrained will be reported in the 
   unconstrained paths section(s) of the report.
INFO:Timing:3339 - The clock-to-out numbers in this timing report are based on 
   a 50 Ohm transmission line loading model.  For the details of this model, 
   and for more information on accounting for different loading conditions, 
   please see the device datasheet.
INFO:Timing:3390 - This architecture does not support a default System Jitter 
   value, please add SYSTEM_JITTER constraint to the UCF to modify the Clock 
   Uncertainty calculation.
INFO:Timing:3389 - This architecture does not support 'Discrete Jitter' and 
   'Phase Error' calculations, these terms will be zero in the Clock 
   Uncertainty calculation.  Please make appropriate modification to 
   SYSTEM_JITTER to account for the unsupported Discrete Jitter and Phase 
   Error.



Data Sheet report:
-----------------
All values displayed in nanoseconds (ns)

Setup/Hold to clock ckht
------------+------------+------------+------------------+--------+
            |Max Setup to|Max Hold to |                  | Clock  |
Source      | clk (edge) | clk (edge) |Internal Clock(s) | Phase  |
------------+------------+------------+------------------+--------+
btn0        |    4.400(F)|   -0.820(F)|ckht_BUFGP        |   0.000|
sw<0>       |    3.471(F)|   -0.075(F)|ckht_BUFGP        |   0.000|
sw<1>       |    4.699(F)|    0.007(F)|ckht_BUFGP        |   0.000|
sw<2>       |    7.591(F)|   -2.152(F)|ckht_BUFGP        |   0.000|
sw<3>       |    4.896(F)|   -1.215(F)|ckht_BUFGP        |   0.000|
------------+------------+------------+------------------+--------+

Clock ckht to Pad
------------+------------+------------------+--------+
            | clk (edge) |                  | Clock  |
Destination |   to PAD   |Internal Clock(s) | Phase  |
------------+------------+------------------+--------+
cathode<0>  |    8.830(F)|ckht_BUFGP        |   0.000|
cathode<1>  |    9.339(F)|ckht_BUFGP        |   0.000|
cathode<2>  |    8.616(F)|ckht_BUFGP        |   0.000|
cathode<3>  |    8.669(F)|ckht_BUFGP        |   0.000|
cathode<4>  |    9.035(F)|ckht_BUFGP        |   0.000|
cathode<5>  |    9.274(F)|ckht_BUFGP        |   0.000|
cathode<6>  |    9.284(F)|ckht_BUFGP        |   0.000|
cathode<7>  |    9.010(F)|ckht_BUFGP        |   0.000|
sseg<0>     |   14.314(F)|ckht_BUFGP        |   0.000|
sseg<1>     |   14.501(F)|ckht_BUFGP        |   0.000|
sseg<2>     |   14.764(F)|ckht_BUFGP        |   0.000|
sseg<3>     |   14.577(F)|ckht_BUFGP        |   0.000|
sseg<4>     |   14.555(F)|ckht_BUFGP        |   0.000|
sseg<5>     |   15.371(F)|ckht_BUFGP        |   0.000|
sseg<6>     |   14.739(F)|ckht_BUFGP        |   0.000|
------------+------------+------------------+--------+

Clock to Setup on destination clock ckht
---------------+---------+---------+---------+---------+
               | Src:Rise| Src:Fall| Src:Rise| Src:Fall|
Source Clock   |Dest:Rise|Dest:Rise|Dest:Fall|Dest:Fall|
---------------+---------+---------+---------+---------+
ckht           |         |         |         |    8.042|
---------------+---------+---------+---------+---------+

Pad to Pad
---------------+---------------+---------+
Source Pad     |Destination Pad|  Delay  |
---------------+---------------+---------+
sw<2>          |sseg<0>        |   10.546|
sw<2>          |sseg<1>        |   10.733|
sw<2>          |sseg<2>        |   10.996|
sw<2>          |sseg<3>        |   10.809|
sw<2>          |sseg<4>        |   10.894|
sw<2>          |sseg<5>        |   11.603|
sw<2>          |sseg<6>        |   10.971|
sw<3>          |sseg<0>        |   11.400|
sw<3>          |sseg<1>        |   11.526|
sw<3>          |sseg<2>        |   11.900|
sw<3>          |sseg<3>        |   11.713|
sw<3>          |sseg<4>        |   11.812|
sw<3>          |sseg<5>        |   12.457|
sw<3>          |sseg<6>        |   11.730|
---------------+---------------+---------+


Analysis completed Tue Apr 11 01:30:13 2023 
--------------------------------------------------------------------------------

Trace Settings:
-------------------------
Trace Settings 

Peak Memory Usage: 350 MB



