--------------------------------------------------------------------------------
Release 14.7 Trace  (lin64)
Copyright (c) 1995-2013 Xilinx, Inc.  All rights reserved.

/opt/Xilinx/14.7/ISE_DS/ISE/bin/lin64/unwrapped/trce -intstyle ise -v 3 -s 5 -n
3 -fastpaths -xml dem_3so_ss_ud_4ts_xvn_ht7d_btn.twx
dem_3so_ss_ud_4ts_xvn_ht7d_btn.ncd -o dem_3so_ss_ud_4ts_xvn_ht7d_btn.twr
dem_3so_ss_ud_4ts_xvn_ht7d_btn.pcf -ucf KIT_XC3S500E_PQ208.ucf

Design file:              dem_3so_ss_ud_4ts_xvn_ht7d_btn.ncd
Physical constraint file: dem_3so_ss_ud_4ts_xvn_ht7d_btn.pcf
Device,package,speed:     xc3s500e,pq208,-5 (PRODUCTION 1.27 2013-10-13)
Report level:             verbose report

Environment Variable      Effect 
--------------------      ------ 
NONE                      No environment variables were set
--------------------------------------------------------------------------------

INFO:Timing:2698 - No timing constraints found, doing default enumeration.
INFO:Timing:3412 - To improve timing, see the Timing Closure User Guide (UG612).
INFO:Timing:2752 - To get complete path coverage, use the unconstrained paths 
   option. All paths that are not constrained will be reported in the 
   unconstrained paths section(s) of the report.
INFO:Timing:3339 - The clock-to-out numbers in this timing report are based on 
   a 50 Ohm transmission line loading model.  For the details of this model, 
   and for more information on accounting for different loading conditions, 
   please see the device datasheet.
INFO:Timing:3390 - This architecture does not support a default System Jitter 
   value, please add SYSTEM_JITTER constraint to the UCF to modify the Clock 
   Uncertainty calculation.
INFO:Timing:3389 - This architecture does not support 'Discrete Jitter' and 
   'Phase Error' calculations, these terms will be zero in the Clock 
   Uncertainty calculation.  Please make appropriate modification to 
   SYSTEM_JITTER to account for the unsupported Discrete Jitter and Phase 
   Error.



Data Sheet report:
-----------------
All values displayed in nanoseconds (ns)

Setup/Hold to clock ckht
------------+------------+------------+------------------+--------+
            |Max Setup to|Max Hold to |                  | Clock  |
Source      | clk (edge) | clk (edge) |Internal Clock(s) | Phase  |
------------+------------+------------+------------------+--------+
btn<0>      |    4.275(F)|   -0.534(F)|ckht_BUFGP        |   0.000|
btn<1>      |    2.618(F)|    0.578(F)|ckht_BUFGP        |   0.000|
btn<2>      |    1.537(F)|    1.203(F)|ckht_BUFGP        |   0.000|
btn<3>      |    2.777(F)|    0.025(F)|ckht_BUFGP        |   0.000|
------------+------------+------------+------------------+--------+

Clock ckht to Pad
------------+------------+------------------+--------+
            | clk (edge) |                  | Clock  |
Destination |   to PAD   |Internal Clock(s) | Phase  |
------------+------------+------------------+--------+
cathode<0>  |    8.383(F)|ckht_BUFGP        |   0.000|
cathode<1>  |    8.805(F)|ckht_BUFGP        |   0.000|
cathode<2>  |    8.092(F)|ckht_BUFGP        |   0.000|
cathode<3>  |    7.799(F)|ckht_BUFGP        |   0.000|
cathode<4>  |    9.055(F)|ckht_BUFGP        |   0.000|
cathode<5>  |    9.344(F)|ckht_BUFGP        |   0.000|
cathode<6>  |    9.305(F)|ckht_BUFGP        |   0.000|
cathode<7>  |    9.056(F)|ckht_BUFGP        |   0.000|
led<0>      |    7.493(F)|ckht_BUFGP        |   0.000|
led<1>      |    7.975(F)|ckht_BUFGP        |   0.000|
led<2>      |    7.712(F)|ckht_BUFGP        |   0.000|
led<3>      |    8.049(F)|ckht_BUFGP        |   0.000|
sseg<0>     |   13.687(F)|ckht_BUFGP        |   0.000|
sseg<1>     |   13.286(F)|ckht_BUFGP        |   0.000|
sseg<2>     |   13.782(F)|ckht_BUFGP        |   0.000|
sseg<3>     |   13.943(F)|ckht_BUFGP        |   0.000|
sseg<4>     |   14.351(F)|ckht_BUFGP        |   0.000|
sseg<5>     |   14.619(F)|ckht_BUFGP        |   0.000|
sseg<6>     |   14.568(F)|ckht_BUFGP        |   0.000|
------------+------------+------------------+--------+

Clock to Setup on destination clock ckht
---------------+---------+---------+---------+---------+
               | Src:Rise| Src:Fall| Src:Rise| Src:Fall|
Source Clock   |Dest:Rise|Dest:Rise|Dest:Fall|Dest:Fall|
---------------+---------+---------+---------+---------+
ckht           |         |         |         |    8.000|
---------------+---------+---------+---------+---------+


Analysis completed Fri Apr 14 01:56:31 2023 
--------------------------------------------------------------------------------

Trace Settings:
-------------------------
Trace Settings 

Peak Memory Usage: 351 MB



