--------------------------------------------------------------------------------
Release 14.7 Trace  (lin64)
Copyright (c) 1995-2013 Xilinx, Inc.  All rights reserved.

/opt/Xilinx/14.7/ISE_DS/ISE/bin/lin64/unwrapped/trce -intstyle ise -v 3 -s 5 -n
3 -fastpaths -xml dem_2so_ss_ud_2ts_xvn_ht_7doan.twx
dem_2so_ss_ud_2ts_xvn_ht_7doan.ncd -o dem_2so_ss_ud_2ts_xvn_ht_7doan.twr
dem_2so_ss_ud_2ts_xvn_ht_7doan.pcf -ucf KIT_XC3S500E_PQ208 .ucf

Design file:              dem_2so_ss_ud_2ts_xvn_ht_7doan.ncd
Physical constraint file: dem_2so_ss_ud_2ts_xvn_ht_7doan.pcf
Device,package,speed:     xc3s500e,pq208,-5 (PRODUCTION 1.27 2013-10-13)
Report level:             verbose report

Environment Variable      Effect 
--------------------      ------ 
NONE                      No environment variables were set
--------------------------------------------------------------------------------

INFO:Timing:2698 - No timing constraints found, doing default enumeration.
INFO:Timing:3412 - To improve timing, see the Timing Closure User Guide (UG612).
INFO:Timing:2752 - To get complete path coverage, use the unconstrained paths 
   option. All paths that are not constrained will be reported in the 
   unconstrained paths section(s) of the report.
INFO:Timing:3339 - The clock-to-out numbers in this timing report are based on 
   a 50 Ohm transmission line loading model.  For the details of this model, 
   and for more information on accounting for different loading conditions, 
   please see the device datasheet.
INFO:Timing:3390 - This architecture does not support a default System Jitter 
   value, please add SYSTEM_JITTER constraint to the UCF to modify the Clock 
   Uncertainty calculation.
INFO:Timing:3389 - This architecture does not support 'Discrete Jitter' and 
   'Phase Error' calculations, these terms will be zero in the Clock 
   Uncertainty calculation.  Please make appropriate modification to 
   SYSTEM_JITTER to account for the unsupported Discrete Jitter and Phase 
   Error.



Data Sheet report:
-----------------
All values displayed in nanoseconds (ns)

Setup/Hold to clock ckht
------------+------------+------------+------------------+--------+
            |Max Setup to|Max Hold to |                  | Clock  |
Source      | clk (edge) | clk (edge) |Internal Clock(s) | Phase  |
------------+------------+------------+------------------+--------+
btn0        |    4.394(F)|   -1.569(F)|ckht_BUFGP        |   0.000|
sw<0>       |   10.851(F)|   -0.236(F)|ckht_BUFGP        |   0.000|
sw<1>       |   10.698(F)|   -0.505(F)|ckht_BUFGP        |   0.000|
sw<2>       |   13.926(F)|   -2.894(F)|ckht_BUFGP        |   0.000|
------------+------------+------------+------------------+--------+

Clock ckht to Pad
------------+------------+------------------+--------+
            | clk (edge) |                  | Clock  |
Destination |   to PAD   |Internal Clock(s) | Phase  |
------------+------------+------------------+--------+
cathode<0>  |    8.418(F)|ckht_BUFGP        |   0.000|
cathode<1>  |    8.511(F)|ckht_BUFGP        |   0.000|
cathode<2>  |    8.292(F)|ckht_BUFGP        |   0.000|
cathode<3>  |    9.333(F)|ckht_BUFGP        |   0.000|
cathode<4>  |    8.810(F)|ckht_BUFGP        |   0.000|
cathode<5>  |    9.040(F)|ckht_BUFGP        |   0.000|
cathode<6>  |    7.987(F)|ckht_BUFGP        |   0.000|
cathode<7>  |    8.436(F)|ckht_BUFGP        |   0.000|
sseg<0>     |   12.649(F)|ckht_BUFGP        |   0.000|
sseg<1>     |   12.453(F)|ckht_BUFGP        |   0.000|
sseg<2>     |   13.106(F)|ckht_BUFGP        |   0.000|
sseg<3>     |   12.323(F)|ckht_BUFGP        |   0.000|
sseg<4>     |   13.320(F)|ckht_BUFGP        |   0.000|
sseg<5>     |   13.449(F)|ckht_BUFGP        |   0.000|
sseg<6>     |   13.124(F)|ckht_BUFGP        |   0.000|
------------+------------+------------------+--------+

Clock to Setup on destination clock ckht
---------------+---------+---------+---------+---------+
               | Src:Rise| Src:Fall| Src:Rise| Src:Fall|
Source Clock   |Dest:Rise|Dest:Rise|Dest:Fall|Dest:Fall|
---------------+---------+---------+---------+---------+
ckht           |         |         |         |   14.365|
---------------+---------+---------+---------+---------+


Analysis completed Fri Apr  7 05:51:24 2023 
--------------------------------------------------------------------------------

Trace Settings:
-------------------------
Trace Settings 

Peak Memory Usage: 349 MB



