--------------------------------------------------------------------------------
Release 14.7 Trace  (nt64)
Copyright (c) 1995-2013 Xilinx, Inc.  All rights reserved.

C:\Xilinx\14.7\ISE_DS\ISE\bin\nt64\unwrapped\trce.exe -intstyle ise -v 3 -s 5
-n 3 -fastpaths -xml DEM_2SO_HT_LCD_SO_TO.twx DEM_2SO_HT_LCD_SO_TO.ncd -o
DEM_2SO_HT_LCD_SO_TO.twr DEM_2SO_HT_LCD_SO_TO.pcf -ucf KIT_XC3S500E_PQ208.ucf

Design file:              DEM_2SO_HT_LCD_SO_TO.ncd
Physical constraint file: DEM_2SO_HT_LCD_SO_TO.pcf
Device,package,speed:     xc3s500e,pq208,-5 (PRODUCTION 1.27 2013-10-13)
Report level:             verbose report

Environment Variable      Effect 
--------------------      ------ 
NONE                      No environment variables were set
--------------------------------------------------------------------------------

INFO:Timing:2698 - No timing constraints found, doing default enumeration.
INFO:Timing:3412 - To improve timing, see the Timing Closure User Guide (UG612).
INFO:Timing:2752 - To get complete path coverage, use the unconstrained paths 
   option. All paths that are not constrained will be reported in the 
   unconstrained paths section(s) of the report.
INFO:Timing:3339 - The clock-to-out numbers in this timing report are based on 
   a 50 Ohm transmission line loading model.  For the details of this model, 
   and for more information on accounting for different loading conditions, 
   please see the device datasheet.
INFO:Timing:3390 - This architecture does not support a default System Jitter 
   value, please add SYSTEM_JITTER constraint to the UCF to modify the Clock 
   Uncertainty calculation.
INFO:Timing:3389 - This architecture does not support 'Discrete Jitter' and 
   'Phase Error' calculations, these terms will be zero in the Clock 
   Uncertainty calculation.  Please make appropriate modification to 
   SYSTEM_JITTER to account for the unsupported Discrete Jitter and Phase 
   Error.



Data Sheet report:
-----------------
All values displayed in nanoseconds (ns)

Setup/Hold to clock CKHT
------------+------------+------------+------------------+--------+
            |Max Setup to|Max Hold to |                  | Clock  |
Source      | clk (edge) | clk (edge) |Internal Clock(s) | Phase  |
------------+------------+------------+------------------+--------+
BTN<0>      |    5.721(R)|   -1.437(R)|CKHT_BUFGP        |   0.000|
            |    4.881(F)|    0.482(F)|CKHT_BUFGP        |   0.000|
BTN<1>      |    2.258(F)|    0.596(F)|CKHT_BUFGP        |   0.000|
BTN<2>      |    3.966(F)|    0.066(F)|CKHT_BUFGP        |   0.000|
SW<0>       |    6.559(R)|   -2.568(R)|CKHT_BUFGP        |   0.000|
SW<1>       |    3.693(R)|   -1.086(R)|CKHT_BUFGP        |   0.000|
------------+------------+------------+------------------+--------+

Clock CKHT to Pad
------------+------------+------------------+--------+
            | clk (edge) |                  | Clock  |
Destination |   to PAD   |Internal Clock(s) | Phase  |
------------+------------+------------------+--------+
LCD_DB<0>   |    8.495(F)|CKHT_BUFGP        |   0.000|
LCD_DB<1>   |    8.432(F)|CKHT_BUFGP        |   0.000|
LCD_DB<2>   |    8.135(F)|CKHT_BUFGP        |   0.000|
LCD_DB<3>   |    7.702(F)|CKHT_BUFGP        |   0.000|
LCD_DB<4>   |    7.496(F)|CKHT_BUFGP        |   0.000|
LCD_DB<5>   |    8.111(F)|CKHT_BUFGP        |   0.000|
LCD_DB<6>   |    8.148(F)|CKHT_BUFGP        |   0.000|
LCD_DB<7>   |    7.295(F)|CKHT_BUFGP        |   0.000|
LCD_E       |    8.271(F)|CKHT_BUFGP        |   0.000|
LCD_RS      |    7.197(F)|CKHT_BUFGP        |   0.000|
------------+------------+------------------+--------+

Clock to Setup on destination clock CKHT
---------------+---------+---------+---------+---------+
               | Src:Rise| Src:Fall| Src:Rise| Src:Fall|
Source Clock   |Dest:Rise|Dest:Rise|Dest:Fall|Dest:Fall|
---------------+---------+---------+---------+---------+
CKHT           |    6.314|    8.491|    8.506|   11.270|
---------------+---------+---------+---------+---------+

Pad to Pad
---------------+---------------+---------+
Source Pad     |Destination Pad|  Delay  |
---------------+---------------+---------+
SWP            |LCD_P          |    6.851|
---------------+---------------+---------+


Analysis completed Fri Apr 14 09:15:52 2023 
--------------------------------------------------------------------------------

Trace Settings:
-------------------------
Trace Settings 

Peak Memory Usage: 4525 MB



