Release 14.7 - xst P.20131013 (nt64)
Copyright (c) 1995-2013 Xilinx, Inc.  All rights reserved.
--> Parameter TMPDIR set to xst/projnav.tmp


Total REAL time to Xst completion: 0.00 secs
Total CPU time to Xst completion: 0.12 secs
 
--> Parameter xsthdpdir set to xst


Total REAL time to Xst completion: 0.00 secs
Total CPU time to Xst completion: 0.12 secs
 
--> Reading design: DEM_CAI_GHAN_2SO_HT7D_2BTN_UD.prj

TABLE OF CONTENTS
  1) Synthesis Options Summary
  2) HDL Compilation
  3) Design Hierarchy Analysis
  4) HDL Analysis
  5) HDL Synthesis
     5.1) HDL Synthesis Report
  6) Advanced HDL Synthesis
     6.1) Advanced HDL Synthesis Report
  7) Low Level Synthesis
  8) Partition Report
  9) Final Report
	9.1) Device utilization summary
	9.2) Partition Resource Summary
	9.3) TIMING REPORT


=========================================================================
*                      Synthesis Options Summary                        *
=========================================================================
---- Source Parameters
Input File Name                    : "DEM_CAI_GHAN_2SO_HT7D_2BTN_UD.prj"
Input Format                       : mixed
Ignore Synthesis Constraint File   : NO

---- Target Parameters
Output File Name                   : "DEM_CAI_GHAN_2SO_HT7D_2BTN_UD"
Output Format                      : NGC
Target Device                      : xc3s500e-5-pq208

---- Source Options
Top Module Name                    : DEM_CAI_GHAN_2SO_HT7D_2BTN_UD
Automatic FSM Extraction           : YES
FSM Encoding Algorithm             : Auto
Safe Implementation                : No
FSM Style                          : LUT
RAM Extraction                     : Yes
RAM Style                          : Auto
ROM Extraction                     : Yes
Mux Style                          : Auto
Decoder Extraction                 : YES
Priority Encoder Extraction        : Yes
Shift Register Extraction          : YES
Logical Shifter Extraction         : YES
XOR Collapsing                     : YES
ROM Style                          : Auto
Mux Extraction                     : Yes
Resource Sharing                   : YES
Asynchronous To Synchronous        : NO
Multiplier Style                   : Auto
Automatic Register Balancing       : No

---- Target Options
Add IO Buffers                     : YES
Global Maximum Fanout              : 100000
Add Generic Clock Buffer(BUFG)     : 24
Register Duplication               : YES
Slice Packing                      : YES
Optimize Instantiated Primitives   : NO
Use Clock Enable                   : Yes
Use Synchronous Set                : Yes
Use Synchronous Reset              : Yes
Pack IO Registers into IOBs        : Auto
Equivalent register Removal        : YES

---- General Options
Optimization Goal                  : Speed
Optimization Effort                : 1
Keep Hierarchy                     : No
Netlist Hierarchy                  : As_Optimized
RTL Output                         : Yes
Global Optimization                : AllClockNets
Read Cores                         : YES
Write Timing Constraints           : NO
Cross Clock Analysis               : NO
Hierarchy Separator                : /
Bus Delimiter                      : <>
Case Specifier                     : Maintain
Slice Utilization Ratio            : 100
BRAM Utilization Ratio             : 100
Verilog 2001                       : YES
Auto BRAM Packing                  : NO
Slice Utilization Ratio Delta      : 5

=========================================================================


=========================================================================
*                          HDL Compilation                              *
=========================================================================
Compiling vhdl file "C:/.Xilinx/BAI_525_DEM_CAI_GHAN_2SO_HT7D_2BTN_UD/DEBOUNCE_BTN.vhd" in Library work.
Architecture behavioral of Entity debounce_btn is up to date.
Compiling vhdl file "C:/.Xilinx/BAI_525_DEM_CAI_GHAN_2SO_HT7D_2BTN_UD/LAM_HEP_XUNG.vhd" in Library work.
Architecture behavioral of Entity lam_hep_xung is up to date.
Compiling vhdl file "C:/.Xilinx/BAI_525_DEM_CAI_GHAN_2SO_HT7D_2BTN_UD/CD_LAM_HEP_BTN.vhd" in Library work.
Architecture behavioral of Entity cd_lam_hep_btn is up to date.
Compiling vhdl file "C:/.Xilinx/BAI_525_DEM_CAI_GHAN_2SO_HT7D_2BTN_UD/DEM_1BIT.vhd" in Library work.
Architecture behavioral of Entity dem_1bit is up to date.
Compiling vhdl file "C:/.Xilinx/BAI_525_DEM_CAI_GHAN_2SO_HT7D_2BTN_UD/DEM_3BIT.vhd" in Library work.
Architecture behavioral of Entity dem_3bit is up to date.
Compiling vhdl file "C:/.Xilinx/BAI_525_DEM_CAI_GHAN_2SO_HT7D_2BTN_UD/DAHOP_8KENH.vhd" in Library work.
Architecture behavioral of Entity dahop_8kenh is up to date.
Compiling vhdl file "C:/.Xilinx/BAI_525_DEM_CAI_GHAN_2SO_HT7D_2BTN_UD/GIAIMA_38H.vhd" in Library work.
Architecture behavioral of Entity giaima_38h is up to date.
Compiling vhdl file "C:/.Xilinx/BAI_525_DEM_CAI_GHAN_2SO_HT7D_2BTN_UD/GIAIMA_7DOAN_ENA.vhd" in Library work.
Architecture behavioral of Entity giaima_7doan_ena is up to date.
Compiling vhdl file "C:/.Xilinx/BAI_525_DEM_CAI_GHAN_2SO_HT7D_2BTN_UD/CHIA_10ENA.vhd" in Library work.
Architecture behavioral of Entity chia_10ena is up to date.
Compiling vhdl file "C:/.Xilinx/BAI_525_DEM_CAI_GHAN_2SO_HT7D_2BTN_UD/CAI_GHAN_2SO.vhd" in Library work.
Architecture behavioral of Entity cai_ghan_2so is up to date.
Compiling vhdl file "C:/.Xilinx/BAI_525_DEM_CAI_GHAN_2SO_HT7D_2BTN_UD/DEM_2SO_SSUD.vhd" in Library work.
Architecture behavioral of Entity dem_2so_ssud is up to date.
Compiling vhdl file "C:/.Xilinx/BAI_525_DEM_CAI_GHAN_2SO_HT7D_2BTN_UD/GM_HT_8LED.vhd" in Library work.
Architecture behavioral of Entity gm_ht_8led is up to date.
Compiling vhdl file "C:/.Xilinx/BAI_525_DEM_CAI_GHAN_2SO_HT7D_2BTN_UD/DEM_1BIT_BTN.vhd" in Library work.
Architecture behavioral of Entity dem_1bit_btn is up to date.
Compiling vhdl file "C:/.Xilinx/BAI_525_DEM_CAI_GHAN_2SO_HT7D_2BTN_UD/BELL_BIP.vhd" in Library work.
Architecture behavioral of Entity bell_bip is up to date.
Compiling vhdl file "C:/.Xilinx/BAI_525_DEM_CAI_GHAN_2SO_HT7D_2BTN_UD/DEM_CAI_GHAN_2SO_HT7D_2BTN_UD.vhd" in Library work.
Entity <dem_cai_ghan_2so_ht7d_2btn_ud> compiled.
Entity <dem_cai_ghan_2so_ht7d_2btn_ud> (Architecture <behavioral>) compiled.

=========================================================================
*                     Design Hierarchy Analysis                         *
=========================================================================
Analyzing hierarchy for entity <DEM_CAI_GHAN_2SO_HT7D_2BTN_UD> in library <work> (architecture <behavioral>).

Analyzing hierarchy for entity <CHIA_10ENA> in library <work> (architecture <Behavioral>).

Analyzing hierarchy for entity <DEBOUNCE_BTN> in library <work> (architecture <Behavioral>).

Analyzing hierarchy for entity <CAI_GHAN_2SO> in library <work> (architecture <Behavioral>).

Analyzing hierarchy for entity <DEM_2SO_SSUD> in library <work> (architecture <Behavioral>).

Analyzing hierarchy for entity <GM_HT_8LED> in library <work> (architecture <Behavioral>).

Analyzing hierarchy for entity <DEM_1BIT_BTN> in library <work> (architecture <Behavioral>).

Analyzing hierarchy for entity <BELL_BIP> in library <work> (architecture <Behavioral>).

Analyzing hierarchy for entity <DEM_3BIT> in library <work> (architecture <Behavioral>).

Analyzing hierarchy for entity <DAHOP_8KENH> in library <work> (architecture <Behavioral>).

Analyzing hierarchy for entity <GIAIMA_38H> in library <work> (architecture <Behavioral>).

Analyzing hierarchy for entity <GIAIMA_7DOAN_ENA> in library <work> (architecture <Behavioral>).

Analyzing hierarchy for entity <CD_LAM_HEP_BTN> in library <work> (architecture <Behavioral>).

Analyzing hierarchy for entity <DEM_1BIT> in library <work> (architecture <Behavioral>).

Analyzing hierarchy for entity <DEBOUNCE_BTN> in library <work> (architecture <Behavioral>).

Analyzing hierarchy for entity <LAM_HEP_XUNG> in library <work> (architecture <Behavioral>).


=========================================================================
*                            HDL Analysis                               *
=========================================================================
Analyzing Entity <DEM_CAI_GHAN_2SO_HT7D_2BTN_UD> in library <work> (Architecture <behavioral>).
Entity <DEM_CAI_GHAN_2SO_HT7D_2BTN_UD> analyzed. Unit <DEM_CAI_GHAN_2SO_HT7D_2BTN_UD> generated.

Analyzing Entity <CHIA_10ENA> in library <work> (Architecture <Behavioral>).
Entity <CHIA_10ENA> analyzed. Unit <CHIA_10ENA> generated.

Analyzing Entity <DEBOUNCE_BTN> in library <work> (Architecture <Behavioral>).
Entity <DEBOUNCE_BTN> analyzed. Unit <DEBOUNCE_BTN> generated.

Analyzing Entity <CAI_GHAN_2SO> in library <work> (Architecture <Behavioral>).
Entity <CAI_GHAN_2SO> analyzed. Unit <CAI_GHAN_2SO> generated.

Analyzing Entity <DEM_2SO_SSUD> in library <work> (Architecture <Behavioral>).
Entity <DEM_2SO_SSUD> analyzed. Unit <DEM_2SO_SSUD> generated.

Analyzing Entity <GM_HT_8LED> in library <work> (Architecture <Behavioral>).
Entity <GM_HT_8LED> analyzed. Unit <GM_HT_8LED> generated.

Analyzing Entity <DEM_3BIT> in library <work> (Architecture <Behavioral>).
Entity <DEM_3BIT> analyzed. Unit <DEM_3BIT> generated.

Analyzing Entity <DAHOP_8KENH> in library <work> (Architecture <Behavioral>).
Entity <DAHOP_8KENH> analyzed. Unit <DAHOP_8KENH> generated.

Analyzing Entity <GIAIMA_38H> in library <work> (Architecture <Behavioral>).
Entity <GIAIMA_38H> analyzed. Unit <GIAIMA_38H> generated.

Analyzing Entity <GIAIMA_7DOAN_ENA> in library <work> (Architecture <Behavioral>).
Entity <GIAIMA_7DOAN_ENA> analyzed. Unit <GIAIMA_7DOAN_ENA> generated.

Analyzing Entity <DEM_1BIT_BTN> in library <work> (Architecture <Behavioral>).
Entity <DEM_1BIT_BTN> analyzed. Unit <DEM_1BIT_BTN> generated.

Analyzing Entity <CD_LAM_HEP_BTN> in library <work> (Architecture <Behavioral>).
Entity <CD_LAM_HEP_BTN> analyzed. Unit <CD_LAM_HEP_BTN> generated.

Analyzing Entity <LAM_HEP_XUNG> in library <work> (Architecture <Behavioral>).
Entity <LAM_HEP_XUNG> analyzed. Unit <LAM_HEP_XUNG> generated.

Analyzing Entity <DEM_1BIT> in library <work> (Architecture <Behavioral>).
Entity <DEM_1BIT> analyzed. Unit <DEM_1BIT> generated.

Analyzing Entity <BELL_BIP> in library <work> (Architecture <Behavioral>).
Entity <BELL_BIP> analyzed. Unit <BELL_BIP> generated.


=========================================================================
*                           HDL Synthesis                               *
=========================================================================

Performing bidirectional port resolution...

Synthesizing Unit <CHIA_10ENA>.
    Related source file is "C:/.Xilinx/BAI_525_DEM_CAI_GHAN_2SO_HT7D_2BTN_UD/CHIA_10ENA.vhd".
    Found 26-bit adder for signal <D1HZ_N$addsub0000> created at line 88.
    Found 26-bit register for signal <D1HZ_R>.
    Found 16-bit adder for signal <D1KHZ_N$addsub0000> created at line 104.
    Found 16-bit register for signal <D1KHZ_R>.
    Found 24-bit adder for signal <D5HZ_N$addsub0000> created at line 92.
    Found 24-bit register for signal <D5HZ_R>.
    Summary:
	inferred  66 D-type flip-flop(s).
	inferred   3 Adder/Subtractor(s).
Unit <CHIA_10ENA> synthesized.


Synthesizing Unit <DEBOUNCE_BTN>.
    Related source file is "C:/.Xilinx/BAI_525_DEM_CAI_GHAN_2SO_HT7D_2BTN_UD/DEBOUNCE_BTN.vhd".
    Found finite state machine <FSM_0> for signal <DB_R>.
    -----------------------------------------------------------------------
    | States             | 4                                              |
    | Transitions        | 10                                             |
    | Inputs             | 2                                              |
    | Outputs            | 5                                              |
    | Clock              | CKHT                      (falling_edge)       |
    | Power Up State     | zero                                           |
    | Encoding           | automatic                                      |
    | Implementation     | LUT                                            |
    -----------------------------------------------------------------------
    Found 20-bit register for signal <DL_R>.
    Found 20-bit subtractor for signal <DL_R$addsub0000>.
    Summary:
	inferred   1 Finite State Machine(s).
	inferred  20 D-type flip-flop(s).
	inferred   1 Adder/Subtractor(s).
Unit <DEBOUNCE_BTN> synthesized.


Synthesizing Unit <CAI_GHAN_2SO>.
    Related source file is "C:/.Xilinx/BAI_525_DEM_CAI_GHAN_2SO_HT7D_2BTN_UD/CAI_GHAN_2SO.vhd".
    Found 4-bit register for signal <CHUC_R>.
    Found 4-bit addsub for signal <CHUC_R$share0000>.
    Found 4-bit register for signal <DONVI_R>.
    Found 4-bit addsub for signal <DONVI_R$share0000>.
    Summary:
	inferred   4 D-type flip-flop(s).
	inferred   2 Adder/Subtractor(s).
Unit <CAI_GHAN_2SO> synthesized.


Synthesizing Unit <DEM_2SO_SSUD>.
    Related source file is "C:/.Xilinx/BAI_525_DEM_CAI_GHAN_2SO_HT7D_2BTN_UD/DEM_2SO_SSUD.vhd".
    Found 4-bit updown counter for signal <CHUC_R>.
    Found 4-bit up counter for signal <DONVI_R>.
    Found 4-bit subtractor for signal <DONVI_R$addsub0000> created at line 86.
    Found 4-bit comparator equal for signal <X_TICK$cmp_eq0000> created at line 71.
    Found 4-bit comparator equal for signal <X_TICK$cmp_eq0001> created at line 71.
    Summary:
	inferred   2 Counter(s).
	inferred   1 Adder/Subtractor(s).
	inferred   2 Comparator(s).
Unit <DEM_2SO_SSUD> synthesized.


Synthesizing Unit <BELL_BIP>.
    Related source file is "C:/.Xilinx/BAI_525_DEM_CAI_GHAN_2SO_HT7D_2BTN_UD/BELL_BIP.vhd".
    Found 1-bit register for signal <Q_R>.
    Summary:
	inferred   1 D-type flip-flop(s).
Unit <BELL_BIP> synthesized.


Synthesizing Unit <DEM_3BIT>.
    Related source file is "C:/.Xilinx/BAI_525_DEM_CAI_GHAN_2SO_HT7D_2BTN_UD/DEM_3BIT.vhd".
    Found 3-bit up counter for signal <Q_R>.
    Summary:
	inferred   1 Counter(s).
Unit <DEM_3BIT> synthesized.


Synthesizing Unit <DAHOP_8KENH>.
    Related source file is "C:/.Xilinx/BAI_525_DEM_CAI_GHAN_2SO_HT7D_2BTN_UD/DAHOP_8KENH.vhd".
    Found 4-bit 8-to-1 multiplexer for signal <o>.
    Found 1-bit 8-to-1 multiplexer for signal <ena1>.
    Summary:
	inferred   5 Multiplexer(s).
Unit <DAHOP_8KENH> synthesized.


Synthesizing Unit <GIAIMA_38H>.
    Related source file is "C:/.Xilinx/BAI_525_DEM_CAI_GHAN_2SO_HT7D_2BTN_UD/GIAIMA_38H.vhd".
    Found 1-of-8 decoder for signal <O>.
    Summary:
	inferred   1 Decoder(s).
Unit <GIAIMA_38H> synthesized.


Synthesizing Unit <GIAIMA_7DOAN_ENA>.
    Related source file is "C:/.Xilinx/BAI_525_DEM_CAI_GHAN_2SO_HT7D_2BTN_UD/GIAIMA_7DOAN_ENA.vhd".
    Found 16x7-bit ROM for signal <SS7>.
    Summary:
	inferred   1 ROM(s).
Unit <GIAIMA_7DOAN_ENA> synthesized.


Synthesizing Unit <DEM_1BIT>.
    Related source file is "C:/.Xilinx/BAI_525_DEM_CAI_GHAN_2SO_HT7D_2BTN_UD/DEM_1BIT.vhd".
    Found 1-bit register for signal <Q_R>.
    Summary:
	inferred   1 D-type flip-flop(s).
Unit <DEM_1BIT> synthesized.


Synthesizing Unit <LAM_HEP_XUNG>.
    Related source file is "C:/.Xilinx/BAI_525_DEM_CAI_GHAN_2SO_HT7D_2BTN_UD/LAM_HEP_XUNG.vhd".
    Found 1-bit register for signal <QFF>.
    Summary:
	inferred   1 D-type flip-flop(s).
Unit <LAM_HEP_XUNG> synthesized.


Synthesizing Unit <GM_HT_8LED>.
    Related source file is "C:/.Xilinx/BAI_525_DEM_CAI_GHAN_2SO_HT7D_2BTN_UD/GM_HT_8LED.vhd".
Unit <GM_HT_8LED> synthesized.


Synthesizing Unit <CD_LAM_HEP_BTN>.
    Related source file is "C:/.Xilinx/BAI_525_DEM_CAI_GHAN_2SO_HT7D_2BTN_UD/CD_LAM_HEP_BTN.vhd".
Unit <CD_LAM_HEP_BTN> synthesized.


Synthesizing Unit <DEM_1BIT_BTN>.
    Related source file is "C:/.Xilinx/BAI_525_DEM_CAI_GHAN_2SO_HT7D_2BTN_UD/DEM_1BIT_BTN.vhd".
Unit <DEM_1BIT_BTN> synthesized.


Synthesizing Unit <DEM_CAI_GHAN_2SO_HT7D_2BTN_UD>.
    Related source file is "C:/.Xilinx/BAI_525_DEM_CAI_GHAN_2SO_HT7D_2BTN_UD/DEM_CAI_GHAN_2SO_HT7D_2BTN_UD.vhd".
Unit <DEM_CAI_GHAN_2SO_HT7D_2BTN_UD> synthesized.

INFO:Xst:1767 - HDL ADVISOR - Resource sharing has identified that some arithmetic operations in this design can share the same physical resources for reduced device utilization. For improved clock frequency you may try to disable resource sharing.

=========================================================================
HDL Synthesis Report

Macro Statistics
# ROMs                                                 : 1
 16x7-bit ROM                                          : 1
# Adders/Subtractors                                   : 10
 16-bit adder                                          : 1
 20-bit subtractor                                     : 4
 24-bit adder                                          : 1
 26-bit adder                                          : 1
 4-bit addsub                                          : 2
 4-bit subtractor                                      : 1
# Counters                                             : 3
 3-bit up counter                                      : 1
 4-bit up counter                                      : 1
 4-bit updown counter                                  : 1
# Registers                                            : 14
 1-bit register                                        : 5
 16-bit register                                       : 1
 20-bit register                                       : 4
 24-bit register                                       : 1
 26-bit register                                       : 1
 4-bit register                                        : 2
# Comparators                                          : 2
 4-bit comparator equal                                : 2
# Multiplexers                                         : 2
 1-bit 8-to-1 multiplexer                              : 1
 4-bit 8-to-1 multiplexer                              : 1
# Decoders                                             : 1
 1-of-8 decoder                                        : 1

=========================================================================

=========================================================================
*                       Advanced HDL Synthesis                          *
=========================================================================

Analyzing FSM <FSM_0> for best encoding.
Optimizing FSM <IC7/U1/U1/DB_R/FSM> on signal <DB_R[1:2]> with sequential encoding.
Optimizing FSM <IC8/U1/U1/DB_R/FSM> on signal <DB_R[1:2]> with sequential encoding.
Optimizing FSM <IC2/DB_R/FSM> on signal <DB_R[1:2]> with sequential encoding.
Optimizing FSM <IC3/DB_R/FSM> on signal <DB_R[1:2]> with sequential encoding.
-------------------
 State | Encoding
-------------------
 zero  | 00
 wait0 | 11
 one   | 10
 wait1 | 01
-------------------

=========================================================================
Advanced HDL Synthesis Report

Macro Statistics
# FSMs                                                 : 1
# ROMs                                                 : 1
 16x7-bit ROM                                          : 1
# Adders/Subtractors                                   : 10
 16-bit adder                                          : 1
 20-bit subtractor                                     : 4
 24-bit adder                                          : 1
 26-bit adder                                          : 1
 4-bit addsub                                          : 2
 4-bit subtractor                                      : 1
# Counters                                             : 3
 3-bit up counter                                      : 1
 4-bit up counter                                      : 1
 4-bit updown counter                                  : 1
# Registers                                            : 159
 Flip-Flops                                            : 159
# Comparators                                          : 2
 4-bit comparator equal                                : 2
# Multiplexers                                         : 2
 1-bit 8-to-1 multiplexer                              : 1
 4-bit 8-to-1 multiplexer                              : 1
# Decoders                                             : 1
 1-of-8 decoder                                        : 1

=========================================================================

=========================================================================
*                         Low Level Synthesis                           *
=========================================================================

Optimizing unit <DEM_CAI_GHAN_2SO_HT7D_2BTN_UD> ...

Optimizing unit <CHIA_10ENA> ...

Optimizing unit <DEBOUNCE_BTN> ...

Optimizing unit <CAI_GHAN_2SO> ...

Optimizing unit <DEM_2SO_SSUD> ...

Mapping all equations...
Building and optimizing final netlist ...
Found area constraint ratio of 100 (+ 5) on block DEM_CAI_GHAN_2SO_HT7D_2BTN_UD, actual ratio is 4.

Final Macro Processing ...

=========================================================================
Final Register Report

Macro Statistics
# Registers                                            : 178
 Flip-Flops                                            : 178

=========================================================================

=========================================================================
*                           Partition Report                            *
=========================================================================

Partition Implementation Status
-------------------------------

  No Partitions were found in this design.

-------------------------------

=========================================================================
*                            Final Report                               *
=========================================================================
Final Results
RTL Top Level Output File Name     : DEM_CAI_GHAN_2SO_HT7D_2BTN_UD.ngr
Top Level Output File Name         : DEM_CAI_GHAN_2SO_HT7D_2BTN_UD
Output Format                      : NGC
Optimization Goal                  : Speed
Keep Hierarchy                     : No

Design Statistics
# IOs                              : 27

Cell Usage :
# BELS                             : 690
#      GND                         : 1
#      INV                         : 86
#      LUT1                        : 68
#      LUT2                        : 12
#      LUT2_L                      : 2
#      LUT3                        : 45
#      LUT3_D                      : 3
#      LUT3_L                      : 2
#      LUT4                        : 120
#      LUT4_D                      : 8
#      LUT4_L                      : 9
#      MUXCY                       : 169
#      MUXF5                       : 18
#      VCC                         : 1
#      XORCY                       : 146
# FlipFlops/Latches                : 178
#      FD_1                        : 6
#      FDCE_1                      : 9
#      FDCPE                       : 8
#      FDE                         : 3
#      FDPE_1                      : 2
#      FDR_1                       : 66
#      FDSE_1                      : 84
# Clock Buffers                    : 1
#      BUFGP                       : 1
# IO Buffers                       : 26
#      IBUF                        : 7
#      OBUF                        : 19
=========================================================================

Device utilization summary:
---------------------------

Selected Device : 3s500epq208-5 

 Number of Slices:                      184  out of   4656     3%  
 Number of Slice Flip Flops:            178  out of   9312     1%  
 Number of 4 input LUTs:                355  out of   9312     3%  
 Number of IOs:                          27
 Number of bonded IOBs:                  27  out of    158    17%  
 Number of GCLKs:                         1  out of     24     4%  

---------------------------
Partition Resource Summary:
---------------------------

  No Partitions were found in this design.

---------------------------


=========================================================================
TIMING REPORT

NOTE: THESE TIMING NUMBERS ARE ONLY A SYNTHESIS ESTIMATE.
      FOR ACCURATE TIMING INFORMATION PLEASE REFER TO THE TRACE REPORT
      GENERATED AFTER PLACE-and-ROUTE.

Clock Information:
------------------
-----------------------------------+------------------------+-------+
Clock Signal                       | Clock buffer(FF name)  | Load  |
-----------------------------------+------------------------+-------+
CKHT                               | BUFGP                  | 178   |
-----------------------------------+------------------------+-------+

Asynchronous Control Signals Information:
----------------------------------------
-----------------------------------------------------+------------------------+-------+
Control Signal                                       | Buffer(FF name)        | Load  |
-----------------------------------------------------+------------------------+-------+
BTN<0>                                               | IBUF                   | 9     |
BTN<3>                                               | IBUF                   | 2     |
IC5/CHUC_R_0__and0001(IC5/CHUC_R_0__and00011:O)      | NONE(IC5/CHUC_R_0)     | 1     |
IC5/CHUC_R_0__and0002(IC5/CHUC_R_0__and00021:O)      | NONE(IC5/CHUC_R_0)     | 1     |
IC5/CHUC_R_1__and0001(IC5/CHUC_R_1__and00011:O)      | NONE(IC5/CHUC_R_1)     | 1     |
IC5/CHUC_R_1__and0002(IC5/CHUC_R_1__and00021:O)      | NONE(IC5/CHUC_R_1)     | 1     |
IC5/CHUC_R_2__and0001(IC5/CHUC_R_2__and00011:O)      | NONE(IC5/CHUC_R_2)     | 1     |
IC5/CHUC_R_2__and0002(IC5/CHUC_R_2__and00021:O)      | NONE(IC5/CHUC_R_2)     | 1     |
IC5/CHUC_R_3__and0001(IC5/CHUC_R_3__and00011:O)      | NONE(IC5/CHUC_R_3)     | 1     |
IC5/CHUC_R_3__and0002(IC5/CHUC_R_3__and00021:O)      | NONE(IC5/CHUC_R_3)     | 1     |
IC5/DONVI_R_0_0__and0001(IC5/DONVI_R_0_0__and00011:O)| NONE(IC5/DONVI_R_0_0)  | 1     |
IC5/DONVI_R_0_0__and0002(IC5/DONVI_R_0_0__and00021:O)| NONE(IC5/DONVI_R_0_0)  | 1     |
IC5/DONVI_R_0_1__and0001(IC5/DONVI_R_0_1__and00011:O)| NONE(IC5/DONVI_R_0_1)  | 1     |
IC5/DONVI_R_0_1__and0002(IC5/DONVI_R_0_1__and00021:O)| NONE(IC5/DONVI_R_0_1)  | 1     |
IC5/DONVI_R_0_2__and0001(IC5/DONVI_R_0_2__and00011:O)| NONE(IC5/DONVI_R_0_2)  | 1     |
IC5/DONVI_R_0_2__and0002(IC5/DONVI_R_0_2__and00021:O)| NONE(IC5/DONVI_R_0_2)  | 1     |
IC5/DONVI_R_0_3__and0001(IC5/DONVI_R_0_3__and00011:O)| NONE(IC5/DONVI_R_0_3)  | 1     |
IC5/DONVI_R_0_3__and0002(IC5/DONVI_R_0_3__and00021:O)| NONE(IC5/DONVI_R_0_3)  | 1     |
-----------------------------------------------------+------------------------+-------+

Timing Summary:
---------------
Speed Grade: -5

   Minimum period: 8.119ns (Maximum Frequency: 123.162MHz)
   Minimum input arrival time before clock: 8.651ns
   Maximum output required time after clock: 8.605ns
   Maximum combinational path delay: No path found

Timing Detail:
--------------
All values displayed in nanoseconds (ns)

=========================================================================
Timing constraint: Default period analysis for Clock 'CKHT'
  Clock period: 8.119ns (frequency: 123.162MHz)
  Total number of paths / destination ports: 6419 / 430
-------------------------------------------------------------------------
Delay:               8.119ns (Levels of Logic = 7)
  Source:            IC1/D5HZ_R_5 (FF)
  Destination:       IC5/CHUC_R_3 (FF)
  Source Clock:      CKHT falling
  Destination Clock: CKHT falling

  Data Path: IC1/D5HZ_R_5 to IC5/CHUC_R_3
                                Gate     Net
    Cell:in->out      fanout   Delay   Delay  Logical Name (Net Name)
    ----------------------------------------  ------------
     FDR_1:C->Q            3   0.514   0.603  IC1/D5HZ_R_5 (IC1/D5HZ_R_5)
     LUT2:I0->O            1   0.612   0.360  IC1/D5HZ_N_cmp_eq0000123_SW0 (N74)
     LUT4:I3->O            1   0.612   0.000  IC1/ENA5HZ_cmp_eq0000_wg_lut<4> (IC1/ENA5HZ_cmp_eq0000_wg_lut<4>)
     MUXCY:S->O            5   0.752   0.607  IC1/ENA5HZ_cmp_eq0000_wg_cy<4> (ENA5HZ)
     LUT4:I1->O           14   0.612   0.853  IC5/ENA1 (IC5/DONVI_R_0_0__or0000)
     LUT4:I3->O            1   0.612   0.387  IC5/CHUC_R_3__and0000_SW0_SW1 (N81)
     LUT4_L:I2->LO         1   0.612   0.103  IC5/CHUC_R_3__and0000_SW0 (N68)
     LUT4:I3->O            1   0.612   0.000  IC5/CHUC_R_3__and0000 (IC5/CHUC_R_3__and0000)
     FDCPE:D                   0.268          IC5/CHUC_R_3
    ----------------------------------------
    Total                      8.119ns (5.206ns logic, 2.913ns route)
                                       (64.1% logic, 35.9% route)

=========================================================================
Timing constraint: Default OFFSET IN BEFORE for Clock 'CKHT'
  Total number of paths / destination ports: 198 / 114
-------------------------------------------------------------------------
Offset:              8.651ns (Levels of Logic = 8)
  Source:            SW0 (PAD)
  Destination:       IC5/CHUC_R_3 (FF)
  Destination Clock: CKHT falling

  Data Path: SW0 to IC5/CHUC_R_3
                                Gate     Net
    Cell:in->out      fanout   Delay   Delay  Logical Name (Net Name)
    ----------------------------------------  ------------
     IBUF:I->O             7   1.106   0.754  SW0_IBUF (SW0_IBUF)
     LUT3_L:I0->LO         1   0.612   0.252  ENA_DB55 (ENA_DB55)
     LUT4:I0->O            5   0.612   0.541  ENA_DB68 (ENA_DB68)
     LUT4_D:I3->LO         1   0.612   0.103  ENA_DB99_SW0 (N134)
     LUT4:I3->O           14   0.612   0.853  IC5/ENA1 (IC5/DONVI_R_0_0__or0000)
     LUT4:I3->O            1   0.612   0.387  IC5/CHUC_R_3__and0000_SW0_SW1 (N81)
     LUT4_L:I2->LO         1   0.612   0.103  IC5/CHUC_R_3__and0000_SW0 (N68)
     LUT4:I3->O            1   0.612   0.000  IC5/CHUC_R_3__and0000 (IC5/CHUC_R_3__and0000)
     FDCPE:D                   0.268          IC5/CHUC_R_3
    ----------------------------------------
    Total                      8.651ns (5.658ns logic, 2.993ns route)
                                       (65.4% logic, 34.6% route)

=========================================================================
Timing constraint: Default OFFSET OUT AFTER for Clock 'CKHT'
  Total number of paths / destination ports: 566 / 18
-------------------------------------------------------------------------
Offset:              8.605ns (Levels of Logic = 5)
  Source:            IC6/K1/Q_R_0 (FF)
  Destination:       SSEG<4> (PAD)
  Source Clock:      CKHT falling

  Data Path: IC6/K1/Q_R_0 to SSEG<4>
                                Gate     Net
    Cell:in->out      fanout   Delay   Delay  Logical Name (Net Name)
    ----------------------------------------  ------------
     FDE:C->Q             20   0.514   1.089  IC6/K1/Q_R_0 (IC6/K1/Q_R_0)
     LUT4:I0->O            1   0.612   0.360  IC6/K2/Mmux_ena11_SW0 (N15)
     LUT4:I3->O           14   0.612   1.002  IC6/K2/Mmux_ena11 (IC6/ENA_1LED)
     LUT4:I0->O            1   0.612   0.000  IC6/K4/SSEG<1>1 (IC6/K4/SSEG<1>)
     MUXF5:I1->O           1   0.278   0.357  IC6/K4/SSEG<1>_f5 (SSEG_1_OBUF)
     OBUF:I->O                 3.169          SSEG_1_OBUF (SSEG<1>)
    ----------------------------------------
    Total                      8.605ns (5.797ns logic, 2.808ns route)
                                       (67.4% logic, 32.6% route)

=========================================================================


Total REAL time to Xst completion: 8.00 secs
Total CPU time to Xst completion: 7.90 secs
 
--> 

Total memory usage is 4529560 kilobytes

Number of errors   :    0 (   0 filtered)
Number of warnings :    0 (   0 filtered)
Number of infos    :    1 (   0 filtered)

