--------------------------------------------------------------------------------
Release 14.7 Trace  (lin64)
Copyright (c) 1995-2013 Xilinx, Inc.  All rights reserved.

/opt/Xilinx/14.7/ISE_DS/ISE/bin/lin64/unwrapped/trce -intstyle ise -v 3 -s 5 -n
3 -fastpaths -xml dk_16led_std_tsp.twx dk_16led_std_tsp.ncd -o
dk_16led_std_tsp.twr dk_16led_std_tsp.pcf -ucf KIT_XC3S500E_PQ208 .ucf

Design file:              dk_16led_std_tsp.ncd
Physical constraint file: dk_16led_std_tsp.pcf
Device,package,speed:     xc3s500e,pq208,-5 (PRODUCTION 1.27 2013-10-13)
Report level:             verbose report

Environment Variable      Effect 
--------------------      ------ 
NONE                      No environment variables were set
--------------------------------------------------------------------------------

INFO:Timing:2698 - No timing constraints found, doing default enumeration.
INFO:Timing:3412 - To improve timing, see the Timing Closure User Guide (UG612).
INFO:Timing:2752 - To get complete path coverage, use the unconstrained paths 
   option. All paths that are not constrained will be reported in the 
   unconstrained paths section(s) of the report.
INFO:Timing:3339 - The clock-to-out numbers in this timing report are based on 
   a 50 Ohm transmission line loading model.  For the details of this model, 
   and for more information on accounting for different loading conditions, 
   please see the device datasheet.
INFO:Timing:3390 - This architecture does not support a default System Jitter 
   value, please add SYSTEM_JITTER constraint to the UCF to modify the Clock 
   Uncertainty calculation.
INFO:Timing:3389 - This architecture does not support 'Discrete Jitter' and 
   'Phase Error' calculations, these terms will be zero in the Clock 
   Uncertainty calculation.  Please make appropriate modification to 
   SYSTEM_JITTER to account for the unsupported Discrete Jitter and Phase 
   Error.



Data Sheet report:
-----------------
All values displayed in nanoseconds (ns)

Setup/Hold to clock ckht
------------+------------+------------+------------------+--------+
            |Max Setup to|Max Hold to |                  | Clock  |
Source      | clk (edge) | clk (edge) |Internal Clock(s) | Phase  |
------------+------------+------------+------------------+--------+
sw0         |    3.826(F)|   -0.401(F)|ckht_BUFGP        |   0.000|
------------+------------+------------+------------------+--------+

Clock ckht to Pad
------------+------------+------------------+--------+
            | clk (edge) |                  | Clock  |
Destination |   to PAD   |Internal Clock(s) | Phase  |
------------+------------+------------------+--------+
led<0>      |    7.774(F)|ckht_BUFGP        |   0.000|
led<1>      |    8.003(F)|ckht_BUFGP        |   0.000|
led<2>      |    7.987(F)|ckht_BUFGP        |   0.000|
led<3>      |    7.750(F)|ckht_BUFGP        |   0.000|
led<4>      |    7.971(F)|ckht_BUFGP        |   0.000|
led<5>      |    7.939(F)|ckht_BUFGP        |   0.000|
led<6>      |    7.723(F)|ckht_BUFGP        |   0.000|
led<7>      |    7.837(F)|ckht_BUFGP        |   0.000|
led<8>      |    8.278(F)|ckht_BUFGP        |   0.000|
led<9>      |    8.593(F)|ckht_BUFGP        |   0.000|
led<10>     |    9.059(F)|ckht_BUFGP        |   0.000|
led<11>     |    9.171(F)|ckht_BUFGP        |   0.000|
led<12>     |   10.214(F)|ckht_BUFGP        |   0.000|
led<13>     |    8.393(F)|ckht_BUFGP        |   0.000|
led<14>     |    9.369(F)|ckht_BUFGP        |   0.000|
led<15>     |    8.955(F)|ckht_BUFGP        |   0.000|
------------+------------+------------------+--------+

Clock to Setup on destination clock ckht
---------------+---------+---------+---------+---------+
               | Src:Rise| Src:Fall| Src:Rise| Src:Fall|
Source Clock   |Dest:Rise|Dest:Rise|Dest:Fall|Dest:Fall|
---------------+---------+---------+---------+---------+
ckht           |         |         |         |    5.507|
---------------+---------+---------+---------+---------+

Pad to Pad
---------------+---------------+---------+
Source Pad     |Destination Pad|  Delay  |
---------------+---------------+---------+
sw0            |led<0>         |    8.142|
sw0            |led<1>         |    9.369|
sw0            |led<2>         |    9.189|
sw0            |led<3>         |    8.945|
sw0            |led<4>         |    8.858|
sw0            |led<5>         |    8.633|
sw0            |led<6>         |    8.633|
sw0            |led<7>         |    8.853|
sw0            |led<8>         |    8.931|
sw0            |led<9>         |    8.910|
sw0            |led<10>        |    9.166|
sw0            |led<11>        |    8.460|
sw0            |led<12>        |    8.744|
sw0            |led<13>        |    9.307|
sw0            |led<14>        |    9.449|
sw0            |led<15>        |    8.959|
---------------+---------------+---------+


Analysis completed Mon Mar 13 03:43:34 2023 
--------------------------------------------------------------------------------

Trace Settings:
-------------------------
Trace Settings 

Peak Memory Usage: 347 MB



