Release 14.7 - xst P.20131013 (lin64)
Copyright (c) 1995-2013 Xilinx, Inc.  All rights reserved.
--> 
Parameter TMPDIR set to xst/projnav.tmp


Total REAL time to Xst completion: 0.00 secs
Total CPU time to Xst completion: 0.04 secs
 
--> 
Parameter xsthdpdir set to xst


Total REAL time to Xst completion: 0.00 secs
Total CPU time to Xst completion: 0.04 secs
 
--> 
Reading design: chia_10xung_ck1hz_ck1mhz.prj

TABLE OF CONTENTS
  1) Synthesis Options Summary
  2) HDL Compilation
  3) Design Hierarchy Analysis
  4) HDL Analysis
  5) HDL Synthesis
     5.1) HDL Synthesis Report
  6) Advanced HDL Synthesis
     6.1) Advanced HDL Synthesis Report
  7) Low Level Synthesis
  8) Partition Report
  9) Final Report
	9.1) Device utilization summary
	9.2) Partition Resource Summary
	9.3) TIMING REPORT


=========================================================================
*                      Synthesis Options Summary                        *
=========================================================================
---- Source Parameters
Input File Name                    : "chia_10xung_ck1hz_ck1mhz.prj"
Input Format                       : mixed
Ignore Synthesis Constraint File   : NO

---- Target Parameters
Output File Name                   : "chia_10xung_ck1hz_ck1mhz"
Output Format                      : NGC
Target Device                      : xc3s500e-5-pq208

---- Source Options
Top Module Name                    : chia_10xung_ck1hz_ck1mhz
Automatic FSM Extraction           : YES
FSM Encoding Algorithm             : Auto
Safe Implementation                : No
FSM Style                          : LUT
RAM Extraction                     : Yes
RAM Style                          : Auto
ROM Extraction                     : Yes
Mux Style                          : Auto
Decoder Extraction                 : YES
Priority Encoder Extraction        : Yes
Shift Register Extraction          : YES
Logical Shifter Extraction         : YES
XOR Collapsing                     : YES
ROM Style                          : Auto
Mux Extraction                     : Yes
Resource Sharing                   : YES
Asynchronous To Synchronous        : NO
Multiplier Style                   : Auto
Automatic Register Balancing       : No

---- Target Options
Add IO Buffers                     : YES
Global Maximum Fanout              : 500
Add Generic Clock Buffer(BUFG)     : 24
Register Duplication               : YES
Slice Packing                      : YES
Optimize Instantiated Primitives   : NO
Use Clock Enable                   : Yes
Use Synchronous Set                : Yes
Use Synchronous Reset              : Yes
Pack IO Registers into IOBs        : Auto
Equivalent register Removal        : YES

---- General Options
Optimization Goal                  : Speed
Optimization Effort                : 1
Keep Hierarchy                     : No
Netlist Hierarchy                  : As_Optimized
RTL Output                         : Yes
Global Optimization                : AllClockNets
Read Cores                         : YES
Write Timing Constraints           : NO
Cross Clock Analysis               : NO
Hierarchy Separator                : /
Bus Delimiter                      : <>
Case Specifier                     : Maintain
Slice Utilization Ratio            : 100
BRAM Utilization Ratio             : 100
Verilog 2001                       : YES
Auto BRAM Packing                  : NO
Slice Utilization Ratio Delta      : 5

=========================================================================


=========================================================================
*                          HDL Compilation                              *
=========================================================================
Compiling vhdl file "/home/ise/BT_ISE_XILINX/bai_403_chia_10xung_ck1hz_ck1mhz/chia_10ck.vhd" in Library work.
Architecture behavioral of Entity chia_10ck is up to date.
Compiling vhdl file "/home/ise/BT_ISE_XILINX/bai_403_chia_10xung_ck1hz_ck1mhz/chia_10xung_ck1hz_ck1mhz.vhd" in Library work.
Entity <chia_10xung_ck1hz_ck1mhz> compiled.
Entity <chia_10xung_ck1hz_ck1mhz> (Architecture <Behavioral>) compiled.

=========================================================================
*                     Design Hierarchy Analysis                         *
=========================================================================
Analyzing hierarchy for entity <chia_10xung_ck1hz_ck1mhz> in library <work> (architecture <Behavioral>).

Analyzing hierarchy for entity <chia_10ck> in library <work> (architecture <Behavioral>).


=========================================================================
*                            HDL Analysis                               *
=========================================================================
Analyzing Entity <chia_10xung_ck1hz_ck1mhz> in library <work> (Architecture <Behavioral>).
Entity <chia_10xung_ck1hz_ck1mhz> analyzed. Unit <chia_10xung_ck1hz_ck1mhz> generated.

Analyzing Entity <chia_10ck> in library <work> (Architecture <Behavioral>).
Entity <chia_10ck> analyzed. Unit <chia_10ck> generated.


=========================================================================
*                           HDL Synthesis                               *
=========================================================================

Performing bidirectional port resolution...

Synthesizing Unit <chia_10ck>.
    Related source file is "/home/ise/BT_ISE_XILINX/bai_403_chia_10xung_ck1hz_ck1mhz/chia_10ck.vhd".
    Found 19-bit comparator less for signal <ck100hz$cmp_lt0000> created at line 109.
    Found 23-bit comparator less for signal <ck10hz$cmp_lt0000> created at line 101.
    Found 26-bit comparator less for signal <ck1hz$cmp_lt0000> created at line 95.
    Found 16-bit comparator less for signal <ck1khz$cmp_lt0000> created at line 111.
    Found 26-bit comparator less for signal <ck1mhz$cmp_lt0000> created at line 113.
    Found 22-bit comparator less for signal <ck20hz$cmp_lt0000> created at line 103.
    Found 21-bit comparator less for signal <ck25hz$cmp_lt0000> created at line 105.
    Found 25-bit comparator less for signal <ck2hz$cmp_lt0000> created at line 97.
    Found 20-bit comparator less for signal <ck50hz$cmp_lt0000> created at line 107.
    Found 24-bit comparator less for signal <ck5hz$cmp_lt0000> created at line 99.
    Found 19-bit adder for signal <d100hz_n$addsub0000> created at line 77.
    Found 19-bit register for signal <d100hz_r>.
    Found 23-bit adder for signal <d10hz_n$addsub0000> created at line 85.
    Found 23-bit register for signal <d10hz_r>.
    Found 26-bit adder for signal <d1hz_n$addsub0000> created at line 91.
    Found 26-bit register for signal <d1hz_r>.
    Found 16-bit adder for signal <d1khz_n$addsub0000> created at line 75.
    Found 16-bit register for signal <d1khz_r>.
    Found 26-bit adder for signal <d1mhz_n$addsub0000> created at line 73.
    Found 26-bit register for signal <d1mhz_r>.
    Found 22-bit adder for signal <d20hz_n$addsub0000> created at line 83.
    Found 22-bit register for signal <d20hz_r>.
    Found 21-bit adder for signal <d25hz_n$addsub0000> created at line 81.
    Found 21-bit register for signal <d25hz_r>.
    Found 25-bit adder for signal <d2hz_n$addsub0000> created at line 89.
    Found 25-bit register for signal <d2hz_r>.
    Found 20-bit adder for signal <d50hz_n$addsub0000> created at line 79.
    Found 20-bit register for signal <d50hz_r>.
    Found 24-bit adder for signal <d5hz_n$addsub0000> created at line 87.
    Found 24-bit register for signal <d5hz_r>.
    Summary:
	inferred 222 D-type flip-flop(s).
	inferred  10 Adder/Subtractor(s).
	inferred  10 Comparator(s).
Unit <chia_10ck> synthesized.


Synthesizing Unit <chia_10xung_ck1hz_ck1mhz>.
    Related source file is "/home/ise/BT_ISE_XILINX/bai_403_chia_10xung_ck1hz_ck1mhz/chia_10xung_ck1hz_ck1mhz.vhd".
Unit <chia_10xung_ck1hz_ck1mhz> synthesized.


=========================================================================
HDL Synthesis Report

Macro Statistics
# Adders/Subtractors                                   : 10
 16-bit adder                                          : 1
 19-bit adder                                          : 1
 20-bit adder                                          : 1
 21-bit adder                                          : 1
 22-bit adder                                          : 1
 23-bit adder                                          : 1
 24-bit adder                                          : 1
 25-bit adder                                          : 1
 26-bit adder                                          : 2
# Registers                                            : 10
 16-bit register                                       : 1
 19-bit register                                       : 1
 20-bit register                                       : 1
 21-bit register                                       : 1
 22-bit register                                       : 1
 23-bit register                                       : 1
 24-bit register                                       : 1
 25-bit register                                       : 1
 26-bit register                                       : 2
# Comparators                                          : 10
 16-bit comparator less                                : 1
 19-bit comparator less                                : 1
 20-bit comparator less                                : 1
 21-bit comparator less                                : 1
 22-bit comparator less                                : 1
 23-bit comparator less                                : 1
 24-bit comparator less                                : 1
 25-bit comparator less                                : 1
 26-bit comparator less                                : 2

=========================================================================

=========================================================================
*                       Advanced HDL Synthesis                          *
=========================================================================


=========================================================================
Advanced HDL Synthesis Report

Macro Statistics
# Adders/Subtractors                                   : 10
 16-bit adder                                          : 1
 19-bit adder                                          : 1
 20-bit adder                                          : 1
 21-bit adder                                          : 1
 22-bit adder                                          : 1
 23-bit adder                                          : 1
 24-bit adder                                          : 1
 25-bit adder                                          : 1
 26-bit adder                                          : 2
# Registers                                            : 222
 Flip-Flops                                            : 222
# Comparators                                          : 10
 16-bit comparator less                                : 1
 19-bit comparator less                                : 1
 20-bit comparator less                                : 1
 21-bit comparator less                                : 1
 22-bit comparator less                                : 1
 23-bit comparator less                                : 1
 24-bit comparator less                                : 1
 25-bit comparator less                                : 1
 26-bit comparator less                                : 2

=========================================================================

=========================================================================
*                         Low Level Synthesis                           *
=========================================================================

Optimizing unit <chia_10xung_ck1hz_ck1mhz> ...

Optimizing unit <chia_10ck> ...

Mapping all equations...
Building and optimizing final netlist ...
Found area constraint ratio of 100 (+ 5) on block chia_10xung_ck1hz_ck1mhz, actual ratio is 4.

Final Macro Processing ...

=========================================================================
Final Register Report

Macro Statistics
# Registers                                            : 222
 Flip-Flops                                            : 222

=========================================================================

=========================================================================
*                           Partition Report                            *
=========================================================================

Partition Implementation Status
-------------------------------

  No Partitions were found in this design.

-------------------------------

=========================================================================
*                            Final Report                               *
=========================================================================
Final Results
RTL Top Level Output File Name     : chia_10xung_ck1hz_ck1mhz.ngr
Top Level Output File Name         : chia_10xung_ck1hz_ck1mhz
Output Format                      : NGC
Optimization Goal                  : Speed
Keep Hierarchy                     : No

Design Statistics
# IOs                              : 11

Cell Usage :
# BELS                             : 981
#      GND                         : 1
#      INV                         : 47
#      LUT1                        : 246
#      LUT2                        : 22
#      LUT3                        : 5
#      LUT4                        : 70
#      LUT4_L                      : 1
#      MUXCY                       : 366
#      VCC                         : 1
#      XORCY                       : 222
# FlipFlops/Latches                : 222
#      FDR_1                       : 222
# Clock Buffers                    : 1
#      BUFGP                       : 1
# IO Buffers                       : 10
#      OBUF                        : 10
=========================================================================

Device utilization summary:
---------------------------

Selected Device : 3s500epq208-5 

 Number of Slices:                      197  out of   4656     4%  
 Number of Slice Flip Flops:            222  out of   9312     2%  
 Number of 4 input LUTs:                391  out of   9312     4%  
 Number of IOs:                          11
 Number of bonded IOBs:                  11  out of    158     6%  
 Number of GCLKs:                         1  out of     24     4%  

---------------------------
Partition Resource Summary:
---------------------------

  No Partitions were found in this design.

---------------------------


=========================================================================
TIMING REPORT

NOTE: THESE TIMING NUMBERS ARE ONLY A SYNTHESIS ESTIMATE.
      FOR ACCURATE TIMING INFORMATION PLEASE REFER TO THE TRACE REPORT
      GENERATED AFTER PLACE-and-ROUTE.

Clock Information:
------------------
-----------------------------------+------------------------+-------+
Clock Signal                       | Clock buffer(FF name)  | Load  |
-----------------------------------+------------------------+-------+
ckht                               | BUFGP                  | 222   |
-----------------------------------+------------------------+-------+

Asynchronous Control Signals Information:
----------------------------------------
No asynchronous control signals found in this design

Timing Summary:
---------------
Speed Grade: -5

   Minimum period: 4.546ns (Maximum Frequency: 219.992MHz)
   Minimum input arrival time before clock: No path found
   Maximum output required time after clock: 7.543ns
   Maximum combinational path delay: No path found

Timing Detail:
--------------
All values displayed in nanoseconds (ns)

=========================================================================
Timing constraint: Default period analysis for Clock 'ckht'
  Clock period: 4.546ns (frequency: 219.992MHz)
  Total number of paths / destination ports: 7647 / 444
-------------------------------------------------------------------------
Delay:               4.546ns (Levels of Logic = 8)
  Source:            IC1/d1mhz_r_5 (FF)
  Destination:       IC1/d1mhz_r_25 (FF)
  Source Clock:      ckht falling
  Destination Clock: ckht falling

  Data Path: IC1/d1mhz_r_5 to IC1/d1mhz_r_25
                                Gate     Net
    Cell:in->out      fanout   Delay   Delay  Logical Name (Net Name)
    ----------------------------------------  ------------
     FDR_1:C->Q            3   0.514   0.603  IC1/d1mhz_r_5 (IC1/d1mhz_r_5)
     LUT2:I0->O            1   0.612   0.000  IC1/d1mhz_n_cmp_eq0000_wg_lut<0> (IC1/d1mhz_n_cmp_eq0000_wg_lut<0>)
     MUXCY:S->O            1   0.404   0.000  IC1/d1mhz_n_cmp_eq0000_wg_cy<0> (IC1/d1mhz_n_cmp_eq0000_wg_cy<0>)
     MUXCY:CI->O           1   0.052   0.000  IC1/d1mhz_n_cmp_eq0000_wg_cy<1> (IC1/d1mhz_n_cmp_eq0000_wg_cy<1>)
     MUXCY:CI->O           1   0.052   0.000  IC1/d1mhz_n_cmp_eq0000_wg_cy<2> (IC1/d1mhz_n_cmp_eq0000_wg_cy<2>)
     MUXCY:CI->O           1   0.052   0.000  IC1/d1mhz_n_cmp_eq0000_wg_cy<3> (IC1/d1mhz_n_cmp_eq0000_wg_cy<3>)
     MUXCY:CI->O           1   0.052   0.000  IC1/d1mhz_n_cmp_eq0000_wg_cy<4> (IC1/d1mhz_n_cmp_eq0000_wg_cy<4>)
     MUXCY:CI->O           1   0.052   0.000  IC1/d1mhz_n_cmp_eq0000_wg_cy<5> (IC1/d1mhz_n_cmp_eq0000_wg_cy<5>)
     MUXCY:CI->O          26   0.289   1.071  IC1/d1mhz_n_cmp_eq0000_wg_cy<6> (IC1/d1mhz_n_cmp_eq0000)
     FDR_1:R                   0.795          IC1/d1mhz_r_25
    ----------------------------------------
    Total                      4.546ns (2.871ns logic, 1.675ns route)
                                       (63.2% logic, 36.8% route)

=========================================================================
Timing constraint: Default OFFSET OUT AFTER for Clock 'ckht'
  Total number of paths / destination ports: 178 / 10
-------------------------------------------------------------------------
Offset:              7.543ns (Levels of Logic = 15)
  Source:            IC1/d20hz_r_4 (FF)
  Destination:       led<4> (PAD)
  Source Clock:      ckht falling

  Data Path: IC1/d20hz_r_4 to led<4>
                                Gate     Net
    Cell:in->out      fanout   Delay   Delay  Logical Name (Net Name)
    ----------------------------------------  ------------
     FDR_1:C->Q            3   0.514   0.603  IC1/d20hz_r_4 (IC1/d20hz_r_4)
     LUT1:I0->O            1   0.612   0.000  IC1/Mcompar_ck20hz_cmp_lt0000_cy<0>_rt (IC1/Mcompar_ck20hz_cmp_lt0000_cy<0>_rt)
     MUXCY:S->O            1   0.404   0.000  IC1/Mcompar_ck20hz_cmp_lt0000_cy<0> (IC1/Mcompar_ck20hz_cmp_lt0000_cy<0>)
     MUXCY:CI->O           1   0.051   0.000  IC1/Mcompar_ck20hz_cmp_lt0000_cy<1> (IC1/Mcompar_ck20hz_cmp_lt0000_cy<1>)
     MUXCY:CI->O           1   0.051   0.000  IC1/Mcompar_ck20hz_cmp_lt0000_cy<2> (IC1/Mcompar_ck20hz_cmp_lt0000_cy<2>)
     MUXCY:CI->O           1   0.051   0.000  IC1/Mcompar_ck20hz_cmp_lt0000_cy<3> (IC1/Mcompar_ck20hz_cmp_lt0000_cy<3>)
     MUXCY:CI->O           1   0.051   0.000  IC1/Mcompar_ck20hz_cmp_lt0000_cy<4> (IC1/Mcompar_ck20hz_cmp_lt0000_cy<4>)
     MUXCY:CI->O           1   0.051   0.000  IC1/Mcompar_ck20hz_cmp_lt0000_cy<5> (IC1/Mcompar_ck20hz_cmp_lt0000_cy<5>)
     MUXCY:CI->O           1   0.051   0.000  IC1/Mcompar_ck20hz_cmp_lt0000_cy<6> (IC1/Mcompar_ck20hz_cmp_lt0000_cy<6>)
     MUXCY:CI->O           1   0.051   0.000  IC1/Mcompar_ck20hz_cmp_lt0000_cy<7> (IC1/Mcompar_ck20hz_cmp_lt0000_cy<7>)
     MUXCY:CI->O           1   0.051   0.000  IC1/Mcompar_ck20hz_cmp_lt0000_cy<8> (IC1/Mcompar_ck20hz_cmp_lt0000_cy<8>)
     MUXCY:CI->O           1   0.051   0.000  IC1/Mcompar_ck20hz_cmp_lt0000_cy<9> (IC1/Mcompar_ck20hz_cmp_lt0000_cy<9>)
     MUXCY:CI->O           1   0.051   0.000  IC1/Mcompar_ck20hz_cmp_lt0000_cy<10> (IC1/Mcompar_ck20hz_cmp_lt0000_cy<10>)
     MUXCY:CI->O           1   0.399   0.357  IC1/Mcompar_ck20hz_cmp_lt0000_cy<11> (IC1/Mcompar_ck20hz_cmp_lt0000_cy<11>)
     INV:I->O              1   0.612   0.357  IC1/Mcompar_ck20hz_cmp_lt0000_cy<11>_inv_INV_0 (led_4_OBUF)
     OBUF:I->O                 3.169          led_4_OBUF (led<4>)
    ----------------------------------------
    Total                      7.543ns (6.226ns logic, 1.317ns route)
                                       (82.5% logic, 17.5% route)

=========================================================================


Total REAL time to Xst completion: 8.00 secs
Total CPU time to Xst completion: 7.59 secs
 
--> 


Total memory usage is 620036 kilobytes

Number of errors   :    0 (   0 filtered)
Number of warnings :    0 (   0 filtered)
Number of infos    :    0 (   0 filtered)

