Release 14.7 - xst P.20131013 (lin64)
Copyright (c) 1995-2013 Xilinx, Inc.  All rights reserved.
--> 
Parameter TMPDIR set to xst/projnav.tmp


Total REAL time to Xst completion: 0.00 secs
Total CPU time to Xst completion: 0.04 secs
 
--> 
Parameter xsthdpdir set to xst


Total REAL time to Xst completion: 0.00 secs
Total CPU time to Xst completion: 0.04 secs
 
--> 
Reading design: dk_16led_2ct_auto_std_pst_tsp.prj

TABLE OF CONTENTS
  1) Synthesis Options Summary
  2) HDL Compilation
  3) Design Hierarchy Analysis
  4) HDL Analysis
  5) HDL Synthesis
     5.1) HDL Synthesis Report
  6) Advanced HDL Synthesis
     6.1) Advanced HDL Synthesis Report
  7) Low Level Synthesis
  8) Partition Report
  9) Final Report
	9.1) Device utilization summary
	9.2) Partition Resource Summary
	9.3) TIMING REPORT


=========================================================================
*                      Synthesis Options Summary                        *
=========================================================================
---- Source Parameters
Input File Name                    : "dk_16led_2ct_auto_std_pst_tsp.prj"
Input Format                       : mixed
Ignore Synthesis Constraint File   : NO

---- Target Parameters
Output File Name                   : "dk_16led_2ct_auto_std_pst_tsp"
Output Format                      : NGC
Target Device                      : xc3s500e-5-pq208

---- Source Options
Top Module Name                    : dk_16led_2ct_auto_std_pst_tsp
Automatic FSM Extraction           : YES
FSM Encoding Algorithm             : Auto
Safe Implementation                : No
FSM Style                          : LUT
RAM Extraction                     : Yes
RAM Style                          : Auto
ROM Extraction                     : Yes
Mux Style                          : Auto
Decoder Extraction                 : YES
Priority Encoder Extraction        : Yes
Shift Register Extraction          : YES
Logical Shifter Extraction         : YES
XOR Collapsing                     : YES
ROM Style                          : Auto
Mux Extraction                     : Yes
Resource Sharing                   : YES
Asynchronous To Synchronous        : NO
Multiplier Style                   : Auto
Automatic Register Balancing       : No

---- Target Options
Add IO Buffers                     : YES
Global Maximum Fanout              : 500
Add Generic Clock Buffer(BUFG)     : 24
Register Duplication               : YES
Slice Packing                      : YES
Optimize Instantiated Primitives   : NO
Use Clock Enable                   : Yes
Use Synchronous Set                : Yes
Use Synchronous Reset              : Yes
Pack IO Registers into IOBs        : Auto
Equivalent register Removal        : YES

---- General Options
Optimization Goal                  : Speed
Optimization Effort                : 1
Keep Hierarchy                     : No
Netlist Hierarchy                  : As_Optimized
RTL Output                         : Yes
Global Optimization                : AllClockNets
Read Cores                         : YES
Write Timing Constraints           : NO
Cross Clock Analysis               : NO
Hierarchy Separator                : /
Bus Delimiter                      : <>
Case Specifier                     : Maintain
Slice Utilization Ratio            : 100
BRAM Utilization Ratio             : 100
Verilog 2001                       : YES
Auto BRAM Packing                  : NO
Slice Utilization Ratio Delta      : 5

=========================================================================


=========================================================================
*                          HDL Compilation                              *
=========================================================================
Compiling vhdl file "/home/ise/BT_ISE_XILINX/bai_444_dk_16led_2ct_auto_std_pst_tsp/chia_10ena.vhd" in Library work.
Architecture behavioral of Entity chia_10ena is up to date.
Compiling vhdl file "/home/ise/BT_ISE_XILINX/bai_444_dk_16led_2ct_auto_std_pst_tsp/js_pst.vhd" in Library work.
Architecture behavioral of Entity js_pst is up to date.
Compiling vhdl file "/home/ise/BT_ISE_XILINX/bai_444_dk_16led_2ct_auto_std_pst_tsp/js_tsp.vhd" in Library work.
Architecture behavioral of Entity js_tsp is up to date.
Compiling vhdl file "/home/ise/BT_ISE_XILINX/bai_444_dk_16led_2ct_auto_std_pst_tsp/dieukhien_chophep.vhd" in Library work.
Architecture behavioral of Entity dieukhien_chophep is up to date.
Compiling vhdl file "/home/ise/BT_ISE_XILINX/bai_444_dk_16led_2ct_auto_std_pst_tsp/dk_16led_2ct_auto_std_pst_tsp.vhd" in Library work.
Entity <dk_16led_2ct_auto_std_pst_tsp> compiled.
Entity <dk_16led_2ct_auto_std_pst_tsp> (Architecture <Behavioral>) compiled.

=========================================================================
*                     Design Hierarchy Analysis                         *
=========================================================================
Analyzing hierarchy for entity <dk_16led_2ct_auto_std_pst_tsp> in library <work> (architecture <Behavioral>).

Analyzing hierarchy for entity <chia_10ena> in library <work> (architecture <Behavioral>).

Analyzing hierarchy for entity <js_pst> in library <work> (architecture <Behavioral>).

Analyzing hierarchy for entity <js_tsp> in library <work> (architecture <Behavioral>).

Analyzing hierarchy for entity <dieukhien_chophep> in library <work> (architecture <Behavioral>).


=========================================================================
*                            HDL Analysis                               *
=========================================================================
Analyzing Entity <dk_16led_2ct_auto_std_pst_tsp> in library <work> (Architecture <Behavioral>).
Entity <dk_16led_2ct_auto_std_pst_tsp> analyzed. Unit <dk_16led_2ct_auto_std_pst_tsp> generated.

Analyzing Entity <chia_10ena> in library <work> (Architecture <Behavioral>).
Entity <chia_10ena> analyzed. Unit <chia_10ena> generated.

Analyzing Entity <js_pst> in library <work> (Architecture <Behavioral>).
Entity <js_pst> analyzed. Unit <js_pst> generated.

Analyzing Entity <js_tsp> in library <work> (Architecture <Behavioral>).
Entity <js_tsp> analyzed. Unit <js_tsp> generated.

Analyzing Entity <dieukhien_chophep> in library <work> (Architecture <Behavioral>).
Entity <dieukhien_chophep> analyzed. Unit <dieukhien_chophep> generated.


=========================================================================
*                           HDL Synthesis                               *
=========================================================================

Performing bidirectional port resolution...

Synthesizing Unit <chia_10ena>.
    Related source file is "/home/ise/BT_ISE_XILINX/bai_444_dk_16led_2ct_auto_std_pst_tsp/chia_10ena.vhd".
    Found 24-bit up counter for signal <d5hz_r>.
    Summary:
	inferred   1 Counter(s).
Unit <chia_10ena> synthesized.


Synthesizing Unit <js_pst>.
    Related source file is "/home/ise/BT_ISE_XILINX/bai_444_dk_16led_2ct_auto_std_pst_tsp/js_pst.vhd".
    Found 16-bit register for signal <q_r>.
    Summary:
	inferred  16 D-type flip-flop(s).
Unit <js_pst> synthesized.


Synthesizing Unit <js_tsp>.
    Related source file is "/home/ise/BT_ISE_XILINX/bai_444_dk_16led_2ct_auto_std_pst_tsp/js_tsp.vhd".
    Found 16-bit register for signal <q_r>.
    Summary:
	inferred  16 D-type flip-flop(s).
Unit <js_tsp> synthesized.


Synthesizing Unit <dieukhien_chophep>.
    Related source file is "/home/ise/BT_ISE_XILINX/bai_444_dk_16led_2ct_auto_std_pst_tsp/dieukhien_chophep.vhd".
    Found 6-bit up counter for signal <dem_r>.
    Found 6-bit comparator less for signal <oe$cmp_lt0000> created at line 55.
    Summary:
	inferred   1 Counter(s).
	inferred   1 Comparator(s).
Unit <dieukhien_chophep> synthesized.


Synthesizing Unit <dk_16led_2ct_auto_std_pst_tsp>.
    Related source file is "/home/ise/BT_ISE_XILINX/bai_444_dk_16led_2ct_auto_std_pst_tsp/dk_16led_2ct_auto_std_pst_tsp.vhd".
Unit <dk_16led_2ct_auto_std_pst_tsp> synthesized.


=========================================================================
HDL Synthesis Report

Macro Statistics
# Counters                                             : 2
 24-bit up counter                                     : 1
 6-bit up counter                                      : 1
# Registers                                            : 2
 16-bit register                                       : 2
# Comparators                                          : 1
 6-bit comparator less                                 : 1

=========================================================================

=========================================================================
*                       Advanced HDL Synthesis                          *
=========================================================================


=========================================================================
Advanced HDL Synthesis Report

Macro Statistics
# Counters                                             : 2
 24-bit up counter                                     : 1
 6-bit up counter                                      : 1
# Registers                                            : 32
 Flip-Flops                                            : 32
# Comparators                                          : 1
 6-bit comparator less                                 : 1

=========================================================================

=========================================================================
*                         Low Level Synthesis                           *
=========================================================================

Optimizing unit <dk_16led_2ct_auto_std_pst_tsp> ...

Optimizing unit <js_pst> ...

Optimizing unit <js_tsp> ...

Optimizing unit <dieukhien_chophep> ...

Mapping all equations...
Building and optimizing final netlist ...
Found area constraint ratio of 100 (+ 5) on block dk_16led_2ct_auto_std_pst_tsp, actual ratio is 1.

Final Macro Processing ...

=========================================================================
Final Register Report

Macro Statistics
# Registers                                            : 62
 Flip-Flops                                            : 62

=========================================================================

=========================================================================
*                           Partition Report                            *
=========================================================================

Partition Implementation Status
-------------------------------

  No Partitions were found in this design.

-------------------------------

=========================================================================
*                            Final Report                               *
=========================================================================
Final Results
RTL Top Level Output File Name     : dk_16led_2ct_auto_std_pst_tsp.ngr
Top Level Output File Name         : dk_16led_2ct_auto_std_pst_tsp
Output Format                      : NGC
Optimization Goal                  : Speed
Keep Hierarchy                     : No

Design Statistics
# IOs                              : 18

Cell Usage :
# BELS                             : 143
#      GND                         : 1
#      INV                         : 3
#      LUT1                        : 23
#      LUT2                        : 1
#      LUT3                        : 36
#      LUT3_D                      : 1
#      LUT4                        : 24
#      MUXCY                       : 29
#      VCC                         : 1
#      XORCY                       : 24
# FlipFlops/Latches                : 62
#      FD                          : 24
#      FDCE                        : 6
#      FDCE_1                      : 32
# Clock Buffers                    : 1
#      BUFGP                       : 1
# IO Buffers                       : 17
#      IBUF                        : 1
#      OBUF                        : 16
=========================================================================

Device utilization summary:
---------------------------

Selected Device : 3s500epq208-5 

 Number of Slices:                       47  out of   4656     1%  
 Number of Slice Flip Flops:             62  out of   9312     0%  
 Number of 4 input LUTs:                 88  out of   9312     0%  
 Number of IOs:                          18
 Number of bonded IOBs:                  18  out of    158    11%  
 Number of GCLKs:                         1  out of     24     4%  

---------------------------
Partition Resource Summary:
---------------------------

  No Partitions were found in this design.

---------------------------


=========================================================================
TIMING REPORT

NOTE: THESE TIMING NUMBERS ARE ONLY A SYNTHESIS ESTIMATE.
      FOR ACCURATE TIMING INFORMATION PLEASE REFER TO THE TRACE REPORT
      GENERATED AFTER PLACE-and-ROUTE.

Clock Information:
------------------
-----------------------------------+------------------------+-------+
Clock Signal                       | Clock buffer(FF name)  | Load  |
-----------------------------------+------------------------+-------+
ckht                               | BUFGP                  | 62    |
-----------------------------------+------------------------+-------+

Asynchronous Control Signals Information:
----------------------------------------
-----------------------------------+------------------------+-------+
Control Signal                     | Buffer(FF name)        | Load  |
-----------------------------------+------------------------+-------+
btn0                               | IBUF                   | 38    |
-----------------------------------+------------------------+-------+

Timing Summary:
---------------
Speed Grade: -5

   Minimum period: 5.204ns (Maximum Frequency: 192.167MHz)
   Minimum input arrival time before clock: 4.320ns
   Maximum output required time after clock: 5.799ns
   Maximum combinational path delay: 6.484ns

Timing Detail:
--------------
All values displayed in nanoseconds (ns)

=========================================================================
Timing constraint: Default period analysis for Clock 'ckht'
  Clock period: 5.204ns (frequency: 192.167MHz)
  Total number of paths / destination ports: 1329 / 100
-------------------------------------------------------------------------
Delay:               5.204ns (Levels of Logic = 8)
  Source:            IC1/d5hz_r_8 (FF)
  Destination:       IC2/q_r_15 (FF)
  Source Clock:      ckht falling
  Destination Clock: ckht falling

  Data Path: IC1/d5hz_r_8 to IC2/q_r_15
                                Gate     Net
    Cell:in->out      fanout   Delay   Delay  Logical Name (Net Name)
    ----------------------------------------  ------------
     FD:C->Q               2   0.514   0.532  IC1/d5hz_r_8 (IC1/d5hz_r_8)
     LUT4:I0->O            1   0.612   0.000  IC1/ena5hz_cmp_eq0000_wg_lut<0> (IC1/ena5hz_cmp_eq0000_wg_lut<0>)
     MUXCY:S->O            1   0.404   0.000  IC1/ena5hz_cmp_eq0000_wg_cy<0> (IC1/ena5hz_cmp_eq0000_wg_cy<0>)
     MUXCY:CI->O           1   0.052   0.000  IC1/ena5hz_cmp_eq0000_wg_cy<1> (IC1/ena5hz_cmp_eq0000_wg_cy<1>)
     MUXCY:CI->O           1   0.052   0.000  IC1/ena5hz_cmp_eq0000_wg_cy<2> (IC1/ena5hz_cmp_eq0000_wg_cy<2>)
     MUXCY:CI->O           1   0.052   0.000  IC1/ena5hz_cmp_eq0000_wg_cy<3> (IC1/ena5hz_cmp_eq0000_wg_cy<3>)
     MUXCY:CI->O           1   0.052   0.000  IC1/ena5hz_cmp_eq0000_wg_cy<4> (IC1/ena5hz_cmp_eq0000_wg_cy<4>)
     MUXCY:CI->O           8   0.289   0.673  IC1/ena5hz_cmp_eq0000_wg_cy<5> (IC1/ena5hz_cmp_eq0000_wg_cy<5>)
     LUT3:I2->O           16   0.612   0.879  IC2/q_r_not00011 (IC2/q_r_not0001)
     FDCE_1:CE                 0.483          IC2/q_r_0
    ----------------------------------------
    Total                      5.204ns (3.120ns logic, 2.084ns route)
                                       (59.9% logic, 40.1% route)

=========================================================================
Timing constraint: Default OFFSET IN BEFORE for Clock 'ckht'
  Total number of paths / destination ports: 64 / 64
-------------------------------------------------------------------------
Offset:              4.320ns (Levels of Logic = 2)
  Source:            btn0 (PAD)
  Destination:       IC2/q_r_15 (FF)
  Destination Clock: ckht falling

  Data Path: btn0 to IC2/q_r_15
                                Gate     Net
    Cell:in->out      fanout   Delay   Delay  Logical Name (Net Name)
    ----------------------------------------  ------------
     IBUF:I->O            88   1.106   1.240  btn0_IBUF (btn0_IBUF)
     LUT3:I0->O           16   0.612   0.879  IC2/q_r_not00011 (IC2/q_r_not0001)
     FDCE_1:CE                 0.483          IC2/q_r_0
    ----------------------------------------
    Total                      4.320ns (2.201ns logic, 2.119ns route)
                                       (51.0% logic, 49.0% route)

=========================================================================
Timing constraint: Default OFFSET OUT AFTER for Clock 'ckht'
  Total number of paths / destination ports: 48 / 16
-------------------------------------------------------------------------
Offset:              5.799ns (Levels of Logic = 2)
  Source:            IC4/dem_r_5 (FF)
  Destination:       led<15> (PAD)
  Source Clock:      ckht falling

  Data Path: IC4/dem_r_5 to led<15>
                                Gate     Net
    Cell:in->out      fanout   Delay   Delay  Logical Name (Net Name)
    ----------------------------------------  ------------
     FDCE:C->Q            51   0.514   1.147  IC4/dem_r_5 (IC4/dem_r_5)
     LUT4:I1->O            1   0.612   0.357  led<9>1 (led_9_OBUF)
     OBUF:I->O                 3.169          led_9_OBUF (led<9>)
    ----------------------------------------
    Total                      5.799ns (4.295ns logic, 1.504ns route)
                                       (74.1% logic, 25.9% route)

=========================================================================
Timing constraint: Default path analysis
  Total number of paths / destination ports: 16 / 16
-------------------------------------------------------------------------
Delay:               6.484ns (Levels of Logic = 3)
  Source:            btn0 (PAD)
  Destination:       led<15> (PAD)

  Data Path: btn0 to led<15>
                                Gate     Net
    Cell:in->out      fanout   Delay   Delay  Logical Name (Net Name)
    ----------------------------------------  ------------
     IBUF:I->O            88   1.106   1.240  btn0_IBUF (btn0_IBUF)
     LUT4:I0->O            1   0.612   0.357  led<9>1 (led_9_OBUF)
     OBUF:I->O                 3.169          led_9_OBUF (led<9>)
    ----------------------------------------
    Total                      6.484ns (4.887ns logic, 1.597ns route)
                                       (75.4% logic, 24.6% route)

=========================================================================


Total REAL time to Xst completion: 6.00 secs
Total CPU time to Xst completion: 5.74 secs
 
--> 


Total memory usage is 609484 kilobytes

Number of errors   :    0 (   0 filtered)
Number of warnings :    0 (   0 filtered)
Number of infos    :    0 (   0 filtered)

