Release 14.7 - xst P.20131013 (lin64)
Copyright (c) 1995-2013 Xilinx, Inc.  All rights reserved.
--> 
Parameter TMPDIR set to xst/projnav.tmp


Total REAL time to Xst completion: 0.00 secs
Total CPU time to Xst completion: 0.04 secs
 
--> 
Parameter xsthdpdir set to xst


Total REAL time to Xst completion: 0.00 secs
Total CPU time to Xst completion: 0.04 secs
 
--> 
Reading design: dk_16led_std_pst.prj

TABLE OF CONTENTS
  1) Synthesis Options Summary
  2) HDL Compilation
  3) Design Hierarchy Analysis
  4) HDL Analysis
  5) HDL Synthesis
     5.1) HDL Synthesis Report
  6) Advanced HDL Synthesis
     6.1) Advanced HDL Synthesis Report
  7) Low Level Synthesis
  8) Partition Report
  9) Final Report
	9.1) Device utilization summary
	9.2) Partition Resource Summary
	9.3) TIMING REPORT


=========================================================================
*                      Synthesis Options Summary                        *
=========================================================================
---- Source Parameters
Input File Name                    : "dk_16led_std_pst.prj"
Input Format                       : mixed
Ignore Synthesis Constraint File   : NO

---- Target Parameters
Output File Name                   : "dk_16led_std_pst"
Output Format                      : NGC
Target Device                      : xc3s500e-5-pq208

---- Source Options
Top Module Name                    : dk_16led_std_pst
Automatic FSM Extraction           : YES
FSM Encoding Algorithm             : Auto
Safe Implementation                : No
FSM Style                          : LUT
RAM Extraction                     : Yes
RAM Style                          : Auto
ROM Extraction                     : Yes
Mux Style                          : Auto
Decoder Extraction                 : YES
Priority Encoder Extraction        : Yes
Shift Register Extraction          : YES
Logical Shifter Extraction         : YES
XOR Collapsing                     : YES
ROM Style                          : Auto
Mux Extraction                     : Yes
Resource Sharing                   : YES
Asynchronous To Synchronous        : NO
Multiplier Style                   : Auto
Automatic Register Balancing       : No

---- Target Options
Add IO Buffers                     : YES
Global Maximum Fanout              : 500
Add Generic Clock Buffer(BUFG)     : 24
Register Duplication               : YES
Slice Packing                      : YES
Optimize Instantiated Primitives   : NO
Use Clock Enable                   : Yes
Use Synchronous Set                : Yes
Use Synchronous Reset              : Yes
Pack IO Registers into IOBs        : Auto
Equivalent register Removal        : YES

---- General Options
Optimization Goal                  : Speed
Optimization Effort                : 1
Keep Hierarchy                     : No
Netlist Hierarchy                  : As_Optimized
RTL Output                         : Yes
Global Optimization                : AllClockNets
Read Cores                         : YES
Write Timing Constraints           : NO
Cross Clock Analysis               : NO
Hierarchy Separator                : /
Bus Delimiter                      : <>
Case Specifier                     : Maintain
Slice Utilization Ratio            : 100
BRAM Utilization Ratio             : 100
Verilog 2001                       : YES
Auto BRAM Packing                  : NO
Slice Utilization Ratio Delta      : 5

=========================================================================


=========================================================================
*                          HDL Compilation                              *
=========================================================================
Compiling vhdl file "/home/ise/BT_ISE_XILINX/bai_441_dk_16led_std_pst/chia_10ena.vhd" in Library work.
Architecture behavioral of Entity chia_10ena is up to date.
Compiling vhdl file "/home/ise/BT_ISE_XILINX/bai_441_dk_16led_std_pst/js_pst.vhd" in Library work.
Entity <js_pst> compiled.
Entity <js_pst> (Architecture <behavioral>) compiled.
Compiling vhdl file "/home/ise/BT_ISE_XILINX/bai_441_dk_16led_std_pst/dk_16led_std_pst.vhd" in Library work.
Architecture behavioral of Entity dk_16led_std_pst is up to date.

=========================================================================
*                     Design Hierarchy Analysis                         *
=========================================================================
Analyzing hierarchy for entity <dk_16led_std_pst> in library <work> (architecture <behavioral>).

Analyzing hierarchy for entity <chia_10ena> in library <work> (architecture <Behavioral>).

Analyzing hierarchy for entity <js_pst> in library <work> (architecture <Behavioral>).


=========================================================================
*                            HDL Analysis                               *
=========================================================================
Analyzing Entity <dk_16led_std_pst> in library <work> (Architecture <behavioral>).
Entity <dk_16led_std_pst> analyzed. Unit <dk_16led_std_pst> generated.

Analyzing Entity <chia_10ena> in library <work> (Architecture <Behavioral>).
Entity <chia_10ena> analyzed. Unit <chia_10ena> generated.

Analyzing Entity <js_pst> in library <work> (Architecture <Behavioral>).
Entity <js_pst> analyzed. Unit <js_pst> generated.


=========================================================================
*                           HDL Synthesis                               *
=========================================================================

Performing bidirectional port resolution...

Synthesizing Unit <chia_10ena>.
    Related source file is "/home/ise/BT_ISE_XILINX/bai_441_dk_16led_std_pst/chia_10ena.vhd".
    Found 24-bit up counter for signal <d5hz_r>.
    Summary:
	inferred   1 Counter(s).
Unit <chia_10ena> synthesized.


Synthesizing Unit <js_pst>.
    Related source file is "/home/ise/BT_ISE_XILINX/bai_441_dk_16led_std_pst/js_pst.vhd".
    Found 16-bit register for signal <q_r>.
    Summary:
	inferred  16 D-type flip-flop(s).
Unit <js_pst> synthesized.


Synthesizing Unit <dk_16led_std_pst>.
    Related source file is "/home/ise/BT_ISE_XILINX/bai_441_dk_16led_std_pst/dk_16led_std_pst.vhd".
Unit <dk_16led_std_pst> synthesized.


=========================================================================
HDL Synthesis Report

Macro Statistics
# Counters                                             : 1
 24-bit up counter                                     : 1
# Registers                                            : 1
 16-bit register                                       : 1

=========================================================================

=========================================================================
*                       Advanced HDL Synthesis                          *
=========================================================================


=========================================================================
Advanced HDL Synthesis Report

Macro Statistics
# Counters                                             : 1
 24-bit up counter                                     : 1
# Registers                                            : 16
 Flip-Flops                                            : 16

=========================================================================

=========================================================================
*                         Low Level Synthesis                           *
=========================================================================

Optimizing unit <dk_16led_std_pst> ...

Optimizing unit <js_pst> ...

Mapping all equations...
Building and optimizing final netlist ...
Found area constraint ratio of 100 (+ 5) on block dk_16led_std_pst, actual ratio is 0.

Final Macro Processing ...

=========================================================================
Final Register Report

Macro Statistics
# Registers                                            : 40
 Flip-Flops                                            : 40

=========================================================================

=========================================================================
*                           Partition Report                            *
=========================================================================

Partition Implementation Status
-------------------------------

  No Partitions were found in this design.

-------------------------------

=========================================================================
*                            Final Report                               *
=========================================================================
Final Results
RTL Top Level Output File Name     : dk_16led_std_pst.ngr
Top Level Output File Name         : dk_16led_std_pst
Output Format                      : NGC
Optimization Goal                  : Speed
Keep Hierarchy                     : No

Design Statistics
# IOs                              : 19

Cell Usage :
# BELS                             : 99
#      GND                         : 1
#      INV                         : 2
#      LUT1                        : 23
#      LUT2                        : 17
#      LUT4                        : 6
#      LUT4_L                      : 2
#      MUXCY                       : 23
#      VCC                         : 1
#      XORCY                       : 24
# FlipFlops/Latches                : 40
#      FD                          : 24
#      FDCE_1                      : 16
# Clock Buffers                    : 1
#      BUFGP                       : 1
# IO Buffers                       : 18
#      IBUF                        : 2
#      OBUF                        : 16
=========================================================================

Device utilization summary:
---------------------------

Selected Device : 3s500epq208-5 

 Number of Slices:                       26  out of   4656     0%  
 Number of Slice Flip Flops:             40  out of   9312     0%  
 Number of 4 input LUTs:                 50  out of   9312     0%  
 Number of IOs:                          19
 Number of bonded IOBs:                  19  out of    158    12%  
 Number of GCLKs:                         1  out of     24     4%  

---------------------------
Partition Resource Summary:
---------------------------

  No Partitions were found in this design.

---------------------------


=========================================================================
TIMING REPORT

NOTE: THESE TIMING NUMBERS ARE ONLY A SYNTHESIS ESTIMATE.
      FOR ACCURATE TIMING INFORMATION PLEASE REFER TO THE TRACE REPORT
      GENERATED AFTER PLACE-and-ROUTE.

Clock Information:
------------------
-----------------------------------+------------------------+-------+
Clock Signal                       | Clock buffer(FF name)  | Load  |
-----------------------------------+------------------------+-------+
ckht                               | BUFGP                  | 40    |
-----------------------------------+------------------------+-------+

Asynchronous Control Signals Information:
----------------------------------------
-----------------------------------+------------------------+-------+
Control Signal                     | Buffer(FF name)        | Load  |
-----------------------------------+------------------------+-------+
btn0                               | IBUF                   | 16    |
-----------------------------------+------------------------+-------+

Timing Summary:
---------------
Speed Grade: -5

   Minimum period: 5.030ns (Maximum Frequency: 198.813MHz)
   Minimum input arrival time before clock: 4.140ns
   Maximum output required time after clock: 5.101ns
   Maximum combinational path delay: 6.327ns

Timing Detail:
--------------
All values displayed in nanoseconds (ns)

=========================================================================
Timing constraint: Default period analysis for Clock 'ckht'
  Clock period: 5.030ns (frequency: 198.813MHz)
  Total number of paths / destination ports: 700 / 56
-------------------------------------------------------------------------
Delay:               5.030ns (Levels of Logic = 3)
  Source:            IC1/d5hz_r_14 (FF)
  Destination:       IC2/q_r_15 (FF)
  Source Clock:      ckht falling
  Destination Clock: ckht falling

  Data Path: IC1/d5hz_r_14 to IC2/q_r_15
                                Gate     Net
    Cell:in->out      fanout   Delay   Delay  Logical Name (Net Name)
    ----------------------------------------  ------------
     FD:C->Q               2   0.514   0.532  IC1/d5hz_r_14 (IC1/d5hz_r_14)
     LUT4:I0->O            1   0.612   0.426  IC2/q_r_not000155 (IC2/q_r_not000155)
     LUT4:I1->O            1   0.612   0.360  IC2/q_r_not000199 (IC2/q_r_not000199)
     LUT4:I3->O           16   0.612   0.879  IC2/q_r_not0001125 (IC2/q_r_not0001)
     FDCE_1:CE                 0.483          IC2/q_r_0
    ----------------------------------------
    Total                      5.030ns (2.833ns logic, 2.197ns route)
                                       (56.3% logic, 43.7% route)

=========================================================================
Timing constraint: Default OFFSET IN BEFORE for Clock 'ckht'
  Total number of paths / destination ports: 32 / 32
-------------------------------------------------------------------------
Offset:              4.140ns (Levels of Logic = 2)
  Source:            sw0 (PAD)
  Destination:       IC2/q_r_15 (FF)
  Destination Clock: ckht falling

  Data Path: sw0 to IC2/q_r_15
                                Gate     Net
    Cell:in->out      fanout   Delay   Delay  Logical Name (Net Name)
    ----------------------------------------  ------------
     IBUF:I->O            18   1.106   1.060  sw0_IBUF (sw0_IBUF)
     LUT4:I0->O           16   0.612   0.879  IC2/q_r_not0001125 (IC2/q_r_not0001)
     FDCE_1:CE                 0.483          IC2/q_r_0
    ----------------------------------------
    Total                      4.140ns (2.201ns logic, 1.939ns route)
                                       (53.2% logic, 46.8% route)

=========================================================================
Timing constraint: Default OFFSET OUT AFTER for Clock 'ckht'
  Total number of paths / destination ports: 16 / 16
-------------------------------------------------------------------------
Offset:              5.101ns (Levels of Logic = 2)
  Source:            IC2/q_r_14 (FF)
  Destination:       led<14> (PAD)
  Source Clock:      ckht falling

  Data Path: IC2/q_r_14 to led<14>
                                Gate     Net
    Cell:in->out      fanout   Delay   Delay  Logical Name (Net Name)
    ----------------------------------------  ------------
     FDCE_1:C->Q           1   0.514   0.426  IC2/q_r_14 (IC2/q_r_14)
     LUT2:I1->O            2   0.612   0.380  IC2/q<14>1 (led_14_OBUF)
     OBUF:I->O                 3.169          led_14_OBUF (led<14>)
    ----------------------------------------
    Total                      5.101ns (4.295ns logic, 0.806ns route)
                                       (84.2% logic, 15.8% route)

=========================================================================
Timing constraint: Default path analysis
  Total number of paths / destination ports: 16 / 16
-------------------------------------------------------------------------
Delay:               6.327ns (Levels of Logic = 3)
  Source:            sw0 (PAD)
  Destination:       led<14> (PAD)

  Data Path: sw0 to led<14>
                                Gate     Net
    Cell:in->out      fanout   Delay   Delay  Logical Name (Net Name)
    ----------------------------------------  ------------
     IBUF:I->O            18   1.106   1.060  sw0_IBUF (sw0_IBUF)
     LUT2:I0->O            2   0.612   0.380  IC2/q<9>1 (led_9_OBUF)
     OBUF:I->O                 3.169          led_9_OBUF (led<9>)
    ----------------------------------------
    Total                      6.327ns (4.887ns logic, 1.440ns route)
                                       (77.2% logic, 22.8% route)

=========================================================================


Total REAL time to Xst completion: 6.00 secs
Total CPU time to Xst completion: 5.47 secs
 
--> 


Total memory usage is 608088 kilobytes

Number of errors   :    0 (   0 filtered)
Number of warnings :    0 (   0 filtered)
Number of infos    :    0 (   0 filtered)

