--------------------------------------------------------------------------------
Release 14.7 Trace  (nt64)
Copyright (c) 1995-2013 Xilinx, Inc.  All rights reserved.

C:\Xilinx\14.7\ISE_DS\ISE\bin\nt64\unwrapped\trce.exe -intstyle ise -v 3 -s 5
-n 3 -fastpaths -xml DHT11_HIENTHI_LCD_SO_TO.twx DHT11_HIENTHI_LCD_SO_TO.ncd -o
DHT11_HIENTHI_LCD_SO_TO.twr DHT11_HIENTHI_LCD_SO_TO.pcf

Design file:              DHT11_HIENTHI_LCD_SO_TO.ncd
Physical constraint file: DHT11_HIENTHI_LCD_SO_TO.pcf
Device,package,speed:     xc3s500e,pq208,-5 (PRODUCTION 1.27 2013-10-13)
Report level:             verbose report

Environment Variable      Effect 
--------------------      ------ 
NONE                      No environment variables were set
--------------------------------------------------------------------------------

INFO:Timing:2698 - No timing constraints found, doing default enumeration.
INFO:Timing:3412 - To improve timing, see the Timing Closure User Guide (UG612).
INFO:Timing:2752 - To get complete path coverage, use the unconstrained paths 
   option. All paths that are not constrained will be reported in the 
   unconstrained paths section(s) of the report.
INFO:Timing:3339 - The clock-to-out numbers in this timing report are based on 
   a 50 Ohm transmission line loading model.  For the details of this model, 
   and for more information on accounting for different loading conditions, 
   please see the device datasheet.
INFO:Timing:3390 - This architecture does not support a default System Jitter 
   value, please add SYSTEM_JITTER constraint to the UCF to modify the Clock 
   Uncertainty calculation.
INFO:Timing:3389 - This architecture does not support 'Discrete Jitter' and 
   'Phase Error' calculations, these terms will be zero in the Clock 
   Uncertainty calculation.  Please make appropriate modification to 
   SYSTEM_JITTER to account for the unsupported Discrete Jitter and Phase 
   Error.



Data Sheet report:
-----------------
All values displayed in nanoseconds (ns)

Setup/Hold to clock CKHT
------------+------------+------------+------------------+--------+
            |Max Setup to|Max Hold to |                  | Clock  |
Source      | clk (edge) | clk (edge) |Internal Clock(s) | Phase  |
------------+------------+------------+------------------+--------+
BTN0        |    7.041(F)|    0.553(F)|CKHT_BUFGP        |   0.000|
DHT11       |    0.270(F)|    0.910(F)|CKHT_BUFGP        |   0.000|
------------+------------+------------+------------------+--------+

Clock CKHT to Pad
------------+------------+------------------+--------+
            | clk (edge) |                  | Clock  |
Destination |   to PAD   |Internal Clock(s) | Phase  |
------------+------------+------------------+--------+
DHT11       |    7.301(F)|CKHT_BUFGP        |   0.000|
LCD_DB<0>   |    8.265(F)|CKHT_BUFGP        |   0.000|
LCD_DB<1>   |    8.832(F)|CKHT_BUFGP        |   0.000|
LCD_DB<2>   |    8.707(F)|CKHT_BUFGP        |   0.000|
LCD_DB<3>   |    7.903(F)|CKHT_BUFGP        |   0.000|
LCD_DB<4>   |    7.320(F)|CKHT_BUFGP        |   0.000|
LCD_DB<5>   |    8.460(F)|CKHT_BUFGP        |   0.000|
LCD_DB<6>   |    7.563(F)|CKHT_BUFGP        |   0.000|
LCD_DB<7>   |    6.551(F)|CKHT_BUFGP        |   0.000|
LCD_E       |    7.797(F)|CKHT_BUFGP        |   0.000|
LCD_RS      |    6.980(F)|CKHT_BUFGP        |   0.000|
LED0        |    7.901(F)|CKHT_BUFGP        |   0.000|
LED1        |   20.001(F)|CKHT_BUFGP        |   0.000|
------------+------------+------------------+--------+

Clock to Setup on destination clock CKHT
---------------+---------+---------+---------+---------+
               | Src:Rise| Src:Fall| Src:Rise| Src:Fall|
Source Clock   |Dest:Rise|Dest:Rise|Dest:Fall|Dest:Fall|
---------------+---------+---------+---------+---------+
CKHT           |         |         |         |   13.403|
---------------+---------+---------+---------+---------+

Pad to Pad
---------------+---------------+---------+
Source Pad     |Destination Pad|  Delay  |
---------------+---------------+---------+
SWP            |LCD_P          |    6.851|
---------------+---------------+---------+


Analysis completed Fri May 27 14:14:48 2022 
--------------------------------------------------------------------------------

Trace Settings:
-------------------------
Trace Settings 

Peak Memory Usage: 4526 MB



