Release 14.7 - xst P.20131013 (lin64)
Copyright (c) 1995-2013 Xilinx, Inc.  All rights reserved.
--> 
Parameter TMPDIR set to xst/projnav.tmp


Total REAL time to Xst completion: 0.00 secs
Total CPU time to Xst completion: 0.00 secs
 
--> 
Parameter xsthdpdir set to xst


Total REAL time to Xst completion: 0.00 secs
Total CPU time to Xst completion: 0.00 secs
 
--> 
Reading design: ht_8so_8l7d.prj

TABLE OF CONTENTS
  1) Synthesis Options Summary
  2) HDL Compilation
  3) Design Hierarchy Analysis
  4) HDL Analysis
  5) HDL Synthesis
     5.1) HDL Synthesis Report
  6) Advanced HDL Synthesis
     6.1) Advanced HDL Synthesis Report
  7) Low Level Synthesis
  8) Partition Report
  9) Final Report
	9.1) Device utilization summary
	9.2) Partition Resource Summary
	9.3) TIMING REPORT


=========================================================================
*                      Synthesis Options Summary                        *
=========================================================================
---- Source Parameters
Input File Name                    : "ht_8so_8l7d.prj"
Input Format                       : mixed
Ignore Synthesis Constraint File   : NO

---- Target Parameters
Output File Name                   : "ht_8so_8l7d"
Output Format                      : NGC
Target Device                      : xc3s500e-5-pq208

---- Source Options
Top Module Name                    : ht_8so_8l7d
Automatic FSM Extraction           : YES
FSM Encoding Algorithm             : Auto
Safe Implementation                : No
FSM Style                          : LUT
RAM Extraction                     : Yes
RAM Style                          : Auto
ROM Extraction                     : Yes
Mux Style                          : Auto
Decoder Extraction                 : YES
Priority Encoder Extraction        : Yes
Shift Register Extraction          : YES
Logical Shifter Extraction         : YES
XOR Collapsing                     : YES
ROM Style                          : Auto
Mux Extraction                     : Yes
Resource Sharing                   : YES
Asynchronous To Synchronous        : NO
Multiplier Style                   : Auto
Automatic Register Balancing       : No

---- Target Options
Add IO Buffers                     : YES
Global Maximum Fanout              : 500
Add Generic Clock Buffer(BUFG)     : 24
Register Duplication               : YES
Slice Packing                      : YES
Optimize Instantiated Primitives   : NO
Use Clock Enable                   : Yes
Use Synchronous Set                : Yes
Use Synchronous Reset              : Yes
Pack IO Registers into IOBs        : Auto
Equivalent register Removal        : YES

---- General Options
Optimization Goal                  : Speed
Optimization Effort                : 1
Keep Hierarchy                     : No
Netlist Hierarchy                  : As_Optimized
RTL Output                         : Yes
Global Optimization                : AllClockNets
Read Cores                         : YES
Write Timing Constraints           : NO
Cross Clock Analysis               : NO
Hierarchy Separator                : /
Bus Delimiter                      : <>
Case Specifier                     : Maintain
Slice Utilization Ratio            : 100
BRAM Utilization Ratio             : 100
Verilog 2001                       : YES
Auto BRAM Packing                  : NO
Slice Utilization Ratio Delta      : 5

=========================================================================


=========================================================================
*                          HDL Compilation                              *
=========================================================================
Compiling vhdl file "/home/ise/BT_ISE_XILINX/bai_506_ht_8so_8l7d/dem_3bit.vhd" in Library work.
Architecture behavioral of Entity dem_3bit is up to date.
Compiling vhdl file "/home/ise/BT_ISE_XILINX/bai_506_ht_8so_8l7d/giaima_38h.vhd" in Library work.
Architecture behavioral of Entity giaima_38h is up to date.
Compiling vhdl file "/home/ise/BT_ISE_XILINX/bai_506_ht_8so_8l7d/dahop_8kenh.vhd" in Library work.
Architecture behavioral of Entity dahop_8kenh is up to date.
Compiling vhdl file "/home/ise/BT_ISE_XILINX/bai_506_ht_8so_8l7d/giaima_7doan.vhd" in Library work.
Architecture behavioral of Entity giaima_7doan is up to date.
Compiling vhdl file "/home/ise/BT_ISE_XILINX/bai_506_ht_8so_8l7d/chia_10ena.vhd" in Library work.
Architecture behavioral of Entity chia_10ena is up to date.
Compiling vhdl file "/home/ise/BT_ISE_XILINX/bai_506_ht_8so_8l7d/gm_ht_8led.vhd" in Library work.
Architecture behavioral of Entity gm_ht_8led is up to date.
Compiling vhdl file "/home/ise/BT_ISE_XILINX/bai_506_ht_8so_8l7d/ht_8so_8l7d.vhd" in Library work.
Entity <ht_8so_8l7d> compiled.
Entity <ht_8so_8l7d> (Architecture <Behavioral>) compiled.

=========================================================================
*                     Design Hierarchy Analysis                         *
=========================================================================
Analyzing hierarchy for entity <ht_8so_8l7d> in library <work> (architecture <Behavioral>).

Analyzing hierarchy for entity <chia_10ena> in library <work> (architecture <Behavioral>).

Analyzing hierarchy for entity <gm_ht_8led> in library <work> (architecture <Behavioral>).

Analyzing hierarchy for entity <dem_3bit> in library <work> (architecture <Behavioral>).

Analyzing hierarchy for entity <giaima_38h> in library <work> (architecture <Behavioral>).

Analyzing hierarchy for entity <dahop_8kenh> in library <work> (architecture <Behavioral>).

Analyzing hierarchy for entity <giaima_7doan> in library <work> (architecture <Behavioral>).


=========================================================================
*                            HDL Analysis                               *
=========================================================================
Analyzing Entity <ht_8so_8l7d> in library <work> (Architecture <Behavioral>).
Entity <ht_8so_8l7d> analyzed. Unit <ht_8so_8l7d> generated.

Analyzing Entity <chia_10ena> in library <work> (Architecture <Behavioral>).
Entity <chia_10ena> analyzed. Unit <chia_10ena> generated.

Analyzing Entity <gm_ht_8led> in library <work> (Architecture <Behavioral>).
Entity <gm_ht_8led> analyzed. Unit <gm_ht_8led> generated.

Analyzing Entity <dem_3bit> in library <work> (Architecture <Behavioral>).
Entity <dem_3bit> analyzed. Unit <dem_3bit> generated.

Analyzing Entity <giaima_38h> in library <work> (Architecture <Behavioral>).
Entity <giaima_38h> analyzed. Unit <giaima_38h> generated.

Analyzing Entity <dahop_8kenh> in library <work> (Architecture <Behavioral>).
Entity <dahop_8kenh> analyzed. Unit <dahop_8kenh> generated.

Analyzing Entity <giaima_7doan> in library <work> (Architecture <Behavioral>).
Entity <giaima_7doan> analyzed. Unit <giaima_7doan> generated.


=========================================================================
*                           HDL Synthesis                               *
=========================================================================

Performing bidirectional port resolution...

Synthesizing Unit <chia_10ena>.
    Related source file is "/home/ise/BT_ISE_XILINX/bai_506_ht_8so_8l7d/chia_10ena.vhd".
    Found 16-bit adder for signal <d1khz_n$addsub0000> created at line 47.
    Found 16-bit register for signal <d1khz_r>.
    Summary:
	inferred  16 D-type flip-flop(s).
	inferred   1 Adder/Subtractor(s).
Unit <chia_10ena> synthesized.


Synthesizing Unit <dem_3bit>.
    Related source file is "/home/ise/BT_ISE_XILINX/bai_506_ht_8so_8l7d/dem_3bit.vhd".
    Found 3-bit up counter for signal <q_r>.
    Summary:
	inferred   1 Counter(s).
Unit <dem_3bit> synthesized.


Synthesizing Unit <giaima_38h>.
    Related source file is "/home/ise/BT_ISE_XILINX/bai_506_ht_8so_8l7d/giaima_38h.vhd".
    Found 1-of-8 decoder for signal <o>.
    Summary:
	inferred   1 Decoder(s).
Unit <giaima_38h> synthesized.


Synthesizing Unit <dahop_8kenh>.
    Related source file is "/home/ise/BT_ISE_XILINX/bai_506_ht_8so_8l7d/dahop_8kenh.vhd".
    Found 8x4-bit ROM for signal <o>.
    Summary:
	inferred   1 ROM(s).
Unit <dahop_8kenh> synthesized.


Synthesizing Unit <giaima_7doan>.
    Related source file is "/home/ise/BT_ISE_XILINX/bai_506_ht_8so_8l7d/giaima_7doan.vhd".
    Found 16x7-bit ROM for signal <sseg>.
    Summary:
	inferred   1 ROM(s).
Unit <giaima_7doan> synthesized.


Synthesizing Unit <gm_ht_8led>.
    Related source file is "/home/ise/BT_ISE_XILINX/bai_506_ht_8so_8l7d/gm_ht_8led.vhd".
WARNING:Xst:1780 - Signal <ena_1led> is never used or assigned. This unconnected signal will be trimmed during the optimization process.
WARNING:Xst:1780 - Signal <dc_1led> is never used or assigned. This unconnected signal will be trimmed during the optimization process.
Unit <gm_ht_8led> synthesized.


Synthesizing Unit <ht_8so_8l7d>.
    Related source file is "/home/ise/BT_ISE_XILINX/bai_506_ht_8so_8l7d/ht_8so_8l7d.vhd".
Unit <ht_8so_8l7d> synthesized.


=========================================================================
HDL Synthesis Report

Macro Statistics
# ROMs                                                 : 2
 16x7-bit ROM                                          : 1
 8x4-bit ROM                                           : 1
# Adders/Subtractors                                   : 1
 16-bit adder                                          : 1
# Counters                                             : 1
 3-bit up counter                                      : 1
# Registers                                            : 1
 16-bit register                                       : 1
# Decoders                                             : 1
 1-of-8 decoder                                        : 1

=========================================================================

=========================================================================
*                       Advanced HDL Synthesis                          *
=========================================================================


=========================================================================
Advanced HDL Synthesis Report

Macro Statistics
# ROMs                                                 : 2
 16x7-bit ROM                                          : 1
 8x4-bit ROM                                           : 1
# Adders/Subtractors                                   : 1
 16-bit adder                                          : 1
# Counters                                             : 1
 3-bit up counter                                      : 1
# Registers                                            : 16
 Flip-Flops                                            : 16
# Decoders                                             : 1
 1-of-8 decoder                                        : 1

=========================================================================

=========================================================================
*                         Low Level Synthesis                           *
=========================================================================

Optimizing unit <ht_8so_8l7d> ...

Optimizing unit <chia_10ena> ...

Mapping all equations...
Building and optimizing final netlist ...
Found area constraint ratio of 100 (+ 5) on block ht_8so_8l7d, actual ratio is 0.

Final Macro Processing ...

=========================================================================
Final Register Report

Macro Statistics
# Registers                                            : 19
 Flip-Flops                                            : 19

=========================================================================

=========================================================================
*                           Partition Report                            *
=========================================================================

Partition Implementation Status
-------------------------------

  No Partitions were found in this design.

-------------------------------

=========================================================================
*                            Final Report                               *
=========================================================================
Final Results
RTL Top Level Output File Name     : ht_8so_8l7d.ngr
Top Level Output File Name         : ht_8so_8l7d
Output Format                      : NGC
Optimization Goal                  : Speed
Keep Hierarchy                     : No

Design Statistics
# IOs                              : 16

Cell Usage :
# BELS                             : 76
#      GND                         : 1
#      INV                         : 3
#      LUT1                        : 15
#      LUT2                        : 1
#      LUT3                        : 16
#      LUT4                        : 6
#      LUT4_D                      : 1
#      LUT4_L                      : 1
#      MUXCY                       : 15
#      VCC                         : 1
#      XORCY                       : 16
# FlipFlops/Latches                : 19
#      FDE                         : 3
#      FDR_1                       : 16
# Clock Buffers                    : 1
#      BUFGP                       : 1
# IO Buffers                       : 15
#      OBUF                        : 15
=========================================================================

Device utilization summary:
---------------------------

Selected Device : 3s500epq208-5 

 Number of Slices:                       22  out of   4656     0%  
 Number of Slice Flip Flops:             19  out of   9312     0%  
 Number of 4 input LUTs:                 43  out of   9312     0%  
 Number of IOs:                          16
 Number of bonded IOBs:                  16  out of    158    10%  
 Number of GCLKs:                         1  out of     24     4%  

---------------------------
Partition Resource Summary:
---------------------------

  No Partitions were found in this design.

---------------------------


=========================================================================
TIMING REPORT

NOTE: THESE TIMING NUMBERS ARE ONLY A SYNTHESIS ESTIMATE.
      FOR ACCURATE TIMING INFORMATION PLEASE REFER TO THE TRACE REPORT
      GENERATED AFTER PLACE-and-ROUTE.

Clock Information:
------------------
-----------------------------------+------------------------+-------+
Clock Signal                       | Clock buffer(FF name)  | Load  |
-----------------------------------+------------------------+-------+
ckht                               | BUFGP                  | 19    |
-----------------------------------+------------------------+-------+

Asynchronous Control Signals Information:
----------------------------------------
No asynchronous control signals found in this design

Timing Summary:
---------------
Speed Grade: -5

   Minimum period: 4.402ns (Maximum Frequency: 227.157MHz)
   Minimum input arrival time before clock: No path found
   Maximum output required time after clock: 5.712ns
   Maximum combinational path delay: No path found

Timing Detail:
--------------
All values displayed in nanoseconds (ns)

=========================================================================
Timing constraint: Default period analysis for Clock 'ckht'
  Clock period: 4.402ns (frequency: 227.157MHz)
  Total number of paths / destination ports: 446 / 38
-------------------------------------------------------------------------
Delay:               4.402ns (Levels of Logic = 2)
  Source:            IC1/d1khz_r_15 (FF)
  Destination:       IC1/d1khz_r_15 (FF)
  Source Clock:      ckht falling
  Destination Clock: ckht falling

  Data Path: IC1/d1khz_r_15 to IC1/d1khz_r_15
                                Gate     Net
    Cell:in->out      fanout   Delay   Delay  Logical Name (Net Name)
    ----------------------------------------  ------------
     FDR_1:C->Q            3   0.514   0.603  IC1/d1khz_r_15 (IC1/d1khz_r_15)
     LUT4:I0->O            1   0.612   0.387  IC1/d1khz_n_cmp_eq0000101 (IC1/d1khz_n_cmp_eq0000101)
     LUT4:I2->O           16   0.612   0.879  IC1/d1khz_n_cmp_eq000034 (IC1/d1khz_n_cmp_eq0000)
     FDR_1:R                   0.795          IC1/d1khz_r_15
    ----------------------------------------
    Total                      4.402ns (2.533ns logic, 1.869ns route)
                                       (57.5% logic, 42.5% route)

=========================================================================
Timing constraint: Default OFFSET OUT AFTER for Clock 'ckht'
  Total number of paths / destination ports: 45 / 15
-------------------------------------------------------------------------
Offset:              5.712ns (Levels of Logic = 2)
  Source:            IC2/K1/q_r_0 (FF)
  Destination:       sseg<4> (PAD)
  Source Clock:      ckht falling

  Data Path: IC2/K1/q_r_0 to sseg<4>
                                Gate     Net
    Cell:in->out      fanout   Delay   Delay  Logical Name (Net Name)
    ----------------------------------------  ------------
     FDE:C->Q             18   0.514   1.060  IC2/K1/q_r_0 (IC2/K1/q_r_0)
     LUT3:I0->O            1   0.612   0.357  IC2/K4/Mrom_sseg41 (sseg_4_OBUF)
     OBUF:I->O                 3.169          sseg_4_OBUF (sseg<4>)
    ----------------------------------------
    Total                      5.712ns (4.295ns logic, 1.417ns route)
                                       (75.2% logic, 24.8% route)

=========================================================================


Total REAL time to Xst completion: 6.00 secs
Total CPU time to Xst completion: 3.86 secs
 
--> 


Total memory usage is 609968 kilobytes

Number of errors   :    0 (   0 filtered)
Number of warnings :    2 (   0 filtered)
Number of infos    :    0 (   0 filtered)

