--------------------------------------------------------------------------------
Release 14.7 Trace  (lin64)
Copyright (c) 1995-2013 Xilinx, Inc.  All rights reserved.

/opt/Xilinx/14.7/ISE_DS/ISE/bin/lin64/unwrapped/trce -intstyle ise -v 3 -s 5 -n
3 -fastpaths -xml dk_16led_4ct.twx dk_16led_4ct.ncd -o dk_16led_4ct.twr
dk_16led_4ct.pcf -ucf KIT_XC3S500E_PQ208 .ucf

Design file:              dk_16led_4ct.ncd
Physical constraint file: dk_16led_4ct.pcf
Device,package,speed:     xc3s500e,pq208,-5 (PRODUCTION 1.27 2013-10-13)
Report level:             verbose report

Environment Variable      Effect 
--------------------      ------ 
NONE                      No environment variables were set
--------------------------------------------------------------------------------

INFO:Timing:2698 - No timing constraints found, doing default enumeration.
INFO:Timing:3412 - To improve timing, see the Timing Closure User Guide (UG612).
INFO:Timing:2752 - To get complete path coverage, use the unconstrained paths 
   option. All paths that are not constrained will be reported in the 
   unconstrained paths section(s) of the report.
INFO:Timing:3339 - The clock-to-out numbers in this timing report are based on 
   a 50 Ohm transmission line loading model.  For the details of this model, 
   and for more information on accounting for different loading conditions, 
   please see the device datasheet.
INFO:Timing:3390 - This architecture does not support a default System Jitter 
   value, please add SYSTEM_JITTER constraint to the UCF to modify the Clock 
   Uncertainty calculation.
INFO:Timing:3389 - This architecture does not support 'Discrete Jitter' and 
   'Phase Error' calculations, these terms will be zero in the Clock 
   Uncertainty calculation.  Please make appropriate modification to 
   SYSTEM_JITTER to account for the unsupported Discrete Jitter and Phase 
   Error.



Data Sheet report:
-----------------
All values displayed in nanoseconds (ns)

Setup/Hold to clock ckht
------------+------------+------------+------------------+--------+
            |Max Setup to|Max Hold to |                  | Clock  |
Source      | clk (edge) | clk (edge) |Internal Clock(s) | Phase  |
------------+------------+------------+------------------+--------+
btn0        |    3.770(F)|    0.568(F)|ckht_BUFGP        |   0.000|
------------+------------+------------+------------------+--------+

Clock ckht to Pad
------------+------------+------------------+--------+
            | clk (edge) |                  | Clock  |
Destination |   to PAD   |Internal Clock(s) | Phase  |
------------+------------+------------------+--------+
led<0>      |   11.176(F)|ckht_BUFGP        |   0.000|
led<1>      |   11.666(F)|ckht_BUFGP        |   0.000|
led<2>      |   11.839(F)|ckht_BUFGP        |   0.000|
led<3>      |   11.655(F)|ckht_BUFGP        |   0.000|
led<4>      |   11.322(F)|ckht_BUFGP        |   0.000|
led<5>      |   10.955(F)|ckht_BUFGP        |   0.000|
led<6>      |   10.955(F)|ckht_BUFGP        |   0.000|
led<7>      |   11.349(F)|ckht_BUFGP        |   0.000|
led<8>      |   11.747(F)|ckht_BUFGP        |   0.000|
led<9>      |   11.593(F)|ckht_BUFGP        |   0.000|
led<10>     |   10.915(F)|ckht_BUFGP        |   0.000|
led<11>     |   11.436(F)|ckht_BUFGP        |   0.000|
led<12>     |   11.615(F)|ckht_BUFGP        |   0.000|
led<13>     |   11.442(F)|ckht_BUFGP        |   0.000|
led<14>     |   11.835(F)|ckht_BUFGP        |   0.000|
led<15>     |   11.814(F)|ckht_BUFGP        |   0.000|
------------+------------+------------------+--------+

Clock to Setup on destination clock ckht
---------------+---------+---------+---------+---------+
               | Src:Rise| Src:Fall| Src:Rise| Src:Fall|
Source Clock   |Dest:Rise|Dest:Rise|Dest:Fall|Dest:Fall|
---------------+---------+---------+---------+---------+
ckht           |         |         |         |    5.178|
---------------+---------+---------+---------+---------+

Pad to Pad
---------------+---------------+---------+
Source Pad     |Destination Pad|  Delay  |
---------------+---------------+---------+
btn0           |led<0>         |   10.035|
btn0           |led<1>         |   10.424|
btn0           |led<2>         |   10.597|
btn0           |led<3>         |   10.413|
btn0           |led<4>         |   10.080|
btn0           |led<5>         |    9.721|
btn0           |led<6>         |    9.713|
btn0           |led<7>         |   10.107|
btn0           |led<8>         |   10.312|
btn0           |led<9>         |   10.651|
btn0           |led<10>        |    9.831|
btn0           |led<11>        |   10.494|
btn0           |led<12>        |   10.673|
btn0           |led<13>        |   10.356|
btn0           |led<14>        |   10.593|
btn0           |led<15>        |   10.872|
---------------+---------------+---------+


Analysis completed Mon Mar 20 01:12:14 2023 
--------------------------------------------------------------------------------

Trace Settings:
-------------------------
Trace Settings 

Peak Memory Usage: 349 MB



