--------------------------------------------------------------------------------
Release 14.7 Trace  (lin64)
Copyright (c) 1995-2013 Xilinx, Inc.  All rights reserved.

/opt/Xilinx/14.7/ISE_DS/ISE/bin/lin64/unwrapped/trce -intstyle ise -v 3 -s 5 -n
3 -fastpaths -xml giaima_24h2e_2ic.twx giaima_24h2e_2ic.ncd -o
giaima_24h2e_2ic.twr giaima_24h2e_2ic.pcf -ucf KIT_XC3S500E_PQ208.ucf

Design file:              giaima_24h2e_2ic.ncd
Physical constraint file: giaima_24h2e_2ic.pcf
Device,package,speed:     xc3s500e,pq208,-5 (PRODUCTION 1.27 2013-10-13)
Report level:             verbose report

Environment Variable      Effect 
--------------------      ------ 
NONE                      No environment variables were set
--------------------------------------------------------------------------------

INFO:Timing:2698 - No timing constraints found, doing default enumeration.
INFO:Timing:3412 - To improve timing, see the Timing Closure User Guide (UG612).
INFO:Timing:2752 - To get complete path coverage, use the unconstrained paths 
   option. All paths that are not constrained will be reported in the 
   unconstrained paths section(s) of the report.
INFO:Timing:3339 - The clock-to-out numbers in this timing report are based on 
   a 50 Ohm transmission line loading model.  For the details of this model, 
   and for more information on accounting for different loading conditions, 
   please see the device datasheet.
INFO:Timing:3390 - This architecture does not support a default System Jitter 
   value, please add SYSTEM_JITTER constraint to the UCF to modify the Clock 
   Uncertainty calculation.
INFO:Timing:3389 - This architecture does not support 'Discrete Jitter' and 
   'Phase Error' calculations, these terms will be zero in the Clock 
   Uncertainty calculation.  Please make appropriate modification to 
   SYSTEM_JITTER to account for the unsupported Discrete Jitter and Phase 
   Error.



Data Sheet report:
-----------------
All values displayed in nanoseconds (ns)

Pad to Pad
---------------+---------------+---------+
Source Pad     |Destination Pad|  Delay  |
---------------+---------------+---------+
sw<0>          |led<0>         |    7.250|
sw<0>          |led<1>         |    7.556|
sw<0>          |led<2>         |    7.484|
sw<0>          |led<3>         |    7.914|
sw<1>          |led<0>         |    7.503|
sw<1>          |led<1>         |    7.865|
sw<1>          |led<2>         |    7.689|
sw<1>          |led<3>         |    8.175|
sw<2>          |led<0>         |    8.182|
sw<2>          |led<1>         |    8.539|
sw<2>          |led<2>         |    8.235|
sw<2>          |led<3>         |    8.698|
sw<3>          |led<4>         |    9.146|
sw<3>          |led<5>         |    9.096|
sw<3>          |led<6>         |    9.448|
sw<3>          |led<7>         |    8.987|
sw<4>          |led<4>         |    8.545|
sw<4>          |led<5>         |    8.529|
sw<4>          |led<6>         |    8.942|
sw<4>          |led<7>         |    8.531|
sw<5>          |led<4>         |    8.626|
sw<5>          |led<5>         |    8.319|
sw<5>          |led<6>         |    9.071|
sw<5>          |led<7>         |    8.604|
---------------+---------------+---------+


Analysis completed Tue Feb  7 03:50:17 2023 
--------------------------------------------------------------------------------

Trace Settings:
-------------------------
Trace Settings 

Peak Memory Usage: 347 MB



