--------------------------------------------------------------------------------
Release 14.7 Trace  (lin64)
Copyright (c) 1995-2013 Xilinx, Inc.  All rights reserved.

/opt/Xilinx/14.7/ISE_DS/ISE/bin/lin64/unwrapped/trce -intstyle ise -v 3 -s 5 -n
3 -fastpaths -xml giaima_led_7doan.twx giaima_led_7doan.ncd -o
giaima_led_7doan.twr giaima_led_7doan.pcf -ucf KIT_XC3S500E_PQ208 .ucf

Design file:              giaima_led_7doan.ncd
Physical constraint file: giaima_led_7doan.pcf
Device,package,speed:     xc3s500e,pq208,-5 (PRODUCTION 1.27 2013-10-13)
Report level:             verbose report

Environment Variable      Effect 
--------------------      ------ 
NONE                      No environment variables were set
--------------------------------------------------------------------------------

INFO:Timing:2698 - No timing constraints found, doing default enumeration.
INFO:Timing:3412 - To improve timing, see the Timing Closure User Guide (UG612).
INFO:Timing:2752 - To get complete path coverage, use the unconstrained paths 
   option. All paths that are not constrained will be reported in the 
   unconstrained paths section(s) of the report.
INFO:Timing:3339 - The clock-to-out numbers in this timing report are based on 
   a 50 Ohm transmission line loading model.  For the details of this model, 
   and for more information on accounting for different loading conditions, 
   please see the device datasheet.
INFO:Timing:3390 - This architecture does not support a default System Jitter 
   value, please add SYSTEM_JITTER constraint to the UCF to modify the Clock 
   Uncertainty calculation.
INFO:Timing:3389 - This architecture does not support 'Discrete Jitter' and 
   'Phase Error' calculations, these terms will be zero in the Clock 
   Uncertainty calculation.  Please make appropriate modification to 
   SYSTEM_JITTER to account for the unsupported Discrete Jitter and Phase 
   Error.



Data Sheet report:
-----------------
All values displayed in nanoseconds (ns)

Pad to Pad
---------------+---------------+---------+
Source Pad     |Destination Pad|  Delay  |
---------------+---------------+---------+
sw<0>          |sseg<0>        |    7.246|
sw<0>          |sseg<1>        |    7.509|
sw<0>          |sseg<2>        |    7.280|
sw<0>          |sseg<3>        |    7.433|
sw<0>          |sseg<4>        |    7.722|
sw<0>          |sseg<5>        |    7.545|
sw<0>          |sseg<6>        |    7.448|
sw<1>          |sseg<0>        |    8.712|
sw<1>          |sseg<1>        |    8.975|
sw<1>          |sseg<2>        |    8.565|
sw<1>          |sseg<3>        |    8.950|
sw<1>          |sseg<4>        |    9.007|
sw<1>          |sseg<5>        |    8.863|
sw<1>          |sseg<6>        |    8.965|
sw<2>          |sseg<0>        |    7.825|
sw<2>          |sseg<1>        |    8.088|
sw<2>          |sseg<2>        |    7.811|
sw<2>          |sseg<3>        |    8.068|
sw<2>          |sseg<4>        |    8.253|
sw<2>          |sseg<5>        |    8.132|
sw<2>          |sseg<6>        |    8.083|
sw<3>          |sseg<0>        |    8.385|
sw<3>          |sseg<1>        |    8.648|
sw<3>          |sseg<2>        |    8.276|
sw<3>          |sseg<3>        |    8.594|
sw<3>          |sseg<4>        |    8.718|
sw<3>          |sseg<5>        |    8.547|
sw<3>          |sseg<6>        |    8.609|
---------------+---------------+---------+


Analysis completed Mon Feb 13 02:33:16 2023 
--------------------------------------------------------------------------------

Trace Settings:
-------------------------
Trace Settings 

Peak Memory Usage: 347 MB



