--------------------------------------------------------------------------------
Release 14.7 Trace  (nt64)
Copyright (c) 1995-2013 Xilinx, Inc.  All rights reserved.

C:\Xilinx\14.7\ISE_DS\ISE\bin\nt64\unwrapped\trce.exe -intstyle ise -v 3 -s 5
-n 3 -fastpaths -xml DONG_HO_GPG.twx DONG_HO_GPG.ncd -o DONG_HO_GPG.twr
DONG_HO_GPG.pcf -ucf KIT_XC3S500E_PQ208.ucf

Design file:              DONG_HO_GPG.ncd
Physical constraint file: DONG_HO_GPG.pcf
Device,package,speed:     xc3s500e,pq208,-5 (PRODUCTION 1.27 2013-10-13)
Report level:             verbose report

Environment Variable      Effect 
--------------------      ------ 
NONE                      No environment variables were set
--------------------------------------------------------------------------------

INFO:Timing:2698 - No timing constraints found, doing default enumeration.
INFO:Timing:3412 - To improve timing, see the Timing Closure User Guide (UG612).
INFO:Timing:2752 - To get complete path coverage, use the unconstrained paths 
   option. All paths that are not constrained will be reported in the 
   unconstrained paths section(s) of the report.
INFO:Timing:3339 - The clock-to-out numbers in this timing report are based on 
   a 50 Ohm transmission line loading model.  For the details of this model, 
   and for more information on accounting for different loading conditions, 
   please see the device datasheet.
INFO:Timing:3390 - This architecture does not support a default System Jitter 
   value, please add SYSTEM_JITTER constraint to the UCF to modify the Clock 
   Uncertainty calculation.
INFO:Timing:3389 - This architecture does not support 'Discrete Jitter' and 
   'Phase Error' calculations, these terms will be zero in the Clock 
   Uncertainty calculation.  Please make appropriate modification to 
   SYSTEM_JITTER to account for the unsupported Discrete Jitter and Phase 
   Error.



Data Sheet report:
-----------------
All values displayed in nanoseconds (ns)

Setup/Hold to clock CKHT
------------+------------+------------+------------------+--------+
            |Max Setup to|Max Hold to |                  | Clock  |
Source      | clk (edge) | clk (edge) |Internal Clock(s) | Phase  |
------------+------------+------------+------------------+--------+
SW<0>       |    4.556(R)|   -1.199(R)|CKHT_BUFGP        |   0.000|
SW<1>       |    4.623(R)|   -1.541(R)|CKHT_BUFGP        |   0.000|
------------+------------+------------+------------------+--------+

Clock CKHT to Pad
------------+------------+------------------+--------+
            | clk (edge) |                  | Clock  |
Destination |   to PAD   |Internal Clock(s) | Phase  |
------------+------------+------------------+--------+
CATHODE<0>  |    8.860(F)|CKHT_BUFGP        |   0.000|
CATHODE<1>  |    8.821(F)|CKHT_BUFGP        |   0.000|
CATHODE<2>  |    8.583(F)|CKHT_BUFGP        |   0.000|
CATHODE<3>  |    8.544(F)|CKHT_BUFGP        |   0.000|
CATHODE<4>  |    8.110(F)|CKHT_BUFGP        |   0.000|
CATHODE<5>  |    8.182(F)|CKHT_BUFGP        |   0.000|
CATHODE<6>  |    8.625(F)|CKHT_BUFGP        |   0.000|
CATHODE<7>  |    8.190(F)|CKHT_BUFGP        |   0.000|
SSEG<0>     |   16.563(R)|CKHT_BUFGP        |   0.000|
            |   15.284(F)|CKHT_BUFGP        |   0.000|
SSEG<1>     |   16.835(R)|CKHT_BUFGP        |   0.000|
            |   15.413(F)|CKHT_BUFGP        |   0.000|
SSEG<2>     |   15.982(R)|CKHT_BUFGP        |   0.000|
            |   14.560(F)|CKHT_BUFGP        |   0.000|
SSEG<3>     |   15.763(R)|CKHT_BUFGP        |   0.000|
            |   14.191(F)|CKHT_BUFGP        |   0.000|
SSEG<4>     |   16.114(R)|CKHT_BUFGP        |   0.000|
            |   14.835(F)|CKHT_BUFGP        |   0.000|
SSEG<5>     |   15.510(R)|CKHT_BUFGP        |   0.000|
            |   13.938(F)|CKHT_BUFGP        |   0.000|
SSEG<6>     |   15.598(R)|CKHT_BUFGP        |   0.000|
            |   14.026(F)|CKHT_BUFGP        |   0.000|
------------+------------+------------------+--------+

Clock to Setup on destination clock CKHT
---------------+---------+---------+---------+---------+
               | Src:Rise| Src:Fall| Src:Rise| Src:Fall|
Source Clock   |Dest:Rise|Dest:Rise|Dest:Fall|Dest:Fall|
---------------+---------+---------+---------+---------+
CKHT           |    6.212|    8.348|         |    6.431|
---------------+---------+---------+---------+---------+


Analysis completed Mon Mar 27 10:09:40 2023 
--------------------------------------------------------------------------------

Trace Settings:
-------------------------
Trace Settings 

Peak Memory Usage: 4509 MB



