--------------------------------------------------------------------------------
Release 14.7 Trace  (lin64)
Copyright (c) 1995-2013 Xilinx, Inc.  All rights reserved.

/opt/Xilinx/14.7/ISE_DS/ISE/bin/lin64/unwrapped/trce -intstyle ise -v 3 -s 5 -n
3 -fastpaths -xml dem_1so_ss_ud_ht_7doan.twx dem_1so_ss_ud_ht_7doan.ncd -o
dem_1so_ss_ud_ht_7doan.twr dem_1so_ss_ud_ht_7doan.pcf -ucf
KIT_XC3S500E_PQ208.ucf

Design file:              dem_1so_ss_ud_ht_7doan.ncd
Physical constraint file: dem_1so_ss_ud_ht_7doan.pcf
Device,package,speed:     xc3s500e,pq208,-5 (PRODUCTION 1.27 2013-10-13)
Report level:             verbose report

Environment Variable      Effect 
--------------------      ------ 
NONE                      No environment variables were set
--------------------------------------------------------------------------------

INFO:Timing:2698 - No timing constraints found, doing default enumeration.
INFO:Timing:3412 - To improve timing, see the Timing Closure User Guide (UG612).
INFO:Timing:2752 - To get complete path coverage, use the unconstrained paths 
   option. All paths that are not constrained will be reported in the 
   unconstrained paths section(s) of the report.
INFO:Timing:3339 - The clock-to-out numbers in this timing report are based on 
   a 50 Ohm transmission line loading model.  For the details of this model, 
   and for more information on accounting for different loading conditions, 
   please see the device datasheet.
INFO:Timing:3390 - This architecture does not support a default System Jitter 
   value, please add SYSTEM_JITTER constraint to the UCF to modify the Clock 
   Uncertainty calculation.
INFO:Timing:3389 - This architecture does not support 'Discrete Jitter' and 
   'Phase Error' calculations, these terms will be zero in the Clock 
   Uncertainty calculation.  Please make appropriate modification to 
   SYSTEM_JITTER to account for the unsupported Discrete Jitter and Phase 
   Error.



Data Sheet report:
-----------------
All values displayed in nanoseconds (ns)

Setup/Hold to clock ckht
------------+------------+------------+------------------+--------+
            |Max Setup to|Max Hold to |                  | Clock  |
Source      | clk (edge) | clk (edge) |Internal Clock(s) | Phase  |
------------+------------+------------+------------------+--------+
btn0        |    4.537(F)|   -0.753(F)|ckht_BUFGP        |   0.000|
sw<0>       |    3.796(F)|   -1.182(F)|ckht_BUFGP        |   0.000|
sw<1>       |    4.092(F)|   -0.441(F)|ckht_BUFGP        |   0.000|
------------+------------+------------+------------------+--------+

Clock ckht to Pad
------------+------------+------------------+--------+
            | clk (edge) |                  | Clock  |
Destination |   to PAD   |Internal Clock(s) | Phase  |
------------+------------+------------------+--------+
cathode<0>  |    8.666(F)|ckht_BUFGP        |   0.000|
cathode<1>  |    9.107(F)|ckht_BUFGP        |   0.000|
cathode<2>  |    7.935(F)|ckht_BUFGP        |   0.000|
cathode<3>  |    8.260(F)|ckht_BUFGP        |   0.000|
cathode<4>  |    8.765(F)|ckht_BUFGP        |   0.000|
cathode<5>  |    8.731(F)|ckht_BUFGP        |   0.000|
cathode<6>  |    8.208(F)|ckht_BUFGP        |   0.000|
cathode<7>  |    8.744(F)|ckht_BUFGP        |   0.000|
sseg<0>     |   10.052(F)|ckht_BUFGP        |   0.000|
sseg<1>     |   10.387(F)|ckht_BUFGP        |   0.000|
sseg<2>     |   10.439(F)|ckht_BUFGP        |   0.000|
sseg<3>     |   10.473(F)|ckht_BUFGP        |   0.000|
sseg<4>     |   10.626(F)|ckht_BUFGP        |   0.000|
sseg<5>     |   10.362(F)|ckht_BUFGP        |   0.000|
sseg<6>     |   10.626(F)|ckht_BUFGP        |   0.000|
------------+------------+------------------+--------+

Clock to Setup on destination clock ckht
---------------+---------+---------+---------+---------+
               | Src:Rise| Src:Fall| Src:Rise| Src:Fall|
Source Clock   |Dest:Rise|Dest:Rise|Dest:Fall|Dest:Fall|
---------------+---------+---------+---------+---------+
ckht           |         |         |         |    4.876|
---------------+---------+---------+---------+---------+


Analysis completed Fri Apr  7 03:15:16 2023 
--------------------------------------------------------------------------------

Trace Settings:
-------------------------
Trace Settings 

Peak Memory Usage: 348 MB



