--------------------------------------------------------------------------------
Release 14.7 Trace  (lin64)
Copyright (c) 1995-2013 Xilinx, Inc.  All rights reserved.

/opt/Xilinx/14.7/ISE_DS/ISE/bin/lin64/unwrapped/trce -intstyle ise -v 3 -s 5 -n
3 -fastpaths -xml hex_to_bcd_10bit.twx hex_to_bcd_10bit.ncd -o
hex_to_bcd_10bit.twr hex_to_bcd_10bit.pcf -ucf KIT_XC3S500E_PQ208 .ucf

Design file:              hex_to_bcd_10bit.ncd
Physical constraint file: hex_to_bcd_10bit.pcf
Device,package,speed:     xc3s500e,pq208,-5 (PRODUCTION 1.27 2013-10-13)
Report level:             verbose report

Environment Variable      Effect 
--------------------      ------ 
NONE                      No environment variables were set
--------------------------------------------------------------------------------

INFO:Timing:2698 - No timing constraints found, doing default enumeration.
INFO:Timing:3412 - To improve timing, see the Timing Closure User Guide (UG612).
INFO:Timing:2752 - To get complete path coverage, use the unconstrained paths 
   option. All paths that are not constrained will be reported in the 
   unconstrained paths section(s) of the report.
INFO:Timing:3339 - The clock-to-out numbers in this timing report are based on 
   a 50 Ohm transmission line loading model.  For the details of this model, 
   and for more information on accounting for different loading conditions, 
   please see the device datasheet.
INFO:Timing:3390 - This architecture does not support a default System Jitter 
   value, please add SYSTEM_JITTER constraint to the UCF to modify the Clock 
   Uncertainty calculation.
INFO:Timing:3389 - This architecture does not support 'Discrete Jitter' and 
   'Phase Error' calculations, these terms will be zero in the Clock 
   Uncertainty calculation.  Please make appropriate modification to 
   SYSTEM_JITTER to account for the unsupported Discrete Jitter and Phase 
   Error.



Data Sheet report:
-----------------
All values displayed in nanoseconds (ns)

Pad to Pad
---------------+---------------+---------+
Source Pad     |Destination Pad|  Delay  |
---------------+---------------+---------+
sw<0>          |led<0>         |    6.436|
sw<1>          |led<1>         |   11.269|
sw<1>          |led<2>         |   12.159|
sw<1>          |led<3>         |   11.072|
sw<1>          |led<4>         |   11.550|
sw<2>          |led<1>         |   12.687|
sw<2>          |led<2>         |   13.577|
sw<2>          |led<3>         |   12.094|
sw<2>          |led<4>         |   12.968|
sw<2>          |led<5>         |   12.617|
sw<2>          |led<6>         |   13.807|
sw<2>          |led<7>         |   11.797|
sw<2>          |led<8>         |   12.582|
sw<3>          |led<1>         |   15.527|
sw<3>          |led<2>         |   16.516|
sw<3>          |led<3>         |   15.467|
sw<3>          |led<4>         |   15.808|
sw<3>          |led<5>         |   15.814|
sw<3>          |led<6>         |   17.004|
sw<3>          |led<7>         |   14.994|
sw<3>          |led<8>         |   15.779|
sw<3>          |led<9>         |   14.224|
sw<3>          |led<10>        |   13.644|
sw<3>          |led<11>        |   14.411|
sw<3>          |led<12>        |   14.800|
sw<4>          |led<1>         |   18.128|
sw<4>          |led<2>         |   19.117|
sw<4>          |led<3>         |   18.068|
sw<4>          |led<4>         |   18.409|
sw<4>          |led<5>         |   18.548|
sw<4>          |led<6>         |   19.738|
sw<4>          |led<7>         |   17.728|
sw<4>          |led<8>         |   18.513|
sw<4>          |led<9>         |   16.958|
sw<4>          |led<10>        |   16.378|
sw<4>          |led<11>        |   17.145|
sw<4>          |led<12>        |   17.534|
sw<5>          |led<1>         |   19.247|
sw<5>          |led<2>         |   20.236|
sw<5>          |led<3>         |   19.187|
sw<5>          |led<4>         |   19.528|
sw<5>          |led<5>         |   19.667|
sw<5>          |led<6>         |   20.857|
sw<5>          |led<7>         |   18.847|
sw<5>          |led<8>         |   19.632|
sw<5>          |led<9>         |   18.077|
sw<5>          |led<10>        |   17.497|
sw<5>          |led<11>        |   18.264|
sw<5>          |led<12>        |   18.653|
sw<6>          |led<1>         |   20.944|
sw<6>          |led<2>         |   21.933|
sw<6>          |led<3>         |   20.884|
sw<6>          |led<4>         |   21.225|
sw<6>          |led<5>         |   21.364|
sw<6>          |led<6>         |   22.554|
sw<6>          |led<7>         |   20.544|
sw<6>          |led<8>         |   21.329|
sw<6>          |led<9>         |   19.774|
sw<6>          |led<10>        |   19.194|
sw<6>          |led<11>        |   19.961|
sw<6>          |led<12>        |   20.350|
sw<7>          |led<1>         |   20.747|
sw<7>          |led<2>         |   21.736|
sw<7>          |led<3>         |   20.687|
sw<7>          |led<4>         |   21.028|
sw<7>          |led<5>         |   21.167|
sw<7>          |led<6>         |   22.357|
sw<7>          |led<7>         |   20.347|
sw<7>          |led<8>         |   21.132|
sw<7>          |led<9>         |   19.577|
sw<7>          |led<10>        |   18.997|
sw<7>          |led<11>        |   19.764|
sw<7>          |led<12>        |   20.153|
sw<8>          |led<1>         |   20.823|
sw<8>          |led<2>         |   21.812|
sw<8>          |led<3>         |   20.763|
sw<8>          |led<4>         |   21.104|
sw<8>          |led<5>         |   21.243|
sw<8>          |led<6>         |   22.433|
sw<8>          |led<7>         |   20.423|
sw<8>          |led<8>         |   21.208|
sw<8>          |led<9>         |   19.653|
sw<8>          |led<10>        |   19.073|
sw<8>          |led<11>        |   19.840|
sw<8>          |led<12>        |   20.229|
sw<9>          |led<1>         |   20.769|
sw<9>          |led<2>         |   21.758|
sw<9>          |led<3>         |   20.709|
sw<9>          |led<4>         |   21.050|
sw<9>          |led<5>         |   21.189|
sw<9>          |led<6>         |   22.379|
sw<9>          |led<7>         |   20.369|
sw<9>          |led<8>         |   21.154|
sw<9>          |led<9>         |   19.599|
sw<9>          |led<10>        |   19.019|
sw<9>          |led<11>        |   19.786|
sw<9>          |led<12>        |   20.175|
---------------+---------------+---------+


Analysis completed Thu Feb 16 06:03:53 2023 
--------------------------------------------------------------------------------

Trace Settings:
-------------------------
Trace Settings 

Peak Memory Usage: 347 MB



