Release 14.7 - xst P.20131013 (nt64)
Copyright (c) 1995-2013 Xilinx, Inc.  All rights reserved.
--> Parameter TMPDIR set to xst/projnav.tmp


Total REAL time to Xst completion: 0.00 secs
Total CPU time to Xst completion: 0.12 secs
 
--> Parameter xsthdpdir set to xst


Total REAL time to Xst completion: 0.00 secs
Total CPU time to Xst completion: 0.12 secs
 
--> Reading design: DEM_1BIT_BTN.prj

TABLE OF CONTENTS
  1) Synthesis Options Summary
  2) HDL Compilation
  3) Design Hierarchy Analysis
  4) HDL Analysis
  5) HDL Synthesis
     5.1) HDL Synthesis Report
  6) Advanced HDL Synthesis
     6.1) Advanced HDL Synthesis Report
  7) Low Level Synthesis
  8) Partition Report
  9) Final Report
	9.1) Device utilization summary
	9.2) Partition Resource Summary
	9.3) TIMING REPORT


=========================================================================
*                      Synthesis Options Summary                        *
=========================================================================
---- Source Parameters
Input File Name                    : "DEM_1BIT_BTN.prj"
Input Format                       : mixed
Ignore Synthesis Constraint File   : NO

---- Target Parameters
Output File Name                   : "DEM_1BIT_BTN"
Output Format                      : NGC
Target Device                      : xc3s500e-5-pq208

---- Source Options
Top Module Name                    : DEM_1BIT_BTN
Automatic FSM Extraction           : YES
FSM Encoding Algorithm             : Auto
Safe Implementation                : No
FSM Style                          : LUT
RAM Extraction                     : Yes
RAM Style                          : Auto
ROM Extraction                     : Yes
Mux Style                          : Auto
Decoder Extraction                 : YES
Priority Encoder Extraction        : Yes
Shift Register Extraction          : YES
Logical Shifter Extraction         : YES
XOR Collapsing                     : YES
ROM Style                          : Auto
Mux Extraction                     : Yes
Resource Sharing                   : YES
Asynchronous To Synchronous        : NO
Multiplier Style                   : Auto
Automatic Register Balancing       : No

---- Target Options
Add IO Buffers                     : YES
Global Maximum Fanout              : 100000
Add Generic Clock Buffer(BUFG)     : 24
Register Duplication               : YES
Slice Packing                      : YES
Optimize Instantiated Primitives   : NO
Use Clock Enable                   : Yes
Use Synchronous Set                : Yes
Use Synchronous Reset              : Yes
Pack IO Registers into IOBs        : Auto
Equivalent register Removal        : YES

---- General Options
Optimization Goal                  : Speed
Optimization Effort                : 1
Keep Hierarchy                     : No
Netlist Hierarchy                  : As_Optimized
RTL Output                         : Yes
Global Optimization                : AllClockNets
Read Cores                         : YES
Write Timing Constraints           : NO
Cross Clock Analysis               : NO
Hierarchy Separator                : /
Bus Delimiter                      : <>
Case Specifier                     : Maintain
Slice Utilization Ratio            : 100
BRAM Utilization Ratio             : 100
Verilog 2001                       : YES
Auto BRAM Packing                  : NO
Slice Utilization Ratio Delta      : 5

=========================================================================


=========================================================================
*                          HDL Compilation                              *
=========================================================================
WARNING:HDLParsers:3607 - Unit work/DEM_1BIT_BTN is now defined in a different file.  It was defined in "C:/.Xilinx/BAI_531_DEM_NP_8BIT_SS_UD_4TS_XVN_HT7D_3BTN_2W/DEM_1BIT_BTN.vhd", and is now defined in "C:/.Xilinx/BAI_531_DEM_NP_8BIT_SS_UD_4TS_XVN_HT7D_3BTN_2SW/DEM_1BIT_BTN.vhd".
WARNING:HDLParsers:3607 - Unit work/DEM_1BIT_BTN/Behavioral is now defined in a different file.  It was defined in "C:/.Xilinx/BAI_531_DEM_NP_8BIT_SS_UD_4TS_XVN_HT7D_3BTN_2W/DEM_1BIT_BTN.vhd", and is now defined in "C:/.Xilinx/BAI_531_DEM_NP_8BIT_SS_UD_4TS_XVN_HT7D_3BTN_2SW/DEM_1BIT_BTN.vhd".
WARNING:HDLParsers:3607 - Unit work/CD_LAM_HEP_BTN is now defined in a different file.  It was defined in "C:/.Xilinx/BAI_531_DEM_NP_8BIT_SS_UD_4TS_XVN_HT7D_3BTN_2W/CD_LAM_HEP_BTN.vhd", and is now defined in "C:/.Xilinx/BAI_531_DEM_NP_8BIT_SS_UD_4TS_XVN_HT7D_3BTN_2SW/CD_LAM_HEP_BTN.vhd".
WARNING:HDLParsers:3607 - Unit work/CD_LAM_HEP_BTN/Behavioral is now defined in a different file.  It was defined in "C:/.Xilinx/BAI_531_DEM_NP_8BIT_SS_UD_4TS_XVN_HT7D_3BTN_2W/CD_LAM_HEP_BTN.vhd", and is now defined in "C:/.Xilinx/BAI_531_DEM_NP_8BIT_SS_UD_4TS_XVN_HT7D_3BTN_2SW/CD_LAM_HEP_BTN.vhd".
WARNING:HDLParsers:3607 - Unit work/DEM_1BIT is now defined in a different file.  It was defined in "C:/.Xilinx/BAI_531_DEM_NP_8BIT_SS_UD_4TS_XVN_HT7D_3BTN_2W/DEM_1BIT.vhd", and is now defined in "C:/.Xilinx/BAI_531_DEM_NP_8BIT_SS_UD_4TS_XVN_HT7D_3BTN_2SW/DEM_1BIT.vhd".
WARNING:HDLParsers:3607 - Unit work/DEM_1BIT/Behavioral is now defined in a different file.  It was defined in "C:/.Xilinx/BAI_531_DEM_NP_8BIT_SS_UD_4TS_XVN_HT7D_3BTN_2W/DEM_1BIT.vhd", and is now defined in "C:/.Xilinx/BAI_531_DEM_NP_8BIT_SS_UD_4TS_XVN_HT7D_3BTN_2SW/DEM_1BIT.vhd".
WARNING:HDLParsers:3607 - Unit work/DEBOUNCE_BTN is now defined in a different file.  It was defined in "C:/.Xilinx/BAI_531_DEM_NP_8BIT_SS_UD_4TS_XVN_HT7D_3BTN_2W/DEBOUNCE_BTN.vhd", and is now defined in "C:/.Xilinx/BAI_531_DEM_NP_8BIT_SS_UD_4TS_XVN_HT7D_3BTN_2SW/DEBOUNCE_BTN.vhd".
WARNING:HDLParsers:3607 - Unit work/DEBOUNCE_BTN/Behavioral is now defined in a different file.  It was defined in "C:/.Xilinx/BAI_531_DEM_NP_8BIT_SS_UD_4TS_XVN_HT7D_3BTN_2W/DEBOUNCE_BTN.vhd", and is now defined in "C:/.Xilinx/BAI_531_DEM_NP_8BIT_SS_UD_4TS_XVN_HT7D_3BTN_2SW/DEBOUNCE_BTN.vhd".
WARNING:HDLParsers:3607 - Unit work/LAM_HEP_XUNG is now defined in a different file.  It was defined in "C:/.Xilinx/BAI_531_DEM_NP_8BIT_SS_UD_4TS_XVN_HT7D_3BTN_2W/LAM_HEP_XUNG.vhd", and is now defined in "C:/.Xilinx/BAI_531_DEM_NP_8BIT_SS_UD_4TS_XVN_HT7D_3BTN_2SW/LAM_HEP_XUNG.vhd".
WARNING:HDLParsers:3607 - Unit work/LAM_HEP_XUNG/Behavioral is now defined in a different file.  It was defined in "C:/.Xilinx/BAI_531_DEM_NP_8BIT_SS_UD_4TS_XVN_HT7D_3BTN_2W/LAM_HEP_XUNG.vhd", and is now defined in "C:/.Xilinx/BAI_531_DEM_NP_8BIT_SS_UD_4TS_XVN_HT7D_3BTN_2SW/LAM_HEP_XUNG.vhd".
Compiling vhdl file "C:/.Xilinx/BAI_531_DEM_NP_8BIT_SS_UD_4TS_XVN_HT7D_3BTN_2SW/DEBOUNCE_BTN.vhd" in Library work.
Architecture behavioral of Entity debounce_btn is up to date.
Compiling vhdl file "C:/.Xilinx/BAI_531_DEM_NP_8BIT_SS_UD_4TS_XVN_HT7D_3BTN_2SW/LAM_HEP_XUNG.vhd" in Library work.
Architecture behavioral of Entity lam_hep_xung is up to date.
Compiling vhdl file "C:/.Xilinx/BAI_531_DEM_NP_8BIT_SS_UD_4TS_XVN_HT7D_3BTN_2SW/CD_LAM_HEP_BTN.vhd" in Library work.
Architecture behavioral of Entity cd_lam_hep_btn is up to date.
Compiling vhdl file "C:/.Xilinx/BAI_531_DEM_NP_8BIT_SS_UD_4TS_XVN_HT7D_3BTN_2SW/DEM_1BIT.vhd" in Library work.
Architecture behavioral of Entity dem_1bit is up to date.
Compiling vhdl file "C:/.Xilinx/BAI_531_DEM_NP_8BIT_SS_UD_4TS_XVN_HT7D_3BTN_2SW/DEM_1BIT_BTN.vhd" in Library work.
Architecture behavioral of Entity dem_1bit_btn is up to date.

=========================================================================
*                     Design Hierarchy Analysis                         *
=========================================================================
Analyzing hierarchy for entity <DEM_1BIT_BTN> in library <work> (architecture <behavioral>).

Analyzing hierarchy for entity <CD_LAM_HEP_BTN> in library <work> (architecture <Behavioral>).

Analyzing hierarchy for entity <DEM_1BIT> in library <work> (architecture <Behavioral>).

Analyzing hierarchy for entity <DEBOUNCE_BTN> in library <work> (architecture <Behavioral>).

Analyzing hierarchy for entity <LAM_HEP_XUNG> in library <work> (architecture <Behavioral>).


=========================================================================
*                            HDL Analysis                               *
=========================================================================
Analyzing Entity <DEM_1BIT_BTN> in library <work> (Architecture <behavioral>).
Entity <DEM_1BIT_BTN> analyzed. Unit <DEM_1BIT_BTN> generated.

Analyzing Entity <CD_LAM_HEP_BTN> in library <work> (Architecture <Behavioral>).
Entity <CD_LAM_HEP_BTN> analyzed. Unit <CD_LAM_HEP_BTN> generated.

Analyzing Entity <DEBOUNCE_BTN> in library <work> (Architecture <Behavioral>).
Entity <DEBOUNCE_BTN> analyzed. Unit <DEBOUNCE_BTN> generated.

Analyzing Entity <LAM_HEP_XUNG> in library <work> (Architecture <Behavioral>).
Entity <LAM_HEP_XUNG> analyzed. Unit <LAM_HEP_XUNG> generated.

Analyzing Entity <DEM_1BIT> in library <work> (Architecture <Behavioral>).
Entity <DEM_1BIT> analyzed. Unit <DEM_1BIT> generated.


=========================================================================
*                           HDL Synthesis                               *
=========================================================================

Performing bidirectional port resolution...

Synthesizing Unit <DEM_1BIT>.
    Related source file is "C:/.Xilinx/BAI_531_DEM_NP_8BIT_SS_UD_4TS_XVN_HT7D_3BTN_2SW/DEM_1BIT.vhd".
    Found 1-bit register for signal <Q_R>.
    Summary:
	inferred   1 D-type flip-flop(s).
Unit <DEM_1BIT> synthesized.


Synthesizing Unit <DEBOUNCE_BTN>.
    Related source file is "C:/.Xilinx/BAI_531_DEM_NP_8BIT_SS_UD_4TS_XVN_HT7D_3BTN_2SW/DEBOUNCE_BTN.vhd".
    Found finite state machine <FSM_0> for signal <DB_R>.
    -----------------------------------------------------------------------
    | States             | 4                                              |
    | Transitions        | 10                                             |
    | Inputs             | 2                                              |
    | Outputs            | 5                                              |
    | Clock              | CKHT                      (falling_edge)       |
    | Power Up State     | zero                                           |
    | Encoding           | automatic                                      |
    | Implementation     | LUT                                            |
    -----------------------------------------------------------------------
    Found 20-bit register for signal <DL_R>.
    Found 20-bit subtractor for signal <DL_R$addsub0000>.
    Summary:
	inferred   1 Finite State Machine(s).
	inferred  20 D-type flip-flop(s).
	inferred   1 Adder/Subtractor(s).
Unit <DEBOUNCE_BTN> synthesized.


Synthesizing Unit <LAM_HEP_XUNG>.
    Related source file is "C:/.Xilinx/BAI_531_DEM_NP_8BIT_SS_UD_4TS_XVN_HT7D_3BTN_2SW/LAM_HEP_XUNG.vhd".
    Found 1-bit register for signal <QFF>.
    Summary:
	inferred   1 D-type flip-flop(s).
Unit <LAM_HEP_XUNG> synthesized.


Synthesizing Unit <CD_LAM_HEP_BTN>.
    Related source file is "C:/.Xilinx/BAI_531_DEM_NP_8BIT_SS_UD_4TS_XVN_HT7D_3BTN_2SW/CD_LAM_HEP_BTN.vhd".
Unit <CD_LAM_HEP_BTN> synthesized.


Synthesizing Unit <DEM_1BIT_BTN>.
    Related source file is "C:/.Xilinx/BAI_531_DEM_NP_8BIT_SS_UD_4TS_XVN_HT7D_3BTN_2SW/DEM_1BIT_BTN.vhd".
Unit <DEM_1BIT_BTN> synthesized.

INFO:Xst:1767 - HDL ADVISOR - Resource sharing has identified that some arithmetic operations in this design can share the same physical resources for reduced device utilization. For improved clock frequency you may try to disable resource sharing.

=========================================================================
HDL Synthesis Report

Macro Statistics
# Adders/Subtractors                                   : 1
 20-bit subtractor                                     : 1
# Registers                                            : 3
 1-bit register                                        : 2
 20-bit register                                       : 1

=========================================================================

=========================================================================
*                       Advanced HDL Synthesis                          *
=========================================================================

Analyzing FSM <FSM_0> for best encoding.
Optimizing FSM <U1/U1/DB_R/FSM> on signal <DB_R[1:2]> with sequential encoding.
-------------------
 State | Encoding
-------------------
 zero  | 00
 wait0 | 11
 one   | 10
 wait1 | 01
-------------------

=========================================================================
Advanced HDL Synthesis Report

Macro Statistics
# FSMs                                                 : 1
# Adders/Subtractors                                   : 1
 20-bit subtractor                                     : 1
# Registers                                            : 22
 Flip-Flops                                            : 22

=========================================================================

=========================================================================
*                         Low Level Synthesis                           *
=========================================================================

Optimizing unit <DEM_1BIT_BTN> ...

Optimizing unit <DEBOUNCE_BTN> ...

Mapping all equations...
Building and optimizing final netlist ...
Found area constraint ratio of 100 (+ 5) on block DEM_1BIT_BTN, actual ratio is 0.
FlipFlop U1/U1/DB_R_FSM_FFd2 has been replicated 1 time(s)

Final Macro Processing ...

=========================================================================
Final Register Report

Macro Statistics
# Registers                                            : 25
 Flip-Flops                                            : 25

=========================================================================

=========================================================================
*                           Partition Report                            *
=========================================================================

Partition Implementation Status
-------------------------------

  No Partitions were found in this design.

-------------------------------

=========================================================================
*                            Final Report                               *
=========================================================================
Final Results
RTL Top Level Output File Name     : DEM_1BIT_BTN.ngr
Top Level Output File Name         : DEM_1BIT_BTN
Output Format                      : NGC
Optimization Goal                  : Speed
Keep Hierarchy                     : No

Design Statistics
# IOs                              : 4

Cell Usage :
# BELS                             : 75
#      GND                         : 1
#      INV                         : 20
#      LUT1                        : 1
#      LUT2                        : 1
#      LUT3                        : 1
#      LUT4                        : 6
#      MUXCY                       : 24
#      VCC                         : 1
#      XORCY                       : 20
# FlipFlops/Latches                : 25
#      FD_1                        : 2
#      FDCE_1                      : 1
#      FDSE_1                      : 22
# Clock Buffers                    : 1
#      BUFGP                       : 1
# IO Buffers                       : 3
#      IBUF                        : 2
#      OBUF                        : 1
=========================================================================

Device utilization summary:
---------------------------

Selected Device : 3s500epq208-5 

 Number of Slices:                       16  out of   4656     0%  
 Number of Slice Flip Flops:             25  out of   9312     0%  
 Number of 4 input LUTs:                 29  out of   9312     0%  
 Number of IOs:                           4
 Number of bonded IOBs:                   4  out of    158     2%  
 Number of GCLKs:                         1  out of     24     4%  

---------------------------
Partition Resource Summary:
---------------------------

  No Partitions were found in this design.

---------------------------


=========================================================================
TIMING REPORT

NOTE: THESE TIMING NUMBERS ARE ONLY A SYNTHESIS ESTIMATE.
      FOR ACCURATE TIMING INFORMATION PLEASE REFER TO THE TRACE REPORT
      GENERATED AFTER PLACE-and-ROUTE.

Clock Information:
------------------
-----------------------------------+------------------------+-------+
Clock Signal                       | Clock buffer(FF name)  | Load  |
-----------------------------------+------------------------+-------+
CKHT                               | BUFGP                  | 25    |
-----------------------------------+------------------------+-------+

Asynchronous Control Signals Information:
----------------------------------------
-----------------------------------+------------------------+-------+
Control Signal                     | Buffer(FF name)        | Load  |
-----------------------------------+------------------------+-------+
RST                                | IBUF                   | 1     |
-----------------------------------+------------------------+-------+

Timing Summary:
---------------
Speed Grade: -5

   Minimum period: 3.956ns (Maximum Frequency: 252.784MHz)
   Minimum input arrival time before clock: 4.034ns
   Maximum output required time after clock: 4.063ns
   Maximum combinational path delay: No path found

Timing Detail:
--------------
All values displayed in nanoseconds (ns)

=========================================================================
Timing constraint: Default period analysis for Clock 'CKHT'
  Clock period: 3.956ns (frequency: 252.784MHz)
  Total number of paths / destination ports: 340 / 68
-------------------------------------------------------------------------
Delay:               3.956ns (Levels of Logic = 21)
  Source:            U1/U1/DL_R_0 (FF)
  Destination:       U1/U1/DL_R_19 (FF)
  Source Clock:      CKHT falling
  Destination Clock: CKHT falling

  Data Path: U1/U1/DL_R_0 to U1/U1/DL_R_19
                                Gate     Net
    Cell:in->out      fanout   Delay   Delay  Logical Name (Net Name)
    ----------------------------------------  ------------
     FDSE_1:C->Q           2   0.514   0.532  U1/U1/DL_R_0 (U1/U1/DL_R_0)
     LUT1:I0->O            1   0.612   0.000  U1/U1/Msub_DL_R_addsub0000_cy<0>_rt (U1/U1/Msub_DL_R_addsub0000_cy<0>_rt)
     MUXCY:S->O            1   0.404   0.000  U1/U1/Msub_DL_R_addsub0000_cy<0> (U1/U1/Msub_DL_R_addsub0000_cy<0>)
     MUXCY:CI->O           1   0.051   0.000  U1/U1/Msub_DL_R_addsub0000_cy<1> (U1/U1/Msub_DL_R_addsub0000_cy<1>)
     MUXCY:CI->O           1   0.051   0.000  U1/U1/Msub_DL_R_addsub0000_cy<2> (U1/U1/Msub_DL_R_addsub0000_cy<2>)
     MUXCY:CI->O           1   0.051   0.000  U1/U1/Msub_DL_R_addsub0000_cy<3> (U1/U1/Msub_DL_R_addsub0000_cy<3>)
     MUXCY:CI->O           1   0.051   0.000  U1/U1/Msub_DL_R_addsub0000_cy<4> (U1/U1/Msub_DL_R_addsub0000_cy<4>)
     MUXCY:CI->O           1   0.051   0.000  U1/U1/Msub_DL_R_addsub0000_cy<5> (U1/U1/Msub_DL_R_addsub0000_cy<5>)
     MUXCY:CI->O           1   0.051   0.000  U1/U1/Msub_DL_R_addsub0000_cy<6> (U1/U1/Msub_DL_R_addsub0000_cy<6>)
     MUXCY:CI->O           1   0.051   0.000  U1/U1/Msub_DL_R_addsub0000_cy<7> (U1/U1/Msub_DL_R_addsub0000_cy<7>)
     MUXCY:CI->O           1   0.051   0.000  U1/U1/Msub_DL_R_addsub0000_cy<8> (U1/U1/Msub_DL_R_addsub0000_cy<8>)
     MUXCY:CI->O           1   0.051   0.000  U1/U1/Msub_DL_R_addsub0000_cy<9> (U1/U1/Msub_DL_R_addsub0000_cy<9>)
     MUXCY:CI->O           1   0.051   0.000  U1/U1/Msub_DL_R_addsub0000_cy<10> (U1/U1/Msub_DL_R_addsub0000_cy<10>)
     MUXCY:CI->O           1   0.051   0.000  U1/U1/Msub_DL_R_addsub0000_cy<11> (U1/U1/Msub_DL_R_addsub0000_cy<11>)
     MUXCY:CI->O           1   0.051   0.000  U1/U1/Msub_DL_R_addsub0000_cy<12> (U1/U1/Msub_DL_R_addsub0000_cy<12>)
     MUXCY:CI->O           1   0.051   0.000  U1/U1/Msub_DL_R_addsub0000_cy<13> (U1/U1/Msub_DL_R_addsub0000_cy<13>)
     MUXCY:CI->O           1   0.051   0.000  U1/U1/Msub_DL_R_addsub0000_cy<14> (U1/U1/Msub_DL_R_addsub0000_cy<14>)
     MUXCY:CI->O           1   0.051   0.000  U1/U1/Msub_DL_R_addsub0000_cy<15> (U1/U1/Msub_DL_R_addsub0000_cy<15>)
     MUXCY:CI->O           1   0.051   0.000  U1/U1/Msub_DL_R_addsub0000_cy<16> (U1/U1/Msub_DL_R_addsub0000_cy<16>)
     MUXCY:CI->O           1   0.051   0.000  U1/U1/Msub_DL_R_addsub0000_cy<17> (U1/U1/Msub_DL_R_addsub0000_cy<17>)
     MUXCY:CI->O           0   0.051   0.000  U1/U1/Msub_DL_R_addsub0000_cy<18> (U1/U1/Msub_DL_R_addsub0000_cy<18>)
     XORCY:CI->O           1   0.699   0.000  U1/U1/Msub_DL_R_addsub0000_xor<19> (U1/U1/DL_R_addsub0000<19>)
     FDSE_1:D                  0.268          U1/U1/DL_R_19
    ----------------------------------------
    Total                      3.956ns (3.424ns logic, 0.532ns route)
                                       (86.6% logic, 13.4% route)

=========================================================================
Timing constraint: Default OFFSET IN BEFORE for Clock 'CKHT'
  Total number of paths / destination ports: 23 / 23
-------------------------------------------------------------------------
Offset:              4.034ns (Levels of Logic = 2)
  Source:            BTN (PAD)
  Destination:       U1/U1/DB_R_FSM_FFd2 (FF)
  Destination Clock: CKHT falling

  Data Path: BTN to U1/U1/DB_R_FSM_FFd2
                                Gate     Net
    Cell:in->out      fanout   Delay   Delay  Logical Name (Net Name)
    ----------------------------------------  ------------
     IBUF:I->O             2   1.106   0.532  BTN_IBUF (BTN_IBUF)
     LUT3:I0->O           22   0.612   0.989  U1/U1/DL_R_mux0000<0>21 (U1/U1/N11)
     FDSE_1:S                  0.795          U1/U1/DB_R_FSM_FFd2
    ----------------------------------------
    Total                      4.034ns (2.513ns logic, 1.521ns route)
                                       (62.3% logic, 37.7% route)

=========================================================================
Timing constraint: Default OFFSET OUT AFTER for Clock 'CKHT'
  Total number of paths / destination ports: 1 / 1
-------------------------------------------------------------------------
Offset:              4.063ns (Levels of Logic = 1)
  Source:            U2/Q_R (FF)
  Destination:       Q (PAD)
  Source Clock:      CKHT falling

  Data Path: U2/Q_R to Q
                                Gate     Net
    Cell:in->out      fanout   Delay   Delay  Logical Name (Net Name)
    ----------------------------------------  ------------
     FDCE_1:C->Q           2   0.514   0.380  U2/Q_R (U2/Q_R)
     OBUF:I->O                 3.169          Q_OBUF (Q)
    ----------------------------------------
    Total                      4.063ns (3.683ns logic, 0.380ns route)
                                       (90.6% logic, 9.4% route)

=========================================================================


Total REAL time to Xst completion: 5.00 secs
Total CPU time to Xst completion: 5.39 secs
 
--> 

Total memory usage is 4513384 kilobytes

Number of errors   :    0 (   0 filtered)
Number of warnings :   10 (   0 filtered)
Number of infos    :    1 (   0 filtered)

