--------------------------------------------------------------------------------
Release 14.7 Trace  (nt64)
Copyright (c) 1995-2013 Xilinx, Inc.  All rights reserved.

C:\Xilinx\14.7\ISE_DS\ISE\bin\nt64\unwrapped\trce.exe -intstyle ise -v 3 -s 5
-n 3 -fastpaths -xml DONG_HO_GPG_LCD_3KEY_NN_BELL.twx
DONG_HO_GPG_LCD_3KEY_NN_BELL.ncd -o DONG_HO_GPG_LCD_3KEY_NN_BELL.twr
DONG_HO_GPG_LCD_3KEY_NN_BELL.pcf -ucf KIT_XC3S500E_PQ208.ucf

Design file:              DONG_HO_GPG_LCD_3KEY_NN_BELL.ncd
Physical constraint file: DONG_HO_GPG_LCD_3KEY_NN_BELL.pcf
Device,package,speed:     xc3s500e,pq208,-5 (PRODUCTION 1.27 2013-10-13)
Report level:             verbose report

Environment Variable      Effect 
--------------------      ------ 
NONE                      No environment variables were set
--------------------------------------------------------------------------------

INFO:Timing:2698 - No timing constraints found, doing default enumeration.
INFO:Timing:3412 - To improve timing, see the Timing Closure User Guide (UG612).
INFO:Timing:2752 - To get complete path coverage, use the unconstrained paths 
   option. All paths that are not constrained will be reported in the 
   unconstrained paths section(s) of the report.
INFO:Timing:3339 - The clock-to-out numbers in this timing report are based on 
   a 50 Ohm transmission line loading model.  For the details of this model, 
   and for more information on accounting for different loading conditions, 
   please see the device datasheet.
INFO:Timing:3390 - This architecture does not support a default System Jitter 
   value, please add SYSTEM_JITTER constraint to the UCF to modify the Clock 
   Uncertainty calculation.
INFO:Timing:3389 - This architecture does not support 'Discrete Jitter' and 
   'Phase Error' calculations, these terms will be zero in the Clock 
   Uncertainty calculation.  Please make appropriate modification to 
   SYSTEM_JITTER to account for the unsupported Discrete Jitter and Phase 
   Error.



Data Sheet report:
-----------------
All values displayed in nanoseconds (ns)

Setup/Hold to clock CKHT
------------+------------+------------+------------------+--------+
            |Max Setup to|Max Hold to |                  | Clock  |
Source      | clk (edge) | clk (edge) |Internal Clock(s) | Phase  |
------------+------------+------------+------------------+--------+
BTN<0>      |    4.468(F)|   -0.439(F)|CKHT_BUFGP        |   0.000|
BTN<1>      |    3.180(F)|    0.196(F)|CKHT_BUFGP        |   0.000|
BTN<2>      |    3.148(F)|    0.838(F)|CKHT_BUFGP        |   0.000|
BTN<3>      |    3.846(F)|    0.295(F)|CKHT_BUFGP        |   0.000|
SW<0>       |    3.459(R)|   -0.723(R)|CKHT_BUFGP        |   0.000|
            |    5.965(F)|   -3.046(F)|CKHT_BUFGP        |   0.000|
SW<1>       |    2.964(R)|   -0.354(R)|CKHT_BUFGP        |   0.000|
            |    5.470(F)|   -2.677(F)|CKHT_BUFGP        |   0.000|
------------+------------+------------+------------------+--------+

Clock CKHT to Pad
------------+------------+------------------+--------+
            | clk (edge) |                  | Clock  |
Destination |   to PAD   |Internal Clock(s) | Phase  |
------------+------------+------------------+--------+
BELL        |    9.327(F)|CKHT_BUFGP        |   0.000|
LCD_DB<0>   |    8.268(F)|CKHT_BUFGP        |   0.000|
LCD_DB<1>   |    8.619(F)|CKHT_BUFGP        |   0.000|
LCD_DB<2>   |    8.540(F)|CKHT_BUFGP        |   0.000|
LCD_DB<3>   |    8.059(F)|CKHT_BUFGP        |   0.000|
LCD_DB<4>   |    7.650(F)|CKHT_BUFGP        |   0.000|
LCD_DB<5>   |    7.484(F)|CKHT_BUFGP        |   0.000|
LCD_DB<6>   |    7.580(F)|CKHT_BUFGP        |   0.000|
LCD_DB<7>   |    7.367(F)|CKHT_BUFGP        |   0.000|
LCD_E       |    8.432(F)|CKHT_BUFGP        |   0.000|
LCD_RS      |    7.850(F)|CKHT_BUFGP        |   0.000|
------------+------------+------------------+--------+

Clock to Setup on destination clock CKHT
---------------+---------+---------+---------+---------+
               | Src:Rise| Src:Fall| Src:Rise| Src:Fall|
Source Clock   |Dest:Rise|Dest:Rise|Dest:Fall|Dest:Fall|
---------------+---------+---------+---------+---------+
CKHT           |    7.234|    7.144|    7.127|   10.010|
---------------+---------+---------+---------+---------+

Pad to Pad
---------------+---------------+---------+
Source Pad     |Destination Pad|  Delay  |
---------------+---------------+---------+
SWP            |LCD_P          |    6.851|
---------------+---------------+---------+


Analysis completed Thu Apr 13 10:08:46 2023 
--------------------------------------------------------------------------------

Trace Settings:
-------------------------
Trace Settings 

Peak Memory Usage: 4525 MB



