--------------------------------------------------------------------------------
Release 14.7 Trace  (nt64)
Copyright (c) 1995-2013 Xilinx, Inc.  All rights reserved.

C:\Xilinx\14.7\ISE_DS\ISE\bin\nt64\unwrapped\trce.exe -intstyle ise -v 3 -s 5
-n 3 -fastpaths -xml DONG_HO_GPG_LCD_NN_BELL_DHT11.twx
DONG_HO_GPG_LCD_NN_BELL_DHT11.ncd -o DONG_HO_GPG_LCD_NN_BELL_DHT11.twr
DONG_HO_GPG_LCD_NN_BELL_DHT11.pcf -ucf KIT_XC3S500E_PQ208.ucf

Design file:              DONG_HO_GPG_LCD_NN_BELL_DHT11.ncd
Physical constraint file: DONG_HO_GPG_LCD_NN_BELL_DHT11.pcf
Device,package,speed:     xc3s500e,pq208,-5 (PRODUCTION 1.27 2013-10-13)
Report level:             verbose report

Environment Variable      Effect 
--------------------      ------ 
NONE                      No environment variables were set
--------------------------------------------------------------------------------

INFO:Timing:2698 - No timing constraints found, doing default enumeration.
INFO:Timing:3412 - To improve timing, see the Timing Closure User Guide (UG612).
INFO:Timing:2752 - To get complete path coverage, use the unconstrained paths 
   option. All paths that are not constrained will be reported in the 
   unconstrained paths section(s) of the report.
INFO:Timing:3339 - The clock-to-out numbers in this timing report are based on 
   a 50 Ohm transmission line loading model.  For the details of this model, 
   and for more information on accounting for different loading conditions, 
   please see the device datasheet.
INFO:Timing:3390 - This architecture does not support a default System Jitter 
   value, please add SYSTEM_JITTER constraint to the UCF to modify the Clock 
   Uncertainty calculation.
INFO:Timing:3389 - This architecture does not support 'Discrete Jitter' and 
   'Phase Error' calculations, these terms will be zero in the Clock 
   Uncertainty calculation.  Please make appropriate modification to 
   SYSTEM_JITTER to account for the unsupported Discrete Jitter and Phase 
   Error.



Data Sheet report:
-----------------
All values displayed in nanoseconds (ns)

Setup/Hold to clock CKHT
------------+------------+------------+------------------+--------+
            |Max Setup to|Max Hold to |                  | Clock  |
Source      | clk (edge) | clk (edge) |Internal Clock(s) | Phase  |
------------+------------+------------+------------------+--------+
BTN<0>      |    6.677(F)|    0.555(F)|CKHT_BUFGP        |   0.000|
BTN<1>      |    2.574(F)|    0.460(F)|CKHT_BUFGP        |   0.000|
BTN<2>      |    1.631(F)|    1.063(F)|CKHT_BUFGP        |   0.000|
BTN<3>      |    2.336(F)|    0.510(F)|CKHT_BUFGP        |   0.000|
DHT11       |   -0.085(F)|    1.203(F)|CKHT_BUFGP        |   0.000|
SW<0>       |    4.773(R)|   -1.911(R)|CKHT_BUFGP        |   0.000|
            |    5.735(F)|   -3.061(F)|CKHT_BUFGP        |   0.000|
SW<1>       |    4.050(R)|   -1.359(R)|CKHT_BUFGP        |   0.000|
            |    5.012(F)|   -2.509(F)|CKHT_BUFGP        |   0.000|
------------+------------+------------+------------------+--------+

Clock CKHT to Pad
------------+------------+------------------+--------+
            | clk (edge) |                  | Clock  |
Destination |   to PAD   |Internal Clock(s) | Phase  |
------------+------------+------------------+--------+
BELL        |    8.648(F)|CKHT_BUFGP        |   0.000|
DHT11       |    7.076(F)|CKHT_BUFGP        |   0.000|
LCD_DB<0>   |    8.200(F)|CKHT_BUFGP        |   0.000|
LCD_DB<1>   |    7.828(F)|CKHT_BUFGP        |   0.000|
LCD_DB<2>   |    8.613(F)|CKHT_BUFGP        |   0.000|
LCD_DB<3>   |    8.108(F)|CKHT_BUFGP        |   0.000|
LCD_DB<4>   |    8.062(F)|CKHT_BUFGP        |   0.000|
LCD_DB<5>   |    7.244(F)|CKHT_BUFGP        |   0.000|
LCD_DB<6>   |    7.493(F)|CKHT_BUFGP        |   0.000|
LCD_DB<7>   |    7.502(F)|CKHT_BUFGP        |   0.000|
LCD_E       |    6.986(F)|CKHT_BUFGP        |   0.000|
LCD_RS      |    7.228(F)|CKHT_BUFGP        |   0.000|
------------+------------+------------------+--------+

Clock to Setup on destination clock CKHT
---------------+---------+---------+---------+---------+
               | Src:Rise| Src:Fall| Src:Rise| Src:Fall|
Source Clock   |Dest:Rise|Dest:Rise|Dest:Fall|Dest:Fall|
---------------+---------+---------+---------+---------+
CKHT           |    6.956|    7.903|    7.797|   14.716|
---------------+---------+---------+---------+---------+

Pad to Pad
---------------+---------------+---------+
Source Pad     |Destination Pad|  Delay  |
---------------+---------------+---------+
SWP            |LCD_P          |    6.851|
---------------+---------------+---------+


Analysis completed Thu Apr 13 11:06:02 2023 
--------------------------------------------------------------------------------

Trace Settings:
-------------------------
Trace Settings 

Peak Memory Usage: 4525 MB



