Release 14.7 - xst P.20131013 (lin64)
Copyright (c) 1995-2013 Xilinx, Inc.  All rights reserved.
--> 
Parameter TMPDIR set to xst/projnav.tmp


Total REAL time to Xst completion: 0.00 secs
Total CPU time to Xst completion: 0.04 secs
 
--> 
Parameter xsthdpdir set to xst


Total REAL time to Xst completion: 0.00 secs
Total CPU time to Xst completion: 0.04 secs
 
--> 
Reading design: chia_10xung_ena1hz_ena1mhz.prj

TABLE OF CONTENTS
  1) Synthesis Options Summary
  2) HDL Compilation
  3) Design Hierarchy Analysis
  4) HDL Analysis
  5) HDL Synthesis
     5.1) HDL Synthesis Report
  6) Advanced HDL Synthesis
     6.1) Advanced HDL Synthesis Report
  7) Low Level Synthesis
  8) Partition Report
  9) Final Report
	9.1) Device utilization summary
	9.2) Partition Resource Summary
	9.3) TIMING REPORT


=========================================================================
*                      Synthesis Options Summary                        *
=========================================================================
---- Source Parameters
Input File Name                    : "chia_10xung_ena1hz_ena1mhz.prj"
Input Format                       : mixed
Ignore Synthesis Constraint File   : NO

---- Target Parameters
Output File Name                   : "chia_10xung_ena1hz_ena1mhz"
Output Format                      : NGC
Target Device                      : xc3s500e-5-pq208

---- Source Options
Top Module Name                    : chia_10xung_ena1hz_ena1mhz
Automatic FSM Extraction           : YES
FSM Encoding Algorithm             : Auto
Safe Implementation                : No
FSM Style                          : LUT
RAM Extraction                     : Yes
RAM Style                          : Auto
ROM Extraction                     : Yes
Mux Style                          : Auto
Decoder Extraction                 : YES
Priority Encoder Extraction        : Yes
Shift Register Extraction          : YES
Logical Shifter Extraction         : YES
XOR Collapsing                     : YES
ROM Style                          : Auto
Mux Extraction                     : Yes
Resource Sharing                   : YES
Asynchronous To Synchronous        : NO
Multiplier Style                   : Auto
Automatic Register Balancing       : No

---- Target Options
Add IO Buffers                     : YES
Global Maximum Fanout              : 500
Add Generic Clock Buffer(BUFG)     : 24
Register Duplication               : YES
Slice Packing                      : YES
Optimize Instantiated Primitives   : NO
Use Clock Enable                   : Yes
Use Synchronous Set                : Yes
Use Synchronous Reset              : Yes
Pack IO Registers into IOBs        : Auto
Equivalent register Removal        : YES

---- General Options
Optimization Goal                  : Speed
Optimization Effort                : 1
Keep Hierarchy                     : No
Netlist Hierarchy                  : As_Optimized
RTL Output                         : Yes
Global Optimization                : AllClockNets
Read Cores                         : YES
Write Timing Constraints           : NO
Cross Clock Analysis               : NO
Hierarchy Separator                : /
Bus Delimiter                      : <>
Case Specifier                     : Maintain
Slice Utilization Ratio            : 100
BRAM Utilization Ratio             : 100
Verilog 2001                       : YES
Auto BRAM Packing                  : NO
Slice Utilization Ratio Delta      : 5

=========================================================================


=========================================================================
*                          HDL Compilation                              *
=========================================================================
Compiling vhdl file "/home/ise/BT_ISE_XILINX/bai_413_chia_10xung_ena1hz_ena1mhz/chia_10ena.vhd" in Library work.
Architecture behavioral of Entity chia_10ena is up to date.
Compiling vhdl file "/home/ise/BT_ISE_XILINX/bai_413_chia_10xung_ena1hz_ena1mhz/chia_10xung_ena1hz_ena1mhz.vhd" in Library work.
Architecture behavioral of Entity chia_10xung_ena1hz_ena1mhz is up to date.

=========================================================================
*                     Design Hierarchy Analysis                         *
=========================================================================
Analyzing hierarchy for entity <chia_10xung_ena1hz_ena1mhz> in library <work> (architecture <behavioral>).

Analyzing hierarchy for entity <chia_10ena> in library <work> (architecture <Behavioral>).


=========================================================================
*                            HDL Analysis                               *
=========================================================================
Analyzing Entity <chia_10xung_ena1hz_ena1mhz> in library <work> (Architecture <behavioral>).
Entity <chia_10xung_ena1hz_ena1mhz> analyzed. Unit <chia_10xung_ena1hz_ena1mhz> generated.

Analyzing Entity <chia_10ena> in library <work> (Architecture <Behavioral>).
Entity <chia_10ena> analyzed. Unit <chia_10ena> generated.


=========================================================================
*                           HDL Synthesis                               *
=========================================================================

Performing bidirectional port resolution...

Synthesizing Unit <chia_10ena>.
    Related source file is "/home/ise/BT_ISE_XILINX/bai_413_chia_10xung_ena1hz_ena1mhz/chia_10ena.vhd".
    Found 19-bit adder for signal <d100hz_n$addsub0000> created at line 77.
    Found 19-bit register for signal <d100hz_r>.
    Found 23-bit adder for signal <d10hz_n$addsub0000> created at line 85.
    Found 23-bit register for signal <d10hz_r>.
    Found 26-bit adder for signal <d1hz_n$addsub0000> created at line 91.
    Found 26-bit register for signal <d1hz_r>.
    Found 16-bit adder for signal <d1khz_n$addsub0000> created at line 75.
    Found 16-bit register for signal <d1khz_r>.
    Found 6-bit adder for signal <d1mhz_n$addsub0000> created at line 73.
    Found 6-bit register for signal <d1mhz_r>.
    Found 22-bit adder for signal <d20hz_n$addsub0000> created at line 83.
    Found 22-bit register for signal <d20hz_r>.
    Found 21-bit adder for signal <d25hz_n$addsub0000> created at line 81.
    Found 21-bit register for signal <d25hz_r>.
    Found 25-bit adder for signal <d2hz_n$addsub0000> created at line 89.
    Found 25-bit register for signal <d2hz_r>.
    Found 20-bit adder for signal <d50hz_n$addsub0000> created at line 79.
    Found 20-bit register for signal <d50hz_r>.
    Found 24-bit adder for signal <d5hz_n$addsub0000> created at line 87.
    Found 24-bit register for signal <d5hz_r>.
    Summary:
	inferred 202 D-type flip-flop(s).
	inferred  10 Adder/Subtractor(s).
Unit <chia_10ena> synthesized.


Synthesizing Unit <chia_10xung_ena1hz_ena1mhz>.
    Related source file is "/home/ise/BT_ISE_XILINX/bai_413_chia_10xung_ena1hz_ena1mhz/chia_10xung_ena1hz_ena1mhz.vhd".
Unit <chia_10xung_ena1hz_ena1mhz> synthesized.


=========================================================================
HDL Synthesis Report

Macro Statistics
# Adders/Subtractors                                   : 10
 16-bit adder                                          : 1
 19-bit adder                                          : 1
 20-bit adder                                          : 1
 21-bit adder                                          : 1
 22-bit adder                                          : 1
 23-bit adder                                          : 1
 24-bit adder                                          : 1
 25-bit adder                                          : 1
 26-bit adder                                          : 1
 6-bit adder                                           : 1
# Registers                                            : 10
 16-bit register                                       : 1
 19-bit register                                       : 1
 20-bit register                                       : 1
 21-bit register                                       : 1
 22-bit register                                       : 1
 23-bit register                                       : 1
 24-bit register                                       : 1
 25-bit register                                       : 1
 26-bit register                                       : 1
 6-bit register                                        : 1

=========================================================================

=========================================================================
*                       Advanced HDL Synthesis                          *
=========================================================================


=========================================================================
Advanced HDL Synthesis Report

Macro Statistics
# Adders/Subtractors                                   : 10
 16-bit adder                                          : 1
 19-bit adder                                          : 1
 20-bit adder                                          : 1
 21-bit adder                                          : 1
 22-bit adder                                          : 1
 23-bit adder                                          : 1
 24-bit adder                                          : 1
 25-bit adder                                          : 1
 26-bit adder                                          : 1
 6-bit adder                                           : 1
# Registers                                            : 202
 Flip-Flops                                            : 202

=========================================================================

=========================================================================
*                         Low Level Synthesis                           *
=========================================================================

Optimizing unit <chia_10xung_ena1hz_ena1mhz> ...

Optimizing unit <chia_10ena> ...

Mapping all equations...
Building and optimizing final netlist ...
Found area constraint ratio of 100 (+ 5) on block chia_10xung_ena1hz_ena1mhz, actual ratio is 3.

Final Macro Processing ...

=========================================================================
Final Register Report

Macro Statistics
# Registers                                            : 202
 Flip-Flops                                            : 202

=========================================================================

=========================================================================
*                           Partition Report                            *
=========================================================================

Partition Implementation Status
-------------------------------

  No Partitions were found in this design.

-------------------------------

=========================================================================
*                            Final Report                               *
=========================================================================
Final Results
RTL Top Level Output File Name     : chia_10xung_ena1hz_ena1mhz.ngr
Top Level Output File Name         : chia_10xung_ena1hz_ena1mhz
Output Format                      : NGC
Optimization Goal                  : Speed
Keep Hierarchy                     : No

Design Statistics
# IOs                              : 11

Cell Usage :
# BELS                             : 691
#      GND                         : 1
#      INV                         : 10
#      LUT1                        : 187
#      LUT2                        : 6
#      LUT3                        : 14
#      LUT3_D                      : 2
#      LUT3_L                      : 1
#      LUT4                        : 77
#      LUT4_D                      : 5
#      LUT4_L                      : 4
#      MUXCY                       : 187
#      VCC                         : 1
#      XORCY                       : 196
# FlipFlops/Latches                : 202
#      FD_1                        : 1
#      FDR_1                       : 201
# Clock Buffers                    : 1
#      BUFGP                       : 1
# IO Buffers                       : 10
#      OBUF                        : 10
=========================================================================

Device utilization summary:
---------------------------

Selected Device : 3s500epq208-5 

 Number of Slices:                      161  out of   4656     3%  
 Number of Slice Flip Flops:            202  out of   9312     2%  
 Number of 4 input LUTs:                306  out of   9312     3%  
 Number of IOs:                          11
 Number of bonded IOBs:                  11  out of    158     6%  
 Number of GCLKs:                         1  out of     24     4%  

---------------------------
Partition Resource Summary:
---------------------------

  No Partitions were found in this design.

---------------------------


=========================================================================
TIMING REPORT

NOTE: THESE TIMING NUMBERS ARE ONLY A SYNTHESIS ESTIMATE.
      FOR ACCURATE TIMING INFORMATION PLEASE REFER TO THE TRACE REPORT
      GENERATED AFTER PLACE-and-ROUTE.

Clock Information:
------------------
-----------------------------------+------------------------+-------+
Clock Signal                       | Clock buffer(FF name)  | Load  |
-----------------------------------+------------------------+-------+
ckht                               | BUFGP                  | 202   |
-----------------------------------+------------------------+-------+

Asynchronous Control Signals Information:
----------------------------------------
No asynchronous control signals found in this design

Timing Summary:
---------------
Speed Grade: -5

   Minimum period: 5.550ns (Maximum Frequency: 180.177MHz)
   Minimum input arrival time before clock: No path found
   Maximum output required time after clock: 7.426ns
   Maximum combinational path delay: No path found

Timing Detail:
--------------
All values displayed in nanoseconds (ns)

=========================================================================
Timing constraint: Default period analysis for Clock 'ckht'
  Clock period: 5.550ns (frequency: 180.177MHz)
  Total number of paths / destination ports: 6671 / 403
-------------------------------------------------------------------------
Delay:               5.550ns (Levels of Logic = 3)
  Source:            IC1/d5hz_r_19 (FF)
  Destination:       IC1/d5hz_r_23 (FF)
  Source Clock:      ckht falling
  Destination Clock: ckht falling

  Data Path: IC1/d5hz_r_19 to IC1/d5hz_r_23
                                Gate     Net
    Cell:in->out      fanout   Delay   Delay  Logical Name (Net Name)
    ----------------------------------------  ------------
     FDR_1:C->Q            2   0.514   0.532  IC1/d5hz_r_19 (IC1/d5hz_r_19)
     LUT4:I0->O            1   0.612   0.426  IC1/d5hz_n_cmp_eq0000123 (IC1/d5hz_n_cmp_eq0000123)
     LUT3:I1->O            2   0.612   0.383  IC1/d5hz_n_cmp_eq0000149 (IC1/N3)
     LUT4:I3->O           24   0.612   1.064  IC1/d5hz_n_cmp_eq000063 (IC1/d5hz_n_cmp_eq0000)
     FDR_1:R                   0.795          IC1/d5hz_r_23
    ----------------------------------------
    Total                      5.550ns (3.145ns logic, 2.405ns route)
                                       (56.7% logic, 43.3% route)

=========================================================================
Timing constraint: Default OFFSET OUT AFTER for Clock 'ckht'
  Total number of paths / destination ports: 202 / 10
-------------------------------------------------------------------------
Offset:              7.426ns (Levels of Logic = 4)
  Source:            IC1/d100hz_r_17 (FF)
  Destination:       led<7> (PAD)
  Source Clock:      ckht falling

  Data Path: IC1/d100hz_r_17 to led<7>
                                Gate     Net
    Cell:in->out      fanout   Delay   Delay  Logical Name (Net Name)
    ----------------------------------------  ------------
     FDR_1:C->Q            2   0.514   0.532  IC1/d100hz_r_17 (IC1/d100hz_r_17)
     LUT3:I0->O            1   0.612   0.509  IC1/d100hz_n_cmp_eq0000141 (IC1/d100hz_n_cmp_eq0000141)
     LUT3_D:I0->O          1   0.612   0.509  IC1/d100hz_n_cmp_eq0000140 (IC1/N5)
     LUT3:I0->O            1   0.612   0.357  IC1/ena100hz_cmp_eq000034 (led_7_OBUF)
     OBUF:I->O                 3.169          led_7_OBUF (led<7>)
    ----------------------------------------
    Total                      7.426ns (5.519ns logic, 1.907ns route)
                                       (74.3% logic, 25.7% route)

=========================================================================


Total REAL time to Xst completion: 8.00 secs
Total CPU time to Xst completion: 8.08 secs
 
--> 


Total memory usage is 619304 kilobytes

Number of errors   :    0 (   0 filtered)
Number of warnings :    0 (   0 filtered)
Number of infos    :    0 (   0 filtered)

