--------------------------------------------------------------------------------
Release 14.7 Trace  (nt64)
Copyright (c) 1995-2013 Xilinx, Inc.  All rights reserved.

C:\Xilinx\14.7\ISE_DS\ISE\bin\nt64\unwrapped\trce.exe -intstyle ise -v 3 -s 5
-n 3 -fastpaths -xml DO_ND_DS18B20_CGH_SSND_2BTN.twx
DO_ND_DS18B20_CGH_SSND_2BTN.ncd -o DO_ND_DS18B20_CGH_SSND_2BTN.twr
DO_ND_DS18B20_CGH_SSND_2BTN.pcf -ucf KIT_XC3S500E_PQ208.ucf

Design file:              DO_ND_DS18B20_CGH_SSND_2BTN.ncd
Physical constraint file: DO_ND_DS18B20_CGH_SSND_2BTN.pcf
Device,package,speed:     xc3s500e,pq208,-5 (PRODUCTION 1.27 2013-10-13)
Report level:             verbose report

Environment Variable      Effect 
--------------------      ------ 
NONE                      No environment variables were set
--------------------------------------------------------------------------------

INFO:Timing:2698 - No timing constraints found, doing default enumeration.
INFO:Timing:3412 - To improve timing, see the Timing Closure User Guide (UG612).
INFO:Timing:2752 - To get complete path coverage, use the unconstrained paths 
   option. All paths that are not constrained will be reported in the 
   unconstrained paths section(s) of the report.
INFO:Timing:3339 - The clock-to-out numbers in this timing report are based on 
   a 50 Ohm transmission line loading model.  For the details of this model, 
   and for more information on accounting for different loading conditions, 
   please see the device datasheet.
INFO:Timing:3390 - This architecture does not support a default System Jitter 
   value, please add SYSTEM_JITTER constraint to the UCF to modify the Clock 
   Uncertainty calculation.
INFO:Timing:3389 - This architecture does not support 'Discrete Jitter' and 
   'Phase Error' calculations, these terms will be zero in the Clock 
   Uncertainty calculation.  Please make appropriate modification to 
   SYSTEM_JITTER to account for the unsupported Discrete Jitter and Phase 
   Error.



Data Sheet report:
-----------------
All values displayed in nanoseconds (ns)

Setup/Hold to clock CKHT
------------+------------+------------+------------------+--------+
            |Max Setup to|Max Hold to |                  | Clock  |
Source      | clk (edge) | clk (edge) |Internal Clock(s) | Phase  |
------------+------------+------------+------------------+--------+
BTN<0>      |    5.198(R)|   -0.931(R)|CKHT_BUFGP        |   0.000|
BTN<1>      |    2.872(F)|    0.940(F)|CKHT_BUFGP        |   0.000|
BTN<2>      |    1.698(F)|    0.937(F)|CKHT_BUFGP        |   0.000|
DS18B20     |    1.751(R)|    0.398(R)|CKHT_BUFGP        |   0.000|
------------+------------+------------+------------------+--------+

Clock CKHT to Pad
------------+------------+------------------+--------+
            | clk (edge) |                  | Clock  |
Destination |   to PAD   |Internal Clock(s) | Phase  |
------------+------------+------------------+--------+
BELL        |   12.416(R)|CKHT_BUFGP        |   0.000|
            |   12.844(F)|CKHT_BUFGP        |   0.000|
CATHODE<0>  |    8.878(F)|CKHT_BUFGP        |   0.000|
CATHODE<1>  |    9.269(F)|CKHT_BUFGP        |   0.000|
CATHODE<2>  |    8.546(F)|CKHT_BUFGP        |   0.000|
CATHODE<3>  |    8.719(F)|CKHT_BUFGP        |   0.000|
CATHODE<4>  |    8.217(F)|CKHT_BUFGP        |   0.000|
CATHODE<5>  |    8.259(F)|CKHT_BUFGP        |   0.000|
CATHODE<6>  |    8.203(F)|CKHT_BUFGP        |   0.000|
CATHODE<7>  |    8.563(F)|CKHT_BUFGP        |   0.000|
DS18B20     |    8.122(R)|CKHT_BUFGP        |   0.000|
LED<0>      |    7.312(R)|CKHT_BUFGP        |   0.000|
LED<1>      |    7.195(R)|CKHT_BUFGP        |   0.000|
LED<2>      |    7.210(R)|CKHT_BUFGP        |   0.000|
LED<3>      |    7.275(R)|CKHT_BUFGP        |   0.000|
LED<4>      |    7.124(F)|CKHT_BUFGP        |   0.000|
LED<5>      |    7.529(F)|CKHT_BUFGP        |   0.000|
SSEG<0>     |   18.866(R)|CKHT_BUFGP        |   0.000|
            |   13.982(F)|CKHT_BUFGP        |   0.000|
SSEG<1>     |   19.113(R)|CKHT_BUFGP        |   0.000|
            |   14.229(F)|CKHT_BUFGP        |   0.000|
SSEG<2>     |   18.840(R)|CKHT_BUFGP        |   0.000|
            |   13.956(F)|CKHT_BUFGP        |   0.000|
SSEG<3>     |   18.898(R)|CKHT_BUFGP        |   0.000|
            |   14.014(F)|CKHT_BUFGP        |   0.000|
SSEG<4>     |   18.957(R)|CKHT_BUFGP        |   0.000|
            |   14.073(F)|CKHT_BUFGP        |   0.000|
SSEG<5>     |   19.322(R)|CKHT_BUFGP        |   0.000|
            |   14.438(F)|CKHT_BUFGP        |   0.000|
SSEG<6>     |   19.087(R)|CKHT_BUFGP        |   0.000|
            |   14.203(F)|CKHT_BUFGP        |   0.000|
SSEG<7>     |   15.408(R)|CKHT_BUFGP        |   0.000|
            |   10.609(F)|CKHT_BUFGP        |   0.000|
------------+------------+------------------+--------+

Clock to Setup on destination clock CKHT
---------------+---------+---------+---------+---------+
               | Src:Rise| Src:Fall| Src:Rise| Src:Fall|
Source Clock   |Dest:Rise|Dest:Rise|Dest:Fall|Dest:Fall|
---------------+---------+---------+---------+---------+
CKHT           |    7.007|         |         |    6.898|
---------------+---------+---------+---------+---------+

Pad to Pad
---------------+---------------+---------+
Source Pad     |Destination Pad|  Delay  |
---------------+---------------+---------+
SW<0>          |BELL           |    8.438|
SW<1>          |TRIAC          |    5.400|
---------------+---------------+---------+


Analysis completed Thu Apr 06 08:26:19 2023 
--------------------------------------------------------------------------------

Trace Settings:
-------------------------
Trace Settings 

Peak Memory Usage: 4509 MB



